[2026-02-19 03:07:11] flarum.ERROR: Symfony\Component\Console\Exception\CommandNotFoundException: Command "extension:list" is not defined.

Did you mean one of these?
    extension:disable
    extension:enable
    schedule:list in /var/www/flarum/vendor/symfony/console/Application.php:720
Stack trace:
#0 /var/www/flarum/vendor/symfony/console/Application.php(259): Symfony\Component\Console\Application->find()
#1 /var/www/flarum/vendor/symfony/console/Application.php(171): Symfony\Component\Console\Application->doRun()
#2 /var/www/flarum/vendor/flarum/core/src/Console/Server.php(42): Symfony\Component\Console\Application->run()
#3 /var/www/flarum/flarum(24): Flarum\Console\Server->listen()
#4 {main}  
[2026-02-19 03:07:13] flarum.ERROR: Symfony\Component\Console\Exception\CommandNotFoundException: Command "extension:list" is not defined.

Did you mean one of these?
    extension:disable
    extension:enable
    schedule:list in /var/www/flarum/vendor/symfony/console/Application.php:720
Stack trace:
#0 /var/www/flarum/vendor/symfony/console/Application.php(259): Symfony\Component\Console\Application->find()
#1 /var/www/flarum/vendor/symfony/console/Application.php(171): Symfony\Component\Console\Application->doRun()
#2 /var/www/flarum/vendor/flarum/core/src/Console/Server.php(42): Symfony\Component\Console\Application->run()
#3 /var/www/flarum/flarum(24): Flarum\Console\Server->listen()
#4 {main}  
[2026-02-19 03:18:55] flarum.ERROR: TypeError: Flarum\Akismet\Akismet::__construct(): Argument #1 ($apiKey) must be of type string, null given, called in /var/www/flarum/vendor/flarum/akismet/src/Provider/AkismetProvider.php on line 37 and defined in /var/www/flarum/vendor/flarum/akismet/src/Akismet.php:25
Stack trace:
#0 /var/www/flarum/vendor/flarum/akismet/src/Provider/AkismetProvider.php(37): Flarum\Akismet\Akismet->__construct()
#1 /var/www/flarum/vendor/illuminate/container/Container.php(873): Flarum\Akismet\Provider\AkismetProvider->Flarum\Akismet\Provider\{closure}()
#2 /var/www/flarum/vendor/illuminate/container/Container.php(758): Illuminate\Container\Container->build()
#3 /var/www/flarum/vendor/illuminate/container/Container.php(694): Illuminate\Container\Container->resolve()
#4 /var/www/flarum/vendor/illuminate/container/Container.php(1027): Illuminate\Container\Container->make()
#5 /var/www/flarum/vendor/illuminate/container/Container.php(947): Illuminate\Container\Container->resolveClass()
#6 /var/www/flarum/vendor/illuminate/container/Container.php(908): Illuminate\Container\Container->resolveDependencies()
#7 /var/www/flarum/vendor/illuminate/container/Container.php(758): Illuminate\Container\Container->build()
#8 /var/www/flarum/vendor/illuminate/container/Container.php(694): Illuminate\Container\Container->resolve()
#9 /var/www/flarum/vendor/illuminate/events/Dispatcher.php(448): Illuminate\Container\Container->make()
#10 /var/www/flarum/vendor/illuminate/events/Dispatcher.php(422): Illuminate\Events\Dispatcher->createClassCallable()
#11 /var/www/flarum/vendor/illuminate/events/Dispatcher.php(249): Illuminate\Events\Dispatcher->Illuminate\Events\{closure}()
#12 /var/www/flarum/vendor/flarum/core/src/Post/Command/PostReplyHandler.php(96): Illuminate\Events\Dispatcher->dispatch()
#13 /var/www/flarum/vendor/illuminate/bus/Dispatcher.php(122): Flarum\Post\Command\PostReplyHandler->handle()
#14 /var/www/flarum/vendor/illuminate/pipeline/Pipeline.php(128): Illuminate\Bus\Dispatcher->Illuminate\Bus\{closure}()
#15 /var/www/flarum/vendor/illuminate/pipeline/Pipeline.php(103): Illuminate\Pipeline\Pipeline->Illuminate\Pipeline\{closure}()
#16 /var/www/flarum/vendor/illuminate/bus/Dispatcher.php(132): Illuminate\Pipeline\Pipeline->then()
#17 /var/www/flarum/vendor/illuminate/bus/Dispatcher.php(78): Illuminate\Bus\Dispatcher->dispatchNow()
#18 /var/www/flarum/vendor/flarum/core/src/Api/Controller/CreatePostController.php(61): Illuminate\Bus\Dispatcher->dispatch()
#19 /var/www/flarum/vendor/flarum/core/src/Api/Controller/AbstractSerializeController.php(116): Flarum\Api\Controller\CreatePostController->data()
#20 /var/www/flarum/vendor/flarum/core/src/Api/Controller/AbstractCreateController.php(22): Flarum\Api\Controller\AbstractSerializeController->handle()
#21 /var/www/flarum/vendor/flarum/core/src/Http/RouteHandlerFactory.php(41): Flarum\Api\Controller\AbstractCreateController->handle()
#22 /var/www/flarum/vendor/flarum/core/src/Http/Middleware/ExecuteRoute.php(27): Flarum\Http\RouteHandlerFactory->Flarum\Http\{closure}()
#23 /var/www/flarum/vendor/laminas/laminas-stratigility/src/Next.php(49): Flarum\Http\Middleware\ExecuteRoute->process()
#24 /var/www/flarum/vendor/flarum/core/src/Api/Middleware/ThrottleApi.php(33): Laminas\Stratigility\Next->handle()
#25 /var/www/flarum/vendor/laminas/laminas-stratigility/src/Next.php(49): Flarum\Api\Middleware\ThrottleApi->process()
#26 /var/www/flarum/vendor/flarum/core/src/Http/Middleware/CheckCsrfToken.php(44): Laminas\Stratigility\Next->handle()
#27 /var/www/flarum/vendor/laminas/laminas-stratigility/src/Next.php(49): Flarum\Http\Middleware\CheckCsrfToken->process()
#28 /var/www/flarum/vendor/flarum/core/src/Http/Middleware/ResolveRoute.php(69): Laminas\Stratigility\Next->handle()
#29 /var/www/flarum/vendor/laminas/laminas-stratigility/src/Next.php(49): Flarum\Http\Middleware\ResolveRoute->process()
#30 /var/www/flarum/vendor/flarum/core/src/Http/Middleware/SetLocale.php(51): Laminas\Stratigility\Next->handle()
#31 /var/www/flarum/vendor/laminas/laminas-stratigility/src/Next.php(49): Flarum\Http\Middleware\SetLocale->process()
#32 /var/www/flarum/vendor/flarum/core/src/Http/Middleware/AuthenticateWithHeader.php(58): Laminas\Stratigility\Next->handle()
#33 /var/www/flarum/vendor/laminas/laminas-stratigility/src/Next.php(49): Flarum\Http\Middleware\AuthenticateWithHeader->process()
#34 /var/www/flarum/vendor/flarum/core/src/Http/Middleware/AuthenticateWithSession.php(31): Laminas\Stratigility\Next->handle()
#35 /var/www/flarum/vendor/laminas/laminas-stratigility/src/Next.php(49): Flarum\Http\Middleware\AuthenticateWithSession->process()
#36 /var/www/flarum/vendor/flarum/core/src/Http/Middleware/RememberFromCookie.php(63): Laminas\Stratigility\Next->handle()
#37 /var/www/flarum/vendor/laminas/laminas-stratigility/src/Next.php(49): Flarum\Http\Middleware\RememberFromCookie->process()
#38 /var/www/flarum/vendor/flarum/core/src/Http/Middleware/StartSession.php(61): Laminas\Stratigility\Next->handle()
#39 /var/www/flarum/vendor/laminas/laminas-stratigility/src/Next.php(49): Flarum\Http\Middleware\StartSession->process()
#40 /var/www/flarum/vendor/flarum/core/src/Api/Middleware/FakeHttpMethods.php(29): Laminas\Stratigility\Next->handle()
#41 /var/www/flarum/vendor/laminas/laminas-stratigility/src/Next.php(49): Flarum\Api\Middleware\FakeHttpMethods->process()
#42 /var/www/flarum/vendor/flarum/core/src/Http/Middleware/ParseJsonBody.php(28): Laminas\Stratigility\Next->handle()
#43 /var/www/flarum/vendor/laminas/laminas-stratigility/src/Next.php(49): Flarum\Http\Middleware\ParseJsonBody->process()
#44 /var/www/flarum/vendor/flarum/core/src/Http/Middleware/HandleErrors.php(57): Laminas\Stratigility\Next->handle()
#45 /var/www/flarum/vendor/laminas/laminas-stratigility/src/Next.php(49): Flarum\Http\Middleware\HandleErrors->process()
#46 /var/www/flarum/vendor/flarum/core/src/Http/Middleware/InjectActorReference.php(25): Laminas\Stratigility\Next->handle()
#47 /var/www/flarum/vendor/laminas/laminas-stratigility/src/Next.php(49): Flarum\Http\Middleware\InjectActorReference->process()
#48 /var/www/flarum/vendor/laminas/laminas-stratigility/src/MiddlewarePipe.php(81): Laminas\Stratigility\Next->handle()
#49 /var/www/flarum/vendor/middlewares/request-handler/src/RequestHandler.php(84): Laminas\Stratigility\MiddlewarePipe->process()
#50 /var/www/flarum/vendor/laminas/laminas-stratigility/src/Next.php(49): Middlewares\RequestHandler->process()
#51 /var/www/flarum/vendor/middlewares/base-path-router/src/BasePathRouter.php(97): Laminas\Stratigility\Next->handle()
#52 /var/www/flarum/vendor/laminas/laminas-stratigility/src/Next.php(49): Middlewares\BasePathRouter->process()
#53 /var/www/flarum/vendor/laminas/laminas-stratigility/src/Middleware/OriginalMessages.php(36): Laminas\Stratigility\Next->handle()
#54 /var/www/flarum/vendor/laminas/laminas-stratigility/src/Next.php(49): Laminas\Stratigility\Middleware\OriginalMessages->process()
#55 /var/www/flarum/vendor/middlewares/base-path/src/BasePath.php(73): Laminas\Stratigility\Next->handle()
#56 /var/www/flarum/vendor/laminas/laminas-stratigility/src/Next.php(49): Middlewares\BasePath->process()
#57 /var/www/flarum/vendor/flarum/core/src/Http/Middleware/ProcessIp.php(24): Laminas\Stratigility\Next->handle()
#58 /var/www/flarum/vendor/laminas/laminas-stratigility/src/Next.php(49): Flarum\Http\Middleware\ProcessIp->process()
#59 /var/www/flarum/vendor/laminas/laminas-stratigility/src/MiddlewarePipe.php(81): Laminas\Stratigility\Next->handle()
#60 /var/www/flarum/vendor/laminas/laminas-stratigility/src/MiddlewarePipe.php(70): Laminas\Stratigility\MiddlewarePipe->process()
#61 /var/www/flarum/vendor/laminas/laminas-httphandlerrunner/src/RequestHandlerRunner.php(73): Laminas\Stratigility\MiddlewarePipe->handle()
#62 /var/www/flarum/vendor/flarum/core/src/Http/Server.php(45): Laminas\HttpHandlerRunner\RequestHandlerRunner->run()
#63 /var/www/flarum/public/index.php(26): Flarum\Http\Server->listen()
#64 {main}  
[2026-02-19 03:21:02] flarum.ERROR: TypeError: Flarum\Akismet\Akismet::__construct(): Argument #1 ($apiKey) must be of type string, null given, called in /var/www/flarum/vendor/flarum/akismet/src/Provider/AkismetProvider.php on line 37 and defined in /var/www/flarum/vendor/flarum/akismet/src/Akismet.php:25
Stack trace:
#0 /var/www/flarum/vendor/flarum/akismet/src/Provider/AkismetProvider.php(37): Flarum\Akismet\Akismet->__construct()
#1 /var/www/flarum/vendor/illuminate/container/Container.php(873): Flarum\Akismet\Provider\AkismetProvider->Flarum\Akismet\Provider\{closure}()
#2 /var/www/flarum/vendor/illuminate/container/Container.php(758): Illuminate\Container\Container->build()
#3 /var/www/flarum/vendor/illuminate/container/Container.php(694): Illuminate\Container\Container->resolve()
#4 /var/www/flarum/vendor/illuminate/container/Container.php(1027): Illuminate\Container\Container->make()
#5 /var/www/flarum/vendor/illuminate/container/Container.php(947): Illuminate\Container\Container->resolveClass()
#6 /var/www/flarum/vendor/illuminate/container/Container.php(908): Illuminate\Container\Container->resolveDependencies()
#7 /var/www/flarum/vendor/illuminate/container/Container.php(758): Illuminate\Container\Container->build()
#8 /var/www/flarum/vendor/illuminate/container/Container.php(694): Illuminate\Container\Container->resolve()
#9 /var/www/flarum/vendor/illuminate/events/Dispatcher.php(448): Illuminate\Container\Container->make()
#10 /var/www/flarum/vendor/illuminate/events/Dispatcher.php(422): Illuminate\Events\Dispatcher->createClassCallable()
#11 /var/www/flarum/vendor/illuminate/events/Dispatcher.php(249): Illuminate\Events\Dispatcher->Illuminate\Events\{closure}()
#12 /var/www/flarum/vendor/flarum/core/src/Post/Command/PostReplyHandler.php(96): Illuminate\Events\Dispatcher->dispatch()
#13 /var/www/flarum/vendor/illuminate/bus/Dispatcher.php(122): Flarum\Post\Command\PostReplyHandler->handle()
#14 /var/www/flarum/vendor/illuminate/pipeline/Pipeline.php(128): Illuminate\Bus\Dispatcher->Illuminate\Bus\{closure}()
#15 /var/www/flarum/vendor/illuminate/pipeline/Pipeline.php(103): Illuminate\Pipeline\Pipeline->Illuminate\Pipeline\{closure}()
#16 /var/www/flarum/vendor/illuminate/bus/Dispatcher.php(132): Illuminate\Pipeline\Pipeline->then()
#17 /var/www/flarum/vendor/illuminate/bus/Dispatcher.php(78): Illuminate\Bus\Dispatcher->dispatchNow()
#18 /var/www/flarum/vendor/flarum/core/src/Api/Controller/CreatePostController.php(61): Illuminate\Bus\Dispatcher->dispatch()
#19 /var/www/flarum/vendor/flarum/core/src/Api/Controller/AbstractSerializeController.php(116): Flarum\Api\Controller\CreatePostController->data()
#20 /var/www/flarum/vendor/flarum/core/src/Api/Controller/AbstractCreateController.php(22): Flarum\Api\Controller\AbstractSerializeController->handle()
#21 /var/www/flarum/vendor/flarum/core/src/Http/RouteHandlerFactory.php(41): Flarum\Api\Controller\AbstractCreateController->handle()
#22 /var/www/flarum/vendor/flarum/core/src/Http/Middleware/ExecuteRoute.php(27): Flarum\Http\RouteHandlerFactory->Flarum\Http\{closure}()
#23 /var/www/flarum/vendor/laminas/laminas-stratigility/src/Next.php(49): Flarum\Http\Middleware\ExecuteRoute->process()
#24 /var/www/flarum/vendor/flarum/core/src/Api/Middleware/ThrottleApi.php(33): Laminas\Stratigility\Next->handle()
#25 /var/www/flarum/vendor/laminas/laminas-stratigility/src/Next.php(49): Flarum\Api\Middleware\ThrottleApi->process()
#26 /var/www/flarum/vendor/flarum/core/src/Http/Middleware/CheckCsrfToken.php(44): Laminas\Stratigility\Next->handle()
#27 /var/www/flarum/vendor/laminas/laminas-stratigility/src/Next.php(49): Flarum\Http\Middleware\CheckCsrfToken->process()
#28 /var/www/flarum/vendor/flarum/core/src/Http/Middleware/ResolveRoute.php(69): Laminas\Stratigility\Next->handle()
#29 /var/www/flarum/vendor/laminas/laminas-stratigility/src/Next.php(49): Flarum\Http\Middleware\ResolveRoute->process()
#30 /var/www/flarum/vendor/flarum/core/src/Http/Middleware/SetLocale.php(51): Laminas\Stratigility\Next->handle()
#31 /var/www/flarum/vendor/laminas/laminas-stratigility/src/Next.php(49): Flarum\Http\Middleware\SetLocale->process()
#32 /var/www/flarum/vendor/flarum/core/src/Http/Middleware/AuthenticateWithHeader.php(58): Laminas\Stratigility\Next->handle()
#33 /var/www/flarum/vendor/laminas/laminas-stratigility/src/Next.php(49): Flarum\Http\Middleware\AuthenticateWithHeader->process()
#34 /var/www/flarum/vendor/flarum/core/src/Http/Middleware/AuthenticateWithSession.php(31): Laminas\Stratigility\Next->handle()
#35 /var/www/flarum/vendor/laminas/laminas-stratigility/src/Next.php(49): Flarum\Http\Middleware\AuthenticateWithSession->process()
#36 /var/www/flarum/vendor/flarum/core/src/Http/Middleware/RememberFromCookie.php(63): Laminas\Stratigility\Next->handle()
#37 /var/www/flarum/vendor/laminas/laminas-stratigility/src/Next.php(49): Flarum\Http\Middleware\RememberFromCookie->process()
#38 /var/www/flarum/vendor/flarum/core/src/Http/Middleware/StartSession.php(61): Laminas\Stratigility\Next->handle()
#39 /var/www/flarum/vendor/laminas/laminas-stratigility/src/Next.php(49): Flarum\Http\Middleware\StartSession->process()
#40 /var/www/flarum/vendor/flarum/core/src/Api/Middleware/FakeHttpMethods.php(29): Laminas\Stratigility\Next->handle()
#41 /var/www/flarum/vendor/laminas/laminas-stratigility/src/Next.php(49): Flarum\Api\Middleware\FakeHttpMethods->process()
#42 /var/www/flarum/vendor/flarum/core/src/Http/Middleware/ParseJsonBody.php(28): Laminas\Stratigility\Next->handle()
#43 /var/www/flarum/vendor/laminas/laminas-stratigility/src/Next.php(49): Flarum\Http\Middleware\ParseJsonBody->process()
#44 /var/www/flarum/vendor/flarum/core/src/Http/Middleware/HandleErrors.php(57): Laminas\Stratigility\Next->handle()
#45 /var/www/flarum/vendor/laminas/laminas-stratigility/src/Next.php(49): Flarum\Http\Middleware\HandleErrors->process()
#46 /var/www/flarum/vendor/flarum/core/src/Http/Middleware/InjectActorReference.php(25): Laminas\Stratigility\Next->handle()
#47 /var/www/flarum/vendor/laminas/laminas-stratigility/src/Next.php(49): Flarum\Http\Middleware\InjectActorReference->process()
#48 /var/www/flarum/vendor/laminas/laminas-stratigility/src/MiddlewarePipe.php(81): Laminas\Stratigility\Next->handle()
#49 /var/www/flarum/vendor/middlewares/request-handler/src/RequestHandler.php(84): Laminas\Stratigility\MiddlewarePipe->process()
#50 /var/www/flarum/vendor/laminas/laminas-stratigility/src/Next.php(49): Middlewares\RequestHandler->process()
#51 /var/www/flarum/vendor/middlewares/base-path-router/src/BasePathRouter.php(97): Laminas\Stratigility\Next->handle()
#52 /var/www/flarum/vendor/laminas/laminas-stratigility/src/Next.php(49): Middlewares\BasePathRouter->process()
#53 /var/www/flarum/vendor/laminas/laminas-stratigility/src/Middleware/OriginalMessages.php(36): Laminas\Stratigility\Next->handle()
#54 /var/www/flarum/vendor/laminas/laminas-stratigility/src/Next.php(49): Laminas\Stratigility\Middleware\OriginalMessages->process()
#55 /var/www/flarum/vendor/middlewares/base-path/src/BasePath.php(73): Laminas\Stratigility\Next->handle()
#56 /var/www/flarum/vendor/laminas/laminas-stratigility/src/Next.php(49): Middlewares\BasePath->process()
#57 /var/www/flarum/vendor/flarum/core/src/Http/Middleware/ProcessIp.php(24): Laminas\Stratigility\Next->handle()
#58 /var/www/flarum/vendor/laminas/laminas-stratigility/src/Next.php(49): Flarum\Http\Middleware\ProcessIp->process()
#59 /var/www/flarum/vendor/laminas/laminas-stratigility/src/MiddlewarePipe.php(81): Laminas\Stratigility\Next->handle()
#60 /var/www/flarum/vendor/laminas/laminas-stratigility/src/MiddlewarePipe.php(70): Laminas\Stratigility\MiddlewarePipe->process()
#61 /var/www/flarum/vendor/laminas/laminas-httphandlerrunner/src/RequestHandlerRunner.php(73): Laminas\Stratigility\MiddlewarePipe->handle()
#62 /var/www/flarum/vendor/flarum/core/src/Http/Server.php(45): Laminas\HttpHandlerRunner\RequestHandlerRunner->run()
#63 /var/www/flarum/public/index.php(26): Flarum\Http\Server->listen()
#64 {main}  
[2026-02-19 03:21:07] flarum.ERROR: TypeError: Flarum\Akismet\Akismet::__construct(): Argument #1 ($apiKey) must be of type string, null given, called in /var/www/flarum/vendor/flarum/akismet/src/Provider/AkismetProvider.php on line 37 and defined in /var/www/flarum/vendor/flarum/akismet/src/Akismet.php:25
Stack trace:
#0 /var/www/flarum/vendor/flarum/akismet/src/Provider/AkismetProvider.php(37): Flarum\Akismet\Akismet->__construct()
#1 /var/www/flarum/vendor/illuminate/container/Container.php(873): Flarum\Akismet\Provider\AkismetProvider->Flarum\Akismet\Provider\{closure}()
#2 /var/www/flarum/vendor/illuminate/container/Container.php(758): Illuminate\Container\Container->build()
#3 /var/www/flarum/vendor/illuminate/container/Container.php(694): Illuminate\Container\Container->resolve()
#4 /var/www/flarum/vendor/illuminate/container/Container.php(1027): Illuminate\Container\Container->make()
#5 /var/www/flarum/vendor/illuminate/container/Container.php(947): Illuminate\Container\Container->resolveClass()
#6 /var/www/flarum/vendor/illuminate/container/Container.php(908): Illuminate\Container\Container->resolveDependencies()
#7 /var/www/flarum/vendor/illuminate/container/Container.php(758): Illuminate\Container\Container->build()
#8 /var/www/flarum/vendor/illuminate/container/Container.php(694): Illuminate\Container\Container->resolve()
#9 /var/www/flarum/vendor/illuminate/events/Dispatcher.php(448): Illuminate\Container\Container->make()
#10 /var/www/flarum/vendor/illuminate/events/Dispatcher.php(422): Illuminate\Events\Dispatcher->createClassCallable()
#11 /var/www/flarum/vendor/illuminate/events/Dispatcher.php(249): Illuminate\Events\Dispatcher->Illuminate\Events\{closure}()
#12 /var/www/flarum/vendor/flarum/core/src/Post/Command/PostReplyHandler.php(96): Illuminate\Events\Dispatcher->dispatch()
#13 /var/www/flarum/vendor/illuminate/bus/Dispatcher.php(122): Flarum\Post\Command\PostReplyHandler->handle()
#14 /var/www/flarum/vendor/illuminate/pipeline/Pipeline.php(128): Illuminate\Bus\Dispatcher->Illuminate\Bus\{closure}()
#15 /var/www/flarum/vendor/illuminate/pipeline/Pipeline.php(103): Illuminate\Pipeline\Pipeline->Illuminate\Pipeline\{closure}()
#16 /var/www/flarum/vendor/illuminate/bus/Dispatcher.php(132): Illuminate\Pipeline\Pipeline->then()
#17 /var/www/flarum/vendor/illuminate/bus/Dispatcher.php(78): Illuminate\Bus\Dispatcher->dispatchNow()
#18 /var/www/flarum/vendor/flarum/core/src/Api/Controller/CreatePostController.php(61): Illuminate\Bus\Dispatcher->dispatch()
#19 /var/www/flarum/vendor/flarum/core/src/Api/Controller/AbstractSerializeController.php(116): Flarum\Api\Controller\CreatePostController->data()
#20 /var/www/flarum/vendor/flarum/core/src/Api/Controller/AbstractCreateController.php(22): Flarum\Api\Controller\AbstractSerializeController->handle()
#21 /var/www/flarum/vendor/flarum/core/src/Http/RouteHandlerFactory.php(41): Flarum\Api\Controller\AbstractCreateController->handle()
#22 /var/www/flarum/vendor/flarum/core/src/Http/Middleware/ExecuteRoute.php(27): Flarum\Http\RouteHandlerFactory->Flarum\Http\{closure}()
#23 /var/www/flarum/vendor/laminas/laminas-stratigility/src/Next.php(49): Flarum\Http\Middleware\ExecuteRoute->process()
#24 /var/www/flarum/vendor/flarum/core/src/Api/Middleware/ThrottleApi.php(33): Laminas\Stratigility\Next->handle()
#25 /var/www/flarum/vendor/laminas/laminas-stratigility/src/Next.php(49): Flarum\Api\Middleware\ThrottleApi->process()
#26 /var/www/flarum/vendor/flarum/core/src/Http/Middleware/CheckCsrfToken.php(44): Laminas\Stratigility\Next->handle()
#27 /var/www/flarum/vendor/laminas/laminas-stratigility/src/Next.php(49): Flarum\Http\Middleware\CheckCsrfToken->process()
#28 /var/www/flarum/vendor/flarum/core/src/Http/Middleware/ResolveRoute.php(69): Laminas\Stratigility\Next->handle()
#29 /var/www/flarum/vendor/laminas/laminas-stratigility/src/Next.php(49): Flarum\Http\Middleware\ResolveRoute->process()
#30 /var/www/flarum/vendor/flarum/core/src/Http/Middleware/SetLocale.php(51): Laminas\Stratigility\Next->handle()
#31 /var/www/flarum/vendor/laminas/laminas-stratigility/src/Next.php(49): Flarum\Http\Middleware\SetLocale->process()
#32 /var/www/flarum/vendor/flarum/core/src/Http/Middleware/AuthenticateWithHeader.php(58): Laminas\Stratigility\Next->handle()
#33 /var/www/flarum/vendor/laminas/laminas-stratigility/src/Next.php(49): Flarum\Http\Middleware\AuthenticateWithHeader->process()
#34 /var/www/flarum/vendor/flarum/core/src/Http/Middleware/AuthenticateWithSession.php(31): Laminas\Stratigility\Next->handle()
#35 /var/www/flarum/vendor/laminas/laminas-stratigility/src/Next.php(49): Flarum\Http\Middleware\AuthenticateWithSession->process()
#36 /var/www/flarum/vendor/flarum/core/src/Http/Middleware/RememberFromCookie.php(63): Laminas\Stratigility\Next->handle()
#37 /var/www/flarum/vendor/laminas/laminas-stratigility/src/Next.php(49): Flarum\Http\Middleware\RememberFromCookie->process()
#38 /var/www/flarum/vendor/flarum/core/src/Http/Middleware/StartSession.php(61): Laminas\Stratigility\Next->handle()
#39 /var/www/flarum/vendor/laminas/laminas-stratigility/src/Next.php(49): Flarum\Http\Middleware\StartSession->process()
#40 /var/www/flarum/vendor/flarum/core/src/Api/Middleware/FakeHttpMethods.php(29): Laminas\Stratigility\Next->handle()
#41 /var/www/flarum/vendor/laminas/laminas-stratigility/src/Next.php(49): Flarum\Api\Middleware\FakeHttpMethods->process()
#42 /var/www/flarum/vendor/flarum/core/src/Http/Middleware/ParseJsonBody.php(28): Laminas\Stratigility\Next->handle()
#43 /var/www/flarum/vendor/laminas/laminas-stratigility/src/Next.php(49): Flarum\Http\Middleware\ParseJsonBody->process()
#44 /var/www/flarum/vendor/flarum/core/src/Http/Middleware/HandleErrors.php(57): Laminas\Stratigility\Next->handle()
#45 /var/www/flarum/vendor/laminas/laminas-stratigility/src/Next.php(49): Flarum\Http\Middleware\HandleErrors->process()
#46 /var/www/flarum/vendor/flarum/core/src/Http/Middleware/InjectActorReference.php(25): Laminas\Stratigility\Next->handle()
#47 /var/www/flarum/vendor/laminas/laminas-stratigility/src/Next.php(49): Flarum\Http\Middleware\InjectActorReference->process()
#48 /var/www/flarum/vendor/laminas/laminas-stratigility/src/MiddlewarePipe.php(81): Laminas\Stratigility\Next->handle()
#49 /var/www/flarum/vendor/middlewares/request-handler/src/RequestHandler.php(84): Laminas\Stratigility\MiddlewarePipe->process()
#50 /var/www/flarum/vendor/laminas/laminas-stratigility/src/Next.php(49): Middlewares\RequestHandler->process()
#51 /var/www/flarum/vendor/middlewares/base-path-router/src/BasePathRouter.php(97): Laminas\Stratigility\Next->handle()
#52 /var/www/flarum/vendor/laminas/laminas-stratigility/src/Next.php(49): Middlewares\BasePathRouter->process()
#53 /var/www/flarum/vendor/laminas/laminas-stratigility/src/Middleware/OriginalMessages.php(36): Laminas\Stratigility\Next->handle()
#54 /var/www/flarum/vendor/laminas/laminas-stratigility/src/Next.php(49): Laminas\Stratigility\Middleware\OriginalMessages->process()
#55 /var/www/flarum/vendor/middlewares/base-path/src/BasePath.php(73): Laminas\Stratigility\Next->handle()
#56 /var/www/flarum/vendor/laminas/laminas-stratigility/src/Next.php(49): Middlewares\BasePath->process()
#57 /var/www/flarum/vendor/flarum/core/src/Http/Middleware/ProcessIp.php(24): Laminas\Stratigility\Next->handle()
#58 /var/www/flarum/vendor/laminas/laminas-stratigility/src/Next.php(49): Flarum\Http\Middleware\ProcessIp->process()
#59 /var/www/flarum/vendor/laminas/laminas-stratigility/src/MiddlewarePipe.php(81): Laminas\Stratigility\Next->handle()
#60 /var/www/flarum/vendor/laminas/laminas-stratigility/src/MiddlewarePipe.php(70): Laminas\Stratigility\MiddlewarePipe->process()
#61 /var/www/flarum/vendor/laminas/laminas-httphandlerrunner/src/RequestHandlerRunner.php(73): Laminas\Stratigility\MiddlewarePipe->handle()
#62 /var/www/flarum/vendor/flarum/core/src/Http/Server.php(45): Laminas\HttpHandlerRunner\RequestHandlerRunner->run()
#63 /var/www/flarum/public/index.php(26): Flarum\Http\Server->listen()
#64 {main}  
[2026-02-19 04:06:10] flarum.ERROR: TypeError: Flarum\Akismet\Akismet::__construct(): Argument #1 ($apiKey) must be of type string, null given, called in /var/www/flarum/vendor/flarum/akismet/src/Provider/AkismetProvider.php on line 37 and defined in /var/www/flarum/vendor/flarum/akismet/src/Akismet.php:25
Stack trace:
#0 /var/www/flarum/vendor/flarum/akismet/src/Provider/AkismetProvider.php(37): Flarum\Akismet\Akismet->__construct()
#1 /var/www/flarum/vendor/illuminate/container/Container.php(873): Flarum\Akismet\Provider\AkismetProvider->Flarum\Akismet\Provider\{closure}()
#2 /var/www/flarum/vendor/illuminate/container/Container.php(758): Illuminate\Container\Container->build()
#3 /var/www/flarum/vendor/illuminate/container/Container.php(694): Illuminate\Container\Container->resolve()
#4 /var/www/flarum/vendor/illuminate/container/Container.php(1027): Illuminate\Container\Container->make()
#5 /var/www/flarum/vendor/illuminate/container/Container.php(947): Illuminate\Container\Container->resolveClass()
#6 /var/www/flarum/vendor/illuminate/container/Container.php(908): Illuminate\Container\Container->resolveDependencies()
#7 /var/www/flarum/vendor/illuminate/container/Container.php(758): Illuminate\Container\Container->build()
#8 /var/www/flarum/vendor/illuminate/container/Container.php(694): Illuminate\Container\Container->resolve()
#9 /var/www/flarum/vendor/illuminate/events/Dispatcher.php(448): Illuminate\Container\Container->make()
#10 /var/www/flarum/vendor/illuminate/events/Dispatcher.php(422): Illuminate\Events\Dispatcher->createClassCallable()
#11 /var/www/flarum/vendor/illuminate/events/Dispatcher.php(249): Illuminate\Events\Dispatcher->Illuminate\Events\{closure}()
#12 /var/www/flarum/vendor/flarum/core/src/Post/Command/PostReplyHandler.php(96): Illuminate\Events\Dispatcher->dispatch()
#13 /var/www/flarum/vendor/illuminate/bus/Dispatcher.php(122): Flarum\Post\Command\PostReplyHandler->handle()
#14 /var/www/flarum/vendor/illuminate/pipeline/Pipeline.php(128): Illuminate\Bus\Dispatcher->Illuminate\Bus\{closure}()
#15 /var/www/flarum/vendor/illuminate/pipeline/Pipeline.php(103): Illuminate\Pipeline\Pipeline->Illuminate\Pipeline\{closure}()
#16 /var/www/flarum/vendor/illuminate/bus/Dispatcher.php(132): Illuminate\Pipeline\Pipeline->then()
#17 /var/www/flarum/vendor/illuminate/bus/Dispatcher.php(78): Illuminate\Bus\Dispatcher->dispatchNow()
#18 /var/www/flarum/vendor/flarum/core/src/Discussion/Command/StartDiscussionHandler.php(81): Illuminate\Bus\Dispatcher->dispatch()
#19 /var/www/flarum/vendor/illuminate/bus/Dispatcher.php(122): Flarum\Discussion\Command\StartDiscussionHandler->handle()
#20 /var/www/flarum/vendor/illuminate/pipeline/Pipeline.php(128): Illuminate\Bus\Dispatcher->Illuminate\Bus\{closure}()
#21 /var/www/flarum/vendor/illuminate/pipeline/Pipeline.php(103): Illuminate\Pipeline\Pipeline->Illuminate\Pipeline\{closure}()
#22 /var/www/flarum/vendor/illuminate/bus/Dispatcher.php(132): Illuminate\Pipeline\Pipeline->then()
#23 /var/www/flarum/vendor/illuminate/bus/Dispatcher.php(78): Illuminate\Bus\Dispatcher->dispatchNow()
#24 /var/www/flarum/vendor/flarum/core/src/Api/Controller/CreateDiscussionController.php(61): Illuminate\Bus\Dispatcher->dispatch()
#25 /var/www/flarum/vendor/flarum/core/src/Api/Controller/AbstractSerializeController.php(116): Flarum\Api\Controller\CreateDiscussionController->data()
#26 /var/www/flarum/vendor/flarum/core/src/Api/Controller/AbstractCreateController.php(22): Flarum\Api\Controller\AbstractSerializeController->handle()
#27 /var/www/flarum/vendor/flarum/core/src/Http/RouteHandlerFactory.php(41): Flarum\Api\Controller\AbstractCreateController->handle()
#28 /var/www/flarum/vendor/flarum/core/src/Http/Middleware/ExecuteRoute.php(27): Flarum\Http\RouteHandlerFactory->Flarum\Http\{closure}()
#29 /var/www/flarum/vendor/laminas/laminas-stratigility/src/Next.php(49): Flarum\Http\Middleware\ExecuteRoute->process()
#30 /var/www/flarum/vendor/flarum/core/src/Api/Middleware/ThrottleApi.php(33): Laminas\Stratigility\Next->handle()
#31 /var/www/flarum/vendor/laminas/laminas-stratigility/src/Next.php(49): Flarum\Api\Middleware\ThrottleApi->process()
#32 /var/www/flarum/vendor/flarum/core/src/Http/Middleware/CheckCsrfToken.php(44): Laminas\Stratigility\Next->handle()
#33 /var/www/flarum/vendor/laminas/laminas-stratigility/src/Next.php(49): Flarum\Http\Middleware\CheckCsrfToken->process()
#34 /var/www/flarum/vendor/flarum/core/src/Http/Middleware/ResolveRoute.php(69): Laminas\Stratigility\Next->handle()
#35 /var/www/flarum/vendor/laminas/laminas-stratigility/src/Next.php(49): Flarum\Http\Middleware\ResolveRoute->process()
#36 /var/www/flarum/vendor/flarum/core/src/Http/Middleware/SetLocale.php(51): Laminas\Stratigility\Next->handle()
#37 /var/www/flarum/vendor/laminas/laminas-stratigility/src/Next.php(49): Flarum\Http\Middleware\SetLocale->process()
#38 /var/www/flarum/vendor/flarum/core/src/Http/Middleware/AuthenticateWithHeader.php(58): Laminas\Stratigility\Next->handle()
#39 /var/www/flarum/vendor/laminas/laminas-stratigility/src/Next.php(49): Flarum\Http\Middleware\AuthenticateWithHeader->process()
#40 /var/www/flarum/vendor/flarum/core/src/Http/Middleware/AuthenticateWithSession.php(31): Laminas\Stratigility\Next->handle()
#41 /var/www/flarum/vendor/laminas/laminas-stratigility/src/Next.php(49): Flarum\Http\Middleware\AuthenticateWithSession->process()
#42 /var/www/flarum/vendor/flarum/core/src/Http/Middleware/RememberFromCookie.php(63): Laminas\Stratigility\Next->handle()
#43 /var/www/flarum/vendor/laminas/laminas-stratigility/src/Next.php(49): Flarum\Http\Middleware\RememberFromCookie->process()
#44 /var/www/flarum/vendor/flarum/core/src/Http/Middleware/StartSession.php(61): Laminas\Stratigility\Next->handle()
#45 /var/www/flarum/vendor/laminas/laminas-stratigility/src/Next.php(49): Flarum\Http\Middleware\StartSession->process()
#46 /var/www/flarum/vendor/flarum/core/src/Api/Middleware/FakeHttpMethods.php(29): Laminas\Stratigility\Next->handle()
#47 /var/www/flarum/vendor/laminas/laminas-stratigility/src/Next.php(49): Flarum\Api\Middleware\FakeHttpMethods->process()
#48 /var/www/flarum/vendor/flarum/core/src/Http/Middleware/ParseJsonBody.php(28): Laminas\Stratigility\Next->handle()
#49 /var/www/flarum/vendor/laminas/laminas-stratigility/src/Next.php(49): Flarum\Http\Middleware\ParseJsonBody->process()
#50 /var/www/flarum/vendor/flarum/core/src/Http/Middleware/HandleErrors.php(57): Laminas\Stratigility\Next->handle()
#51 /var/www/flarum/vendor/laminas/laminas-stratigility/src/Next.php(49): Flarum\Http\Middleware\HandleErrors->process()
#52 /var/www/flarum/vendor/flarum/core/src/Http/Middleware/InjectActorReference.php(25): Laminas\Stratigility\Next->handle()
#53 /var/www/flarum/vendor/laminas/laminas-stratigility/src/Next.php(49): Flarum\Http\Middleware\InjectActorReference->process()
#54 /var/www/flarum/vendor/laminas/laminas-stratigility/src/MiddlewarePipe.php(81): Laminas\Stratigility\Next->handle()
#55 /var/www/flarum/vendor/middlewares/request-handler/src/RequestHandler.php(84): Laminas\Stratigility\MiddlewarePipe->process()
#56 /var/www/flarum/vendor/laminas/laminas-stratigility/src/Next.php(49): Middlewares\RequestHandler->process()
#57 /var/www/flarum/vendor/middlewares/base-path-router/src/BasePathRouter.php(97): Laminas\Stratigility\Next->handle()
#58 /var/www/flarum/vendor/laminas/laminas-stratigility/src/Next.php(49): Middlewares\BasePathRouter->process()
#59 /var/www/flarum/vendor/laminas/laminas-stratigility/src/Middleware/OriginalMessages.php(36): Laminas\Stratigility\Next->handle()
#60 /var/www/flarum/vendor/laminas/laminas-stratigility/src/Next.php(49): Laminas\Stratigility\Middleware\OriginalMessages->process()
#61 /var/www/flarum/vendor/middlewares/base-path/src/BasePath.php(73): Laminas\Stratigility\Next->handle()
#62 /var/www/flarum/vendor/laminas/laminas-stratigility/src/Next.php(49): Middlewares\BasePath->process()
#63 /var/www/flarum/vendor/flarum/core/src/Http/Middleware/ProcessIp.php(24): Laminas\Stratigility\Next->handle()
#64 /var/www/flarum/vendor/laminas/laminas-stratigility/src/Next.php(49): Flarum\Http\Middleware\ProcessIp->process()
#65 /var/www/flarum/vendor/laminas/laminas-stratigility/src/MiddlewarePipe.php(81): Laminas\Stratigility\Next->handle()
#66 /var/www/flarum/vendor/laminas/laminas-stratigility/src/MiddlewarePipe.php(70): Laminas\Stratigility\MiddlewarePipe->process()
#67 /var/www/flarum/vendor/laminas/laminas-httphandlerrunner/src/RequestHandlerRunner.php(73): Laminas\Stratigility\MiddlewarePipe->handle()
#68 /var/www/flarum/vendor/flarum/core/src/Http/Server.php(45): Laminas\HttpHandlerRunner\RequestHandlerRunner->run()
#69 /var/www/flarum/public/index.php(26): Flarum\Http\Server->listen()
#70 {main}  
[2026-02-19 04:06:11] flarum.ERROR: TypeError: Flarum\Akismet\Akismet::__construct(): Argument #1 ($apiKey) must be of type string, null given, called in /var/www/flarum/vendor/flarum/akismet/src/Provider/AkismetProvider.php on line 37 and defined in /var/www/flarum/vendor/flarum/akismet/src/Akismet.php:25
Stack trace:
#0 /var/www/flarum/vendor/flarum/akismet/src/Provider/AkismetProvider.php(37): Flarum\Akismet\Akismet->__construct()
#1 /var/www/flarum/vendor/illuminate/container/Container.php(873): Flarum\Akismet\Provider\AkismetProvider->Flarum\Akismet\Provider\{closure}()
#2 /var/www/flarum/vendor/illuminate/container/Container.php(758): Illuminate\Container\Container->build()
#3 /var/www/flarum/vendor/illuminate/container/Container.php(694): Illuminate\Container\Container->resolve()
#4 /var/www/flarum/vendor/illuminate/container/Container.php(1027): Illuminate\Container\Container->make()
#5 /var/www/flarum/vendor/illuminate/container/Container.php(947): Illuminate\Container\Container->resolveClass()
#6 /var/www/flarum/vendor/illuminate/container/Container.php(908): Illuminate\Container\Container->resolveDependencies()
#7 /var/www/flarum/vendor/illuminate/container/Container.php(758): Illuminate\Container\Container->build()
#8 /var/www/flarum/vendor/illuminate/container/Container.php(694): Illuminate\Container\Container->resolve()
#9 /var/www/flarum/vendor/illuminate/events/Dispatcher.php(448): Illuminate\Container\Container->make()
#10 /var/www/flarum/vendor/illuminate/events/Dispatcher.php(422): Illuminate\Events\Dispatcher->createClassCallable()
#11 /var/www/flarum/vendor/illuminate/events/Dispatcher.php(249): Illuminate\Events\Dispatcher->Illuminate\Events\{closure}()
#12 /var/www/flarum/vendor/flarum/core/src/Post/Command/PostReplyHandler.php(96): Illuminate\Events\Dispatcher->dispatch()
#13 /var/www/flarum/vendor/illuminate/bus/Dispatcher.php(122): Flarum\Post\Command\PostReplyHandler->handle()
#14 /var/www/flarum/vendor/illuminate/pipeline/Pipeline.php(128): Illuminate\Bus\Dispatcher->Illuminate\Bus\{closure}()
#15 /var/www/flarum/vendor/illuminate/pipeline/Pipeline.php(103): Illuminate\Pipeline\Pipeline->Illuminate\Pipeline\{closure}()
#16 /var/www/flarum/vendor/illuminate/bus/Dispatcher.php(132): Illuminate\Pipeline\Pipeline->then()
#17 /var/www/flarum/vendor/illuminate/bus/Dispatcher.php(78): Illuminate\Bus\Dispatcher->dispatchNow()
#18 /var/www/flarum/vendor/flarum/core/src/Discussion/Command/StartDiscussionHandler.php(81): Illuminate\Bus\Dispatcher->dispatch()
#19 /var/www/flarum/vendor/illuminate/bus/Dispatcher.php(122): Flarum\Discussion\Command\StartDiscussionHandler->handle()
#20 /var/www/flarum/vendor/illuminate/pipeline/Pipeline.php(128): Illuminate\Bus\Dispatcher->Illuminate\Bus\{closure}()
#21 /var/www/flarum/vendor/illuminate/pipeline/Pipeline.php(103): Illuminate\Pipeline\Pipeline->Illuminate\Pipeline\{closure}()
#22 /var/www/flarum/vendor/illuminate/bus/Dispatcher.php(132): Illuminate\Pipeline\Pipeline->then()
#23 /var/www/flarum/vendor/illuminate/bus/Dispatcher.php(78): Illuminate\Bus\Dispatcher->dispatchNow()
#24 /var/www/flarum/vendor/flarum/core/src/Api/Controller/CreateDiscussionController.php(61): Illuminate\Bus\Dispatcher->dispatch()
#25 /var/www/flarum/vendor/flarum/core/src/Api/Controller/AbstractSerializeController.php(116): Flarum\Api\Controller\CreateDiscussionController->data()
#26 /var/www/flarum/vendor/flarum/core/src/Api/Controller/AbstractCreateController.php(22): Flarum\Api\Controller\AbstractSerializeController->handle()
#27 /var/www/flarum/vendor/flarum/core/src/Http/RouteHandlerFactory.php(41): Flarum\Api\Controller\AbstractCreateController->handle()
#28 /var/www/flarum/vendor/flarum/core/src/Http/Middleware/ExecuteRoute.php(27): Flarum\Http\RouteHandlerFactory->Flarum\Http\{closure}()
#29 /var/www/flarum/vendor/laminas/laminas-stratigility/src/Next.php(49): Flarum\Http\Middleware\ExecuteRoute->process()
#30 /var/www/flarum/vendor/flarum/core/src/Api/Middleware/ThrottleApi.php(33): Laminas\Stratigility\Next->handle()
#31 /var/www/flarum/vendor/laminas/laminas-stratigility/src/Next.php(49): Flarum\Api\Middleware\ThrottleApi->process()
#32 /var/www/flarum/vendor/flarum/core/src/Http/Middleware/CheckCsrfToken.php(44): Laminas\Stratigility\Next->handle()
#33 /var/www/flarum/vendor/laminas/laminas-stratigility/src/Next.php(49): Flarum\Http\Middleware\CheckCsrfToken->process()
#34 /var/www/flarum/vendor/flarum/core/src/Http/Middleware/ResolveRoute.php(69): Laminas\Stratigility\Next->handle()
#35 /var/www/flarum/vendor/laminas/laminas-stratigility/src/Next.php(49): Flarum\Http\Middleware\ResolveRoute->process()
#36 /var/www/flarum/vendor/flarum/core/src/Http/Middleware/SetLocale.php(51): Laminas\Stratigility\Next->handle()
#37 /var/www/flarum/vendor/laminas/laminas-stratigility/src/Next.php(49): Flarum\Http\Middleware\SetLocale->process()
#38 /var/www/flarum/vendor/flarum/core/src/Http/Middleware/AuthenticateWithHeader.php(58): Laminas\Stratigility\Next->handle()
#39 /var/www/flarum/vendor/laminas/laminas-stratigility/src/Next.php(49): Flarum\Http\Middleware\AuthenticateWithHeader->process()
#40 /var/www/flarum/vendor/flarum/core/src/Http/Middleware/AuthenticateWithSession.php(31): Laminas\Stratigility\Next->handle()
#41 /var/www/flarum/vendor/laminas/laminas-stratigility/src/Next.php(49): Flarum\Http\Middleware\AuthenticateWithSession->process()
#42 /var/www/flarum/vendor/flarum/core/src/Http/Middleware/RememberFromCookie.php(63): Laminas\Stratigility\Next->handle()
#43 /var/www/flarum/vendor/laminas/laminas-stratigility/src/Next.php(49): Flarum\Http\Middleware\RememberFromCookie->process()
#44 /var/www/flarum/vendor/flarum/core/src/Http/Middleware/StartSession.php(61): Laminas\Stratigility\Next->handle()
#45 /var/www/flarum/vendor/laminas/laminas-stratigility/src/Next.php(49): Flarum\Http\Middleware\StartSession->process()
#46 /var/www/flarum/vendor/flarum/core/src/Api/Middleware/FakeHttpMethods.php(29): Laminas\Stratigility\Next->handle()
#47 /var/www/flarum/vendor/laminas/laminas-stratigility/src/Next.php(49): Flarum\Api\Middleware\FakeHttpMethods->process()
#48 /var/www/flarum/vendor/flarum/core/src/Http/Middleware/ParseJsonBody.php(28): Laminas\Stratigility\Next->handle()
#49 /var/www/flarum/vendor/laminas/laminas-stratigility/src/Next.php(49): Flarum\Http\Middleware\ParseJsonBody->process()
#50 /var/www/flarum/vendor/flarum/core/src/Http/Middleware/HandleErrors.php(57): Laminas\Stratigility\Next->handle()
#51 /var/www/flarum/vendor/laminas/laminas-stratigility/src/Next.php(49): Flarum\Http\Middleware\HandleErrors->process()
#52 /var/www/flarum/vendor/flarum/core/src/Http/Middleware/InjectActorReference.php(25): Laminas\Stratigility\Next->handle()
#53 /var/www/flarum/vendor/laminas/laminas-stratigility/src/Next.php(49): Flarum\Http\Middleware\InjectActorReference->process()
#54 /var/www/flarum/vendor/laminas/laminas-stratigility/src/MiddlewarePipe.php(81): Laminas\Stratigility\Next->handle()
#55 /var/www/flarum/vendor/middlewares/request-handler/src/RequestHandler.php(84): Laminas\Stratigility\MiddlewarePipe->process()
#56 /var/www/flarum/vendor/laminas/laminas-stratigility/src/Next.php(49): Middlewares\RequestHandler->process()
#57 /var/www/flarum/vendor/middlewares/base-path-router/src/BasePathRouter.php(97): Laminas\Stratigility\Next->handle()
#58 /var/www/flarum/vendor/laminas/laminas-stratigility/src/Next.php(49): Middlewares\BasePathRouter->process()
#59 /var/www/flarum/vendor/laminas/laminas-stratigility/src/Middleware/OriginalMessages.php(36): Laminas\Stratigility\Next->handle()
#60 /var/www/flarum/vendor/laminas/laminas-stratigility/src/Next.php(49): Laminas\Stratigility\Middleware\OriginalMessages->process()
#61 /var/www/flarum/vendor/middlewares/base-path/src/BasePath.php(73): Laminas\Stratigility\Next->handle()
#62 /var/www/flarum/vendor/laminas/laminas-stratigility/src/Next.php(49): Middlewares\BasePath->process()
#63 /var/www/flarum/vendor/flarum/core/src/Http/Middleware/ProcessIp.php(24): Laminas\Stratigility\Next->handle()
#64 /var/www/flarum/vendor/laminas/laminas-stratigility/src/Next.php(49): Flarum\Http\Middleware\ProcessIp->process()
#65 /var/www/flarum/vendor/laminas/laminas-stratigility/src/MiddlewarePipe.php(81): Laminas\Stratigility\Next->handle()
#66 /var/www/flarum/vendor/laminas/laminas-stratigility/src/MiddlewarePipe.php(70): Laminas\Stratigility\MiddlewarePipe->process()
#67 /var/www/flarum/vendor/laminas/laminas-httphandlerrunner/src/RequestHandlerRunner.php(73): Laminas\Stratigility\MiddlewarePipe->handle()
#68 /var/www/flarum/vendor/flarum/core/src/Http/Server.php(45): Laminas\HttpHandlerRunner\RequestHandlerRunner->run()
#69 /var/www/flarum/public/index.php(26): Flarum\Http\Server->listen()
#70 {main}  
[2026-02-19 04:09:50] flarum.ERROR: TypeError: Flarum\Akismet\Akismet::__construct(): Argument #1 ($apiKey) must be of type string, null given, called in /var/www/flarum/vendor/flarum/akismet/src/Provider/AkismetProvider.php on line 37 and defined in /var/www/flarum/vendor/flarum/akismet/src/Akismet.php:25
Stack trace:
#0 /var/www/flarum/vendor/flarum/akismet/src/Provider/AkismetProvider.php(37): Flarum\Akismet\Akismet->__construct()
#1 /var/www/flarum/vendor/illuminate/container/Container.php(873): Flarum\Akismet\Provider\AkismetProvider->Flarum\Akismet\Provider\{closure}()
#2 /var/www/flarum/vendor/illuminate/container/Container.php(758): Illuminate\Container\Container->build()
#3 /var/www/flarum/vendor/illuminate/container/Container.php(694): Illuminate\Container\Container->resolve()
#4 /var/www/flarum/vendor/illuminate/container/Container.php(1027): Illuminate\Container\Container->make()
#5 /var/www/flarum/vendor/illuminate/container/Container.php(947): Illuminate\Container\Container->resolveClass()
#6 /var/www/flarum/vendor/illuminate/container/Container.php(908): Illuminate\Container\Container->resolveDependencies()
#7 /var/www/flarum/vendor/illuminate/container/Container.php(758): Illuminate\Container\Container->build()
#8 /var/www/flarum/vendor/illuminate/container/Container.php(694): Illuminate\Container\Container->resolve()
#9 /var/www/flarum/vendor/illuminate/events/Dispatcher.php(448): Illuminate\Container\Container->make()
#10 /var/www/flarum/vendor/illuminate/events/Dispatcher.php(422): Illuminate\Events\Dispatcher->createClassCallable()
#11 /var/www/flarum/vendor/illuminate/events/Dispatcher.php(249): Illuminate\Events\Dispatcher->Illuminate\Events\{closure}()
#12 /var/www/flarum/vendor/flarum/core/src/Post/Command/PostReplyHandler.php(96): Illuminate\Events\Dispatcher->dispatch()
#13 /var/www/flarum/vendor/illuminate/bus/Dispatcher.php(122): Flarum\Post\Command\PostReplyHandler->handle()
#14 /var/www/flarum/vendor/illuminate/pipeline/Pipeline.php(128): Illuminate\Bus\Dispatcher->Illuminate\Bus\{closure}()
#15 /var/www/flarum/vendor/illuminate/pipeline/Pipeline.php(103): Illuminate\Pipeline\Pipeline->Illuminate\Pipeline\{closure}()
#16 /var/www/flarum/vendor/illuminate/bus/Dispatcher.php(132): Illuminate\Pipeline\Pipeline->then()
#17 /var/www/flarum/vendor/illuminate/bus/Dispatcher.php(78): Illuminate\Bus\Dispatcher->dispatchNow()
#18 /var/www/flarum/vendor/flarum/core/src/Discussion/Command/StartDiscussionHandler.php(81): Illuminate\Bus\Dispatcher->dispatch()
#19 /var/www/flarum/vendor/illuminate/bus/Dispatcher.php(122): Flarum\Discussion\Command\StartDiscussionHandler->handle()
#20 /var/www/flarum/vendor/illuminate/pipeline/Pipeline.php(128): Illuminate\Bus\Dispatcher->Illuminate\Bus\{closure}()
#21 /var/www/flarum/vendor/illuminate/pipeline/Pipeline.php(103): Illuminate\Pipeline\Pipeline->Illuminate\Pipeline\{closure}()
#22 /var/www/flarum/vendor/illuminate/bus/Dispatcher.php(132): Illuminate\Pipeline\Pipeline->then()
#23 /var/www/flarum/vendor/illuminate/bus/Dispatcher.php(78): Illuminate\Bus\Dispatcher->dispatchNow()
#24 /var/www/flarum/vendor/flarum/core/src/Api/Controller/CreateDiscussionController.php(61): Illuminate\Bus\Dispatcher->dispatch()
#25 /var/www/flarum/vendor/flarum/core/src/Api/Controller/AbstractSerializeController.php(116): Flarum\Api\Controller\CreateDiscussionController->data()
#26 /var/www/flarum/vendor/flarum/core/src/Api/Controller/AbstractCreateController.php(22): Flarum\Api\Controller\AbstractSerializeController->handle()
#27 /var/www/flarum/vendor/flarum/core/src/Http/RouteHandlerFactory.php(41): Flarum\Api\Controller\AbstractCreateController->handle()
#28 /var/www/flarum/vendor/flarum/core/src/Http/Middleware/ExecuteRoute.php(27): Flarum\Http\RouteHandlerFactory->Flarum\Http\{closure}()
#29 /var/www/flarum/vendor/laminas/laminas-stratigility/src/Next.php(49): Flarum\Http\Middleware\ExecuteRoute->process()
#30 /var/www/flarum/vendor/flarum/core/src/Api/Middleware/ThrottleApi.php(33): Laminas\Stratigility\Next->handle()
#31 /var/www/flarum/vendor/laminas/laminas-stratigility/src/Next.php(49): Flarum\Api\Middleware\ThrottleApi->process()
#32 /var/www/flarum/vendor/flarum/core/src/Http/Middleware/CheckCsrfToken.php(44): Laminas\Stratigility\Next->handle()
#33 /var/www/flarum/vendor/laminas/laminas-stratigility/src/Next.php(49): Flarum\Http\Middleware\CheckCsrfToken->process()
#34 /var/www/flarum/vendor/flarum/core/src/Http/Middleware/ResolveRoute.php(69): Laminas\Stratigility\Next->handle()
#35 /var/www/flarum/vendor/laminas/laminas-stratigility/src/Next.php(49): Flarum\Http\Middleware\ResolveRoute->process()
#36 /var/www/flarum/vendor/flarum/core/src/Http/Middleware/SetLocale.php(51): Laminas\Stratigility\Next->handle()
#37 /var/www/flarum/vendor/laminas/laminas-stratigility/src/Next.php(49): Flarum\Http\Middleware\SetLocale->process()
#38 /var/www/flarum/vendor/flarum/core/src/Http/Middleware/AuthenticateWithHeader.php(58): Laminas\Stratigility\Next->handle()
#39 /var/www/flarum/vendor/laminas/laminas-stratigility/src/Next.php(49): Flarum\Http\Middleware\AuthenticateWithHeader->process()
#40 /var/www/flarum/vendor/flarum/core/src/Http/Middleware/AuthenticateWithSession.php(31): Laminas\Stratigility\Next->handle()
#41 /var/www/flarum/vendor/laminas/laminas-stratigility/src/Next.php(49): Flarum\Http\Middleware\AuthenticateWithSession->process()
#42 /var/www/flarum/vendor/flarum/core/src/Http/Middleware/RememberFromCookie.php(63): Laminas\Stratigility\Next->handle()
#43 /var/www/flarum/vendor/laminas/laminas-stratigility/src/Next.php(49): Flarum\Http\Middleware\RememberFromCookie->process()
#44 /var/www/flarum/vendor/flarum/core/src/Http/Middleware/StartSession.php(61): Laminas\Stratigility\Next->handle()
#45 /var/www/flarum/vendor/laminas/laminas-stratigility/src/Next.php(49): Flarum\Http\Middleware\StartSession->process()
#46 /var/www/flarum/vendor/flarum/core/src/Api/Middleware/FakeHttpMethods.php(29): Laminas\Stratigility\Next->handle()
#47 /var/www/flarum/vendor/laminas/laminas-stratigility/src/Next.php(49): Flarum\Api\Middleware\FakeHttpMethods->process()
#48 /var/www/flarum/vendor/flarum/core/src/Http/Middleware/ParseJsonBody.php(28): Laminas\Stratigility\Next->handle()
#49 /var/www/flarum/vendor/laminas/laminas-stratigility/src/Next.php(49): Flarum\Http\Middleware\ParseJsonBody->process()
#50 /var/www/flarum/vendor/flarum/core/src/Http/Middleware/HandleErrors.php(57): Laminas\Stratigility\Next->handle()
#51 /var/www/flarum/vendor/laminas/laminas-stratigility/src/Next.php(49): Flarum\Http\Middleware\HandleErrors->process()
#52 /var/www/flarum/vendor/flarum/core/src/Http/Middleware/InjectActorReference.php(25): Laminas\Stratigility\Next->handle()
#53 /var/www/flarum/vendor/laminas/laminas-stratigility/src/Next.php(49): Flarum\Http\Middleware\InjectActorReference->process()
#54 /var/www/flarum/vendor/laminas/laminas-stratigility/src/MiddlewarePipe.php(81): Laminas\Stratigility\Next->handle()
#55 /var/www/flarum/vendor/middlewares/request-handler/src/RequestHandler.php(84): Laminas\Stratigility\MiddlewarePipe->process()
#56 /var/www/flarum/vendor/laminas/laminas-stratigility/src/Next.php(49): Middlewares\RequestHandler->process()
#57 /var/www/flarum/vendor/middlewares/base-path-router/src/BasePathRouter.php(97): Laminas\Stratigility\Next->handle()
#58 /var/www/flarum/vendor/laminas/laminas-stratigility/src/Next.php(49): Middlewares\BasePathRouter->process()
#59 /var/www/flarum/vendor/laminas/laminas-stratigility/src/Middleware/OriginalMessages.php(36): Laminas\Stratigility\Next->handle()
#60 /var/www/flarum/vendor/laminas/laminas-stratigility/src/Next.php(49): Laminas\Stratigility\Middleware\OriginalMessages->process()
#61 /var/www/flarum/vendor/middlewares/base-path/src/BasePath.php(73): Laminas\Stratigility\Next->handle()
#62 /var/www/flarum/vendor/laminas/laminas-stratigility/src/Next.php(49): Middlewares\BasePath->process()
#63 /var/www/flarum/vendor/flarum/core/src/Http/Middleware/ProcessIp.php(24): Laminas\Stratigility\Next->handle()
#64 /var/www/flarum/vendor/laminas/laminas-stratigility/src/Next.php(49): Flarum\Http\Middleware\ProcessIp->process()
#65 /var/www/flarum/vendor/laminas/laminas-stratigility/src/MiddlewarePipe.php(81): Laminas\Stratigility\Next->handle()
#66 /var/www/flarum/vendor/laminas/laminas-stratigility/src/MiddlewarePipe.php(70): Laminas\Stratigility\MiddlewarePipe->process()
#67 /var/www/flarum/vendor/laminas/laminas-httphandlerrunner/src/RequestHandlerRunner.php(73): Laminas\Stratigility\MiddlewarePipe->handle()
#68 /var/www/flarum/vendor/flarum/core/src/Http/Server.php(45): Laminas\HttpHandlerRunner\RequestHandlerRunner->run()
#69 /var/www/flarum/public/index.php(26): Flarum\Http\Server->listen()
#70 {main}  
[2026-02-19 04:13:06] flarum.ERROR: TypeError: Flarum\Akismet\Akismet::__construct(): Argument #1 ($apiKey) must be of type string, null given, called in /var/www/flarum/vendor/flarum/akismet/src/Provider/AkismetProvider.php on line 37 and defined in /var/www/flarum/vendor/flarum/akismet/src/Akismet.php:25
Stack trace:
#0 /var/www/flarum/vendor/flarum/akismet/src/Provider/AkismetProvider.php(37): Flarum\Akismet\Akismet->__construct()
#1 /var/www/flarum/vendor/illuminate/container/Container.php(873): Flarum\Akismet\Provider\AkismetProvider->Flarum\Akismet\Provider\{closure}()
#2 /var/www/flarum/vendor/illuminate/container/Container.php(758): Illuminate\Container\Container->build()
#3 /var/www/flarum/vendor/illuminate/container/Container.php(694): Illuminate\Container\Container->resolve()
#4 /var/www/flarum/vendor/illuminate/container/Container.php(1027): Illuminate\Container\Container->make()
#5 /var/www/flarum/vendor/illuminate/container/Container.php(947): Illuminate\Container\Container->resolveClass()
#6 /var/www/flarum/vendor/illuminate/container/Container.php(908): Illuminate\Container\Container->resolveDependencies()
#7 /var/www/flarum/vendor/illuminate/container/Container.php(758): Illuminate\Container\Container->build()
#8 /var/www/flarum/vendor/illuminate/container/Container.php(694): Illuminate\Container\Container->resolve()
#9 /var/www/flarum/vendor/illuminate/events/Dispatcher.php(448): Illuminate\Container\Container->make()
#10 /var/www/flarum/vendor/illuminate/events/Dispatcher.php(422): Illuminate\Events\Dispatcher->createClassCallable()
#11 /var/www/flarum/vendor/illuminate/events/Dispatcher.php(249): Illuminate\Events\Dispatcher->Illuminate\Events\{closure}()
#12 /var/www/flarum/vendor/flarum/core/src/Post/Command/PostReplyHandler.php(96): Illuminate\Events\Dispatcher->dispatch()
#13 /var/www/flarum/vendor/illuminate/bus/Dispatcher.php(122): Flarum\Post\Command\PostReplyHandler->handle()
#14 /var/www/flarum/vendor/illuminate/pipeline/Pipeline.php(128): Illuminate\Bus\Dispatcher->Illuminate\Bus\{closure}()
#15 /var/www/flarum/vendor/illuminate/pipeline/Pipeline.php(103): Illuminate\Pipeline\Pipeline->Illuminate\Pipeline\{closure}()
#16 /var/www/flarum/vendor/illuminate/bus/Dispatcher.php(132): Illuminate\Pipeline\Pipeline->then()
#17 /var/www/flarum/vendor/illuminate/bus/Dispatcher.php(78): Illuminate\Bus\Dispatcher->dispatchNow()
#18 /var/www/flarum/vendor/flarum/core/src/Discussion/Command/StartDiscussionHandler.php(81): Illuminate\Bus\Dispatcher->dispatch()
#19 /var/www/flarum/vendor/illuminate/bus/Dispatcher.php(122): Flarum\Discussion\Command\StartDiscussionHandler->handle()
#20 /var/www/flarum/vendor/illuminate/pipeline/Pipeline.php(128): Illuminate\Bus\Dispatcher->Illuminate\Bus\{closure}()
#21 /var/www/flarum/vendor/illuminate/pipeline/Pipeline.php(103): Illuminate\Pipeline\Pipeline->Illuminate\Pipeline\{closure}()
#22 /var/www/flarum/vendor/illuminate/bus/Dispatcher.php(132): Illuminate\Pipeline\Pipeline->then()
#23 /var/www/flarum/vendor/illuminate/bus/Dispatcher.php(78): Illuminate\Bus\Dispatcher->dispatchNow()
#24 /var/www/flarum/vendor/flarum/core/src/Api/Controller/CreateDiscussionController.php(61): Illuminate\Bus\Dispatcher->dispatch()
#25 /var/www/flarum/vendor/flarum/core/src/Api/Controller/AbstractSerializeController.php(116): Flarum\Api\Controller\CreateDiscussionController->data()
#26 /var/www/flarum/vendor/flarum/core/src/Api/Controller/AbstractCreateController.php(22): Flarum\Api\Controller\AbstractSerializeController->handle()
#27 /var/www/flarum/vendor/flarum/core/src/Http/RouteHandlerFactory.php(41): Flarum\Api\Controller\AbstractCreateController->handle()
#28 /var/www/flarum/vendor/flarum/core/src/Http/Middleware/ExecuteRoute.php(27): Flarum\Http\RouteHandlerFactory->Flarum\Http\{closure}()
#29 /var/www/flarum/vendor/laminas/laminas-stratigility/src/Next.php(49): Flarum\Http\Middleware\ExecuteRoute->process()
#30 /var/www/flarum/vendor/flarum/core/src/Api/Middleware/ThrottleApi.php(33): Laminas\Stratigility\Next->handle()
#31 /var/www/flarum/vendor/laminas/laminas-stratigility/src/Next.php(49): Flarum\Api\Middleware\ThrottleApi->process()
#32 /var/www/flarum/vendor/flarum/core/src/Http/Middleware/CheckCsrfToken.php(44): Laminas\Stratigility\Next->handle()
#33 /var/www/flarum/vendor/laminas/laminas-stratigility/src/Next.php(49): Flarum\Http\Middleware\CheckCsrfToken->process()
#34 /var/www/flarum/vendor/flarum/core/src/Http/Middleware/ResolveRoute.php(69): Laminas\Stratigility\Next->handle()
#35 /var/www/flarum/vendor/laminas/laminas-stratigility/src/Next.php(49): Flarum\Http\Middleware\ResolveRoute->process()
#36 /var/www/flarum/vendor/flarum/core/src/Http/Middleware/SetLocale.php(51): Laminas\Stratigility\Next->handle()
#37 /var/www/flarum/vendor/laminas/laminas-stratigility/src/Next.php(49): Flarum\Http\Middleware\SetLocale->process()
#38 /var/www/flarum/vendor/flarum/core/src/Http/Middleware/AuthenticateWithHeader.php(58): Laminas\Stratigility\Next->handle()
#39 /var/www/flarum/vendor/laminas/laminas-stratigility/src/Next.php(49): Flarum\Http\Middleware\AuthenticateWithHeader->process()
#40 /var/www/flarum/vendor/flarum/core/src/Http/Middleware/AuthenticateWithSession.php(31): Laminas\Stratigility\Next->handle()
#41 /var/www/flarum/vendor/laminas/laminas-stratigility/src/Next.php(49): Flarum\Http\Middleware\AuthenticateWithSession->process()
#42 /var/www/flarum/vendor/flarum/core/src/Http/Middleware/RememberFromCookie.php(63): Laminas\Stratigility\Next->handle()
#43 /var/www/flarum/vendor/laminas/laminas-stratigility/src/Next.php(49): Flarum\Http\Middleware\RememberFromCookie->process()
#44 /var/www/flarum/vendor/flarum/core/src/Http/Middleware/StartSession.php(61): Laminas\Stratigility\Next->handle()
#45 /var/www/flarum/vendor/laminas/laminas-stratigility/src/Next.php(49): Flarum\Http\Middleware\StartSession->process()
#46 /var/www/flarum/vendor/flarum/core/src/Api/Middleware/FakeHttpMethods.php(29): Laminas\Stratigility\Next->handle()
#47 /var/www/flarum/vendor/laminas/laminas-stratigility/src/Next.php(49): Flarum\Api\Middleware\FakeHttpMethods->process()
#48 /var/www/flarum/vendor/flarum/core/src/Http/Middleware/ParseJsonBody.php(28): Laminas\Stratigility\Next->handle()
#49 /var/www/flarum/vendor/laminas/laminas-stratigility/src/Next.php(49): Flarum\Http\Middleware\ParseJsonBody->process()
#50 /var/www/flarum/vendor/flarum/core/src/Http/Middleware/HandleErrors.php(57): Laminas\Stratigility\Next->handle()
#51 /var/www/flarum/vendor/laminas/laminas-stratigility/src/Next.php(49): Flarum\Http\Middleware\HandleErrors->process()
#52 /var/www/flarum/vendor/flarum/core/src/Http/Middleware/InjectActorReference.php(25): Laminas\Stratigility\Next->handle()
#53 /var/www/flarum/vendor/laminas/laminas-stratigility/src/Next.php(49): Flarum\Http\Middleware\InjectActorReference->process()
#54 /var/www/flarum/vendor/laminas/laminas-stratigility/src/MiddlewarePipe.php(81): Laminas\Stratigility\Next->handle()
#55 /var/www/flarum/vendor/middlewares/request-handler/src/RequestHandler.php(84): Laminas\Stratigility\MiddlewarePipe->process()
#56 /var/www/flarum/vendor/laminas/laminas-stratigility/src/Next.php(49): Middlewares\RequestHandler->process()
#57 /var/www/flarum/vendor/middlewares/base-path-router/src/BasePathRouter.php(97): Laminas\Stratigility\Next->handle()
#58 /var/www/flarum/vendor/laminas/laminas-stratigility/src/Next.php(49): Middlewares\BasePathRouter->process()
#59 /var/www/flarum/vendor/laminas/laminas-stratigility/src/Middleware/OriginalMessages.php(36): Laminas\Stratigility\Next->handle()
#60 /var/www/flarum/vendor/laminas/laminas-stratigility/src/Next.php(49): Laminas\Stratigility\Middleware\OriginalMessages->process()
#61 /var/www/flarum/vendor/middlewares/base-path/src/BasePath.php(73): Laminas\Stratigility\Next->handle()
#62 /var/www/flarum/vendor/laminas/laminas-stratigility/src/Next.php(49): Middlewares\BasePath->process()
#63 /var/www/flarum/vendor/flarum/core/src/Http/Middleware/ProcessIp.php(24): Laminas\Stratigility\Next->handle()
#64 /var/www/flarum/vendor/laminas/laminas-stratigility/src/Next.php(49): Flarum\Http\Middleware\ProcessIp->process()
#65 /var/www/flarum/vendor/laminas/laminas-stratigility/src/MiddlewarePipe.php(81): Laminas\Stratigility\Next->handle()
#66 /var/www/flarum/vendor/laminas/laminas-stratigility/src/MiddlewarePipe.php(70): Laminas\Stratigility\MiddlewarePipe->process()
#67 /var/www/flarum/vendor/laminas/laminas-httphandlerrunner/src/RequestHandlerRunner.php(73): Laminas\Stratigility\MiddlewarePipe->handle()
#68 /var/www/flarum/vendor/flarum/core/src/Http/Server.php(45): Laminas\HttpHandlerRunner\RequestHandlerRunner->run()
#69 /var/www/flarum/public/index.php(26): Flarum\Http\Server->listen()
#70 {main}  
