[2026-02-16 17:21:55] flarum.ERROR: Symfony\Component\Console\Exception\RuntimeException: The "--force" option does not exist. in /var/www/flarum/vendor/symfony/console/Input/ArgvInput.php:220
Stack trace:
#0 /var/www/flarum/vendor/symfony/console/Input/ArgvInput.php(149): Symfony\Component\Console\Input\ArgvInput->addLongOption()
#1 /var/www/flarum/vendor/symfony/console/Input/ArgvInput.php(82): Symfony\Component\Console\Input\ArgvInput->parseLongOption()
#2 /var/www/flarum/vendor/symfony/console/Input/ArgvInput.php(71): Symfony\Component\Console\Input\ArgvInput->parseToken()
#3 /var/www/flarum/vendor/symfony/console/Input/Input.php(55): Symfony\Component\Console\Input\ArgvInput->parse()
#4 /var/www/flarum/vendor/symfony/console/Command/Command.php(257): Symfony\Component\Console\Input\Input->bind()
#5 /var/www/flarum/vendor/symfony/console/Application.php(1058): Symfony\Component\Console\Command\Command->run()
#6 /var/www/flarum/vendor/symfony/console/Application.php(301): Symfony\Component\Console\Application->doRunCommand()
#7 /var/www/flarum/vendor/symfony/console/Application.php(171): Symfony\Component\Console\Application->doRun()
#8 /var/www/flarum/vendor/flarum/core/src/Console/Server.php(42): Symfony\Component\Console\Application->run()
#9 /var/www/flarum/flarum(24): Flarum\Console\Server->listen()
#10 {main}  
[2026-02-16 17:23:44] flarum.ERROR: Symfony\Component\Console\Exception\RuntimeException: The "--force" option does not exist. in /var/www/flarum/vendor/symfony/console/Input/ArgvInput.php:220
Stack trace:
#0 /var/www/flarum/vendor/symfony/console/Input/ArgvInput.php(149): Symfony\Component\Console\Input\ArgvInput->addLongOption()
#1 /var/www/flarum/vendor/symfony/console/Input/ArgvInput.php(82): Symfony\Component\Console\Input\ArgvInput->parseLongOption()
#2 /var/www/flarum/vendor/symfony/console/Input/ArgvInput.php(71): Symfony\Component\Console\Input\ArgvInput->parseToken()
#3 /var/www/flarum/vendor/symfony/console/Input/Input.php(55): Symfony\Component\Console\Input\ArgvInput->parse()
#4 /var/www/flarum/vendor/symfony/console/Command/Command.php(257): Symfony\Component\Console\Input\Input->bind()
#5 /var/www/flarum/vendor/symfony/console/Application.php(1058): Symfony\Component\Console\Command\Command->run()
#6 /var/www/flarum/vendor/symfony/console/Application.php(301): Symfony\Component\Console\Application->doRunCommand()
#7 /var/www/flarum/vendor/symfony/console/Application.php(171): Symfony\Component\Console\Application->doRun()
#8 /var/www/flarum/vendor/flarum/core/src/Console/Server.php(42): Symfony\Component\Console\Application->run()
#9 /var/www/flarum/flarum(24): Flarum\Console\Server->listen()
#10 {main}  
[2026-02-16 18:27:00] flarum.ERROR: Symfony\Component\Console\Exception\CommandNotFoundException: Command "extension:list" is not defined.

Did you mean one of these?
    extension:disable
    extension:enable
    schedule:list in /var/www/flarum/vendor/symfony/console/Application.php:720
Stack trace:
#0 /var/www/flarum/vendor/symfony/console/Application.php(259): Symfony\Component\Console\Application->find()
#1 /var/www/flarum/vendor/symfony/console/Application.php(171): Symfony\Component\Console\Application->doRun()
#2 /var/www/flarum/vendor/flarum/core/src/Console/Server.php(42): Symfony\Component\Console\Application->run()
#3 /var/www/flarum/flarum(24): Flarum\Console\Server->listen()
#4 {main}  
[2026-02-16 18:27:08] flarum.ERROR: Symfony\Component\Console\Exception\CommandNotFoundException: Command "extension:list" is not defined.

Did you mean one of these?
    extension:disable
    extension:enable
    schedule:list in /var/www/flarum/vendor/symfony/console/Application.php:720
Stack trace:
#0 /var/www/flarum/vendor/symfony/console/Application.php(259): Symfony\Component\Console\Application->find()
#1 /var/www/flarum/vendor/symfony/console/Application.php(171): Symfony\Component\Console\Application->doRun()
#2 /var/www/flarum/vendor/flarum/core/src/Console/Server.php(42): Symfony\Component\Console\Application->run()
#3 /var/www/flarum/flarum(24): Flarum\Console\Server->listen()
#4 {main}  
[2026-02-16 22:08:59] flarum.ERROR: Swift_TransportException: Expected response code 220 but got an empty response in /var/www/flarum/vendor/swiftmailer/swiftmailer/lib/classes/Swift/Transport/AbstractSmtpTransport.php:447
Stack trace:
#0 /var/www/flarum/vendor/swiftmailer/swiftmailer/lib/classes/Swift/Transport/AbstractSmtpTransport.php(360): Swift_Transport_AbstractSmtpTransport->assertResponseCode()
#1 /var/www/flarum/vendor/swiftmailer/swiftmailer/lib/classes/Swift/Transport/AbstractSmtpTransport.php(147): Swift_Transport_AbstractSmtpTransport->readGreeting()
#2 /var/www/flarum/vendor/swiftmailer/swiftmailer/lib/classes/Swift/Transport/SendmailTransport.php(50): Swift_Transport_AbstractSmtpTransport->start()
#3 /var/www/flarum/vendor/swiftmailer/swiftmailer/lib/classes/Swift/Mailer.php(65): Swift_Transport_SendmailTransport->start()
#4 /var/www/flarum/vendor/illuminate/mail/Mailer.php(521): Swift_Mailer->send()
#5 /var/www/flarum/vendor/illuminate/mail/Mailer.php(288): Illuminate\Mail\Mailer->sendSwiftMessage()
#6 /var/www/flarum/vendor/illuminate/mail/Mailer.php(212): Illuminate\Mail\Mailer->send()
#7 /var/www/flarum/vendor/flarum/core/src/Mail/Job/SendRawEmailJob.php(33): Illuminate\Mail\Mailer->raw()
#8 /var/www/flarum/vendor/illuminate/container/BoundMethod.php(36): Flarum\Mail\Job\SendRawEmailJob->handle()
#9 /var/www/flarum/vendor/illuminate/container/Util.php(40): Illuminate\Container\BoundMethod::Illuminate\Container\{closure}()
#10 /var/www/flarum/vendor/illuminate/container/BoundMethod.php(93): Illuminate\Container\Util::unwrapIfClosure()
#11 /var/www/flarum/vendor/illuminate/container/BoundMethod.php(35): Illuminate\Container\BoundMethod::callBoundMethod()
#12 /var/www/flarum/vendor/illuminate/container/Container.php(653): Illuminate\Container\BoundMethod::call()
#13 /var/www/flarum/vendor/illuminate/bus/Dispatcher.php(128): Illuminate\Container\Container->call()
#14 /var/www/flarum/vendor/illuminate/pipeline/Pipeline.php(128): Illuminate\Bus\Dispatcher->Illuminate\Bus\{closure}()
#15 /var/www/flarum/vendor/illuminate/pipeline/Pipeline.php(103): Illuminate\Pipeline\Pipeline->Illuminate\Pipeline\{closure}()
#16 /var/www/flarum/vendor/illuminate/bus/Dispatcher.php(132): Illuminate\Pipeline\Pipeline->then()
#17 /var/www/flarum/vendor/illuminate/queue/CallQueuedHandler.php(119): Illuminate\Bus\Dispatcher->dispatchNow()
#18 /var/www/flarum/vendor/illuminate/pipeline/Pipeline.php(128): Illuminate\Queue\CallQueuedHandler->Illuminate\Queue\{closure}()
#19 /var/www/flarum/vendor/illuminate/pipeline/Pipeline.php(103): Illuminate\Pipeline\Pipeline->Illuminate\Pipeline\{closure}()
#20 /var/www/flarum/vendor/illuminate/queue/CallQueuedHandler.php(118): Illuminate\Pipeline\Pipeline->then()
#21 /var/www/flarum/vendor/illuminate/queue/CallQueuedHandler.php(70): Illuminate\Queue\CallQueuedHandler->dispatchThroughMiddleware()
#22 /var/www/flarum/vendor/illuminate/queue/Jobs/Job.php(98): Illuminate\Queue\CallQueuedHandler->call()
#23 /var/www/flarum/vendor/illuminate/queue/SyncQueue.php(43): Illuminate\Queue\Jobs\Job->fire()
#24 /var/www/flarum/vendor/flarum/core/src/User/AccountActivationMailerTrait.php(54): Illuminate\Queue\SyncQueue->push()
#25 /var/www/flarum/vendor/flarum/core/src/User/AccountActivationMailer.php(71): Flarum\User\AccountActivationMailer->sendConfirmationEmail()
#26 /var/www/flarum/vendor/illuminate/events/Dispatcher.php(424): Flarum\User\AccountActivationMailer->handle()
#27 /var/www/flarum/vendor/illuminate/events/Dispatcher.php(249): Illuminate\Events\Dispatcher->Illuminate\Events\{closure}()
#28 /var/www/flarum/vendor/flarum/core/src/Foundation/DispatchEventsTrait.php(33): Illuminate\Events\Dispatcher->dispatch()
#29 /var/www/flarum/vendor/flarum/core/src/User/Command/RegisterUserHandler.php(120): Flarum\User\Command\RegisterUserHandler->dispatchEventsFor()
#30 /var/www/flarum/vendor/illuminate/bus/Dispatcher.php(122): Flarum\User\Command\RegisterUserHandler->handle()
#31 /var/www/flarum/vendor/illuminate/pipeline/Pipeline.php(128): Illuminate\Bus\Dispatcher->Illuminate\Bus\{closure}()
#32 /var/www/flarum/vendor/illuminate/pipeline/Pipeline.php(103): Illuminate\Pipeline\Pipeline->Illuminate\Pipeline\{closure}()
#33 /var/www/flarum/vendor/illuminate/bus/Dispatcher.php(132): Illuminate\Pipeline\Pipeline->then()
#34 /var/www/flarum/vendor/illuminate/bus/Dispatcher.php(78): Illuminate\Bus\Dispatcher->dispatchNow()
#35 /var/www/flarum/vendor/flarum/core/src/Api/Controller/CreateUserController.php(45): Illuminate\Bus\Dispatcher->dispatch()
#36 /var/www/flarum/vendor/flarum/core/src/Api/Controller/AbstractSerializeController.php(116): Flarum\Api\Controller\CreateUserController->data()
#37 /var/www/flarum/vendor/flarum/core/src/Api/Controller/AbstractCreateController.php(22): Flarum\Api\Controller\AbstractSerializeController->handle()
#38 /var/www/flarum/vendor/flarum/core/src/Http/RouteHandlerFactory.php(41): Flarum\Api\Controller\AbstractCreateController->handle()
#39 /var/www/flarum/vendor/flarum/core/src/Http/Middleware/ExecuteRoute.php(27): Flarum\Http\RouteHandlerFactory->Flarum\Http\{closure}()
#40 /var/www/flarum/vendor/laminas/laminas-stratigility/src/Next.php(49): Flarum\Http\Middleware\ExecuteRoute->process()
#41 /var/www/flarum/vendor/flarum/core/src/Api/Middleware/ThrottleApi.php(33): Laminas\Stratigility\Next->handle()
#42 /var/www/flarum/vendor/laminas/laminas-stratigility/src/Next.php(49): Flarum\Api\Middleware\ThrottleApi->process()
#43 /var/www/flarum/vendor/flarum/core/src/Http/Middleware/ResolveRoute.php(69): Laminas\Stratigility\Next->handle()
#44 /var/www/flarum/vendor/laminas/laminas-stratigility/src/Next.php(49): Flarum\Http\Middleware\ResolveRoute->process()
#45 /var/www/flarum/vendor/flarum/core/src/Http/Middleware/SetLocale.php(51): Laminas\Stratigility\Next->handle()
#46 /var/www/flarum/vendor/laminas/laminas-stratigility/src/Next.php(49): Flarum\Http\Middleware\SetLocale->process()
#47 /var/www/flarum/vendor/flarum/core/src/Http/Middleware/HandleErrors.php(57): Laminas\Stratigility\Next->handle()
#48 /var/www/flarum/vendor/laminas/laminas-stratigility/src/Next.php(49): Flarum\Http\Middleware\HandleErrors->process()
#49 /var/www/flarum/vendor/laminas/laminas-stratigility/src/MiddlewarePipe.php(81): Laminas\Stratigility\Next->handle()
#50 /var/www/flarum/vendor/laminas/laminas-stratigility/src/MiddlewarePipe.php(70): Laminas\Stratigility\MiddlewarePipe->process()
#51 /var/www/flarum/vendor/flarum/core/src/Api/Client.php(141): Laminas\Stratigility\MiddlewarePipe->handle()
#52 /var/www/flarum/vendor/flarum/core/src/Api/Client.php(96): Flarum\Api\Client->send()
#53 /var/www/flarum/vendor/flarum/core/src/Forum/Controller/RegisterController.php(56): Flarum\Api\Client->post()
#54 /var/www/flarum/vendor/flarum/core/src/Http/RouteHandlerFactory.php(41): Flarum\Forum\Controller\RegisterController->handle()
#55 /var/www/flarum/vendor/flarum/core/src/Http/Middleware/ExecuteRoute.php(27): Flarum\Http\RouteHandlerFactory->Flarum\Http\{closure}()
#56 /var/www/flarum/vendor/laminas/laminas-stratigility/src/Next.php(49): Flarum\Http\Middleware\ExecuteRoute->process()
#57 /var/www/flarum/vendor/fof/frontpage/src/Middleware/AddFrontpageFilter.php(30): Laminas\Stratigility\Next->handle()
#58 /var/www/flarum/vendor/laminas/laminas-stratigility/src/Next.php(49): FoF\FrontPage\Middleware\AddFrontpageFilter->process()
#59 /var/www/flarum/vendor/flarum/core/src/Http/Middleware/ContentTypeOptionsHeader.php(21): Laminas\Stratigility\Next->handle()
#60 /var/www/flarum/vendor/laminas/laminas-stratigility/src/Next.php(49): Flarum\Http\Middleware\ContentTypeOptionsHeader->process()
#61 /var/www/flarum/vendor/flarum/core/src/Http/Middleware/ReferrerPolicyHeader.php(30): Laminas\Stratigility\Next->handle()
#62 /var/www/flarum/vendor/laminas/laminas-stratigility/src/Next.php(49): Flarum\Http\Middleware\ReferrerPolicyHeader->process()
#63 /var/www/flarum/vendor/flarum/core/src/Http/Middleware/FlarumPromotionHeader.php(30): Laminas\Stratigility\Next->handle()
#64 /var/www/flarum/vendor/laminas/laminas-stratigility/src/Next.php(49): Flarum\Http\Middleware\FlarumPromotionHeader->process()
#65 /var/www/flarum/vendor/flarum/core/src/Http/Middleware/ShareErrorsFromSession.php(57): Laminas\Stratigility\Next->handle()
#66 /var/www/flarum/vendor/laminas/laminas-stratigility/src/Next.php(49): Flarum\Http\Middleware\ShareErrorsFromSession->process()
#67 /var/www/flarum/vendor/flarum/core/src/Http/Middleware/CheckCsrfToken.php(44): Laminas\Stratigility\Next->handle()
#68 /var/www/flarum/vendor/laminas/laminas-stratigility/src/Next.php(49): Flarum\Http\Middleware\CheckCsrfToken->process()
#69 /var/www/flarum/vendor/flarum/core/src/Http/Middleware/ResolveRoute.php(69): Laminas\Stratigility\Next->handle()
#70 /var/www/flarum/vendor/laminas/laminas-stratigility/src/Next.php(49): Flarum\Http\Middleware\ResolveRoute->process()
#71 /var/www/flarum/vendor/flarum/core/src/Http/Middleware/SetLocale.php(51): Laminas\Stratigility\Next->handle()
#72 /var/www/flarum/vendor/laminas/laminas-stratigility/src/Next.php(49): Flarum\Http\Middleware\SetLocale->process()
#73 /var/www/flarum/vendor/flarum/core/src/Http/Middleware/AuthenticateWithSession.php(31): Laminas\Stratigility\Next->handle()
#74 /var/www/flarum/vendor/laminas/laminas-stratigility/src/Next.php(49): Flarum\Http\Middleware\AuthenticateWithSession->process()
#75 /var/www/flarum/vendor/flarum/core/src/Http/Middleware/RememberFromCookie.php(63): Laminas\Stratigility\Next->handle()
#76 /var/www/flarum/vendor/laminas/laminas-stratigility/src/Next.php(49): Flarum\Http\Middleware\RememberFromCookie->process()
#77 /var/www/flarum/vendor/flarum/core/src/Http/Middleware/StartSession.php(61): Laminas\Stratigility\Next->handle()
#78 /var/www/flarum/vendor/laminas/laminas-stratigility/src/Next.php(49): Flarum\Http\Middleware\StartSession->process()
#79 /var/www/flarum/vendor/flarum/core/src/Http/Middleware/CollectGarbage.php(46): Laminas\Stratigility\Next->handle()
#80 /var/www/flarum/vendor/laminas/laminas-stratigility/src/Next.php(49): Flarum\Http\Middleware\CollectGarbage->process()
#81 /var/www/flarum/vendor/flarum/core/src/Http/Middleware/ParseJsonBody.php(28): Laminas\Stratigility\Next->handle()
#82 /var/www/flarum/vendor/laminas/laminas-stratigility/src/Next.php(49): Flarum\Http\Middleware\ParseJsonBody->process()
#83 /var/www/flarum/vendor/flarum/core/src/Http/Middleware/HandleErrors.php(57): Laminas\Stratigility\Next->handle()
#84 /var/www/flarum/vendor/laminas/laminas-stratigility/src/Next.php(49): Flarum\Http\Middleware\HandleErrors->process()
#85 /var/www/flarum/vendor/flarum/core/src/Http/Middleware/InjectActorReference.php(25): Laminas\Stratigility\Next->handle()
#86 /var/www/flarum/vendor/laminas/laminas-stratigility/src/Next.php(49): Flarum\Http\Middleware\InjectActorReference->process()
#87 /var/www/flarum/vendor/laminas/laminas-stratigility/src/MiddlewarePipe.php(81): Laminas\Stratigility\Next->handle()
#88 /var/www/flarum/vendor/middlewares/request-handler/src/RequestHandler.php(84): Laminas\Stratigility\MiddlewarePipe->process()
#89 /var/www/flarum/vendor/laminas/laminas-stratigility/src/Next.php(49): Middlewares\RequestHandler->process()
#90 /var/www/flarum/vendor/middlewares/base-path-router/src/BasePathRouter.php(97): Laminas\Stratigility\Next->handle()
#91 /var/www/flarum/vendor/laminas/laminas-stratigility/src/Next.php(49): Middlewares\BasePathRouter->process()
#92 /var/www/flarum/vendor/laminas/laminas-stratigility/src/Middleware/OriginalMessages.php(36): Laminas\Stratigility\Next->handle()
#93 /var/www/flarum/vendor/laminas/laminas-stratigility/src/Next.php(49): Laminas\Stratigility\Middleware\OriginalMessages->process()
#94 /var/www/flarum/vendor/middlewares/base-path/src/BasePath.php(73): Laminas\Stratigility\Next->handle()
#95 /var/www/flarum/vendor/laminas/laminas-stratigility/src/Next.php(49): Middlewares\BasePath->process()
#96 /var/www/flarum/vendor/flarum/core/src/Http/Middleware/ProcessIp.php(24): Laminas\Stratigility\Next->handle()
#97 /var/www/flarum/vendor/laminas/laminas-stratigility/src/Next.php(49): Flarum\Http\Middleware\ProcessIp->process()
#98 /var/www/flarum/vendor/laminas/laminas-stratigility/src/MiddlewarePipe.php(81): Laminas\Stratigility\Next->handle()
#99 /var/www/flarum/vendor/laminas/laminas-stratigility/src/MiddlewarePipe.php(70): Laminas\Stratigility\MiddlewarePipe->process()
#100 /var/www/flarum/vendor/laminas/laminas-httphandlerrunner/src/RequestHandlerRunner.php(73): Laminas\Stratigility\MiddlewarePipe->handle()
#101 /var/www/flarum/vendor/flarum/core/src/Http/Server.php(45): Laminas\HttpHandlerRunner\RequestHandlerRunner->run()
#102 /var/www/flarum/public/index.php(26): Flarum\Http\Server->listen()
#103 {main}  
[2026-02-16 22:08:59] flarum.ERROR: Swift_TransportException: Expected response code 220 but got an empty response in /var/www/flarum/vendor/swiftmailer/swiftmailer/lib/classes/Swift/Transport/AbstractSmtpTransport.php:447
Stack trace:
#0 /var/www/flarum/vendor/swiftmailer/swiftmailer/lib/classes/Swift/Transport/AbstractSmtpTransport.php(360): Swift_Transport_AbstractSmtpTransport->assertResponseCode()
#1 /var/www/flarum/vendor/swiftmailer/swiftmailer/lib/classes/Swift/Transport/AbstractSmtpTransport.php(147): Swift_Transport_AbstractSmtpTransport->readGreeting()
#2 /var/www/flarum/vendor/swiftmailer/swiftmailer/lib/classes/Swift/Transport/SendmailTransport.php(50): Swift_Transport_AbstractSmtpTransport->start()
#3 /var/www/flarum/vendor/swiftmailer/swiftmailer/lib/classes/Swift/Mailer.php(65): Swift_Transport_SendmailTransport->start()
#4 /var/www/flarum/vendor/illuminate/mail/Mailer.php(521): Swift_Mailer->send()
#5 /var/www/flarum/vendor/illuminate/mail/Mailer.php(288): Illuminate\Mail\Mailer->sendSwiftMessage()
#6 /var/www/flarum/vendor/illuminate/mail/Mailer.php(212): Illuminate\Mail\Mailer->send()
#7 /var/www/flarum/vendor/flarum/core/src/Mail/Job/SendRawEmailJob.php(33): Illuminate\Mail\Mailer->raw()
#8 /var/www/flarum/vendor/illuminate/container/BoundMethod.php(36): Flarum\Mail\Job\SendRawEmailJob->handle()
#9 /var/www/flarum/vendor/illuminate/container/Util.php(40): Illuminate\Container\BoundMethod::Illuminate\Container\{closure}()
#10 /var/www/flarum/vendor/illuminate/container/BoundMethod.php(93): Illuminate\Container\Util::unwrapIfClosure()
#11 /var/www/flarum/vendor/illuminate/container/BoundMethod.php(35): Illuminate\Container\BoundMethod::callBoundMethod()
#12 /var/www/flarum/vendor/illuminate/container/Container.php(653): Illuminate\Container\BoundMethod::call()
#13 /var/www/flarum/vendor/illuminate/bus/Dispatcher.php(128): Illuminate\Container\Container->call()
#14 /var/www/flarum/vendor/illuminate/pipeline/Pipeline.php(128): Illuminate\Bus\Dispatcher->Illuminate\Bus\{closure}()
#15 /var/www/flarum/vendor/illuminate/pipeline/Pipeline.php(103): Illuminate\Pipeline\Pipeline->Illuminate\Pipeline\{closure}()
#16 /var/www/flarum/vendor/illuminate/bus/Dispatcher.php(132): Illuminate\Pipeline\Pipeline->then()
#17 /var/www/flarum/vendor/illuminate/queue/CallQueuedHandler.php(119): Illuminate\Bus\Dispatcher->dispatchNow()
#18 /var/www/flarum/vendor/illuminate/pipeline/Pipeline.php(128): Illuminate\Queue\CallQueuedHandler->Illuminate\Queue\{closure}()
#19 /var/www/flarum/vendor/illuminate/pipeline/Pipeline.php(103): Illuminate\Pipeline\Pipeline->Illuminate\Pipeline\{closure}()
#20 /var/www/flarum/vendor/illuminate/queue/CallQueuedHandler.php(118): Illuminate\Pipeline\Pipeline->then()
#21 /var/www/flarum/vendor/illuminate/queue/CallQueuedHandler.php(70): Illuminate\Queue\CallQueuedHandler->dispatchThroughMiddleware()
#22 /var/www/flarum/vendor/illuminate/queue/Jobs/Job.php(98): Illuminate\Queue\CallQueuedHandler->call()
#23 /var/www/flarum/vendor/illuminate/queue/SyncQueue.php(43): Illuminate\Queue\Jobs\Job->fire()
#24 /var/www/flarum/vendor/flarum/core/src/User/AccountActivationMailerTrait.php(54): Illuminate\Queue\SyncQueue->push()
#25 /var/www/flarum/vendor/flarum/core/src/User/AccountActivationMailer.php(71): Flarum\User\AccountActivationMailer->sendConfirmationEmail()
#26 /var/www/flarum/vendor/illuminate/events/Dispatcher.php(424): Flarum\User\AccountActivationMailer->handle()
#27 /var/www/flarum/vendor/illuminate/events/Dispatcher.php(249): Illuminate\Events\Dispatcher->Illuminate\Events\{closure}()
#28 /var/www/flarum/vendor/flarum/core/src/Foundation/DispatchEventsTrait.php(33): Illuminate\Events\Dispatcher->dispatch()
#29 /var/www/flarum/vendor/flarum/core/src/User/Command/RegisterUserHandler.php(120): Flarum\User\Command\RegisterUserHandler->dispatchEventsFor()
#30 /var/www/flarum/vendor/illuminate/bus/Dispatcher.php(122): Flarum\User\Command\RegisterUserHandler->handle()
#31 /var/www/flarum/vendor/illuminate/pipeline/Pipeline.php(128): Illuminate\Bus\Dispatcher->Illuminate\Bus\{closure}()
#32 /var/www/flarum/vendor/illuminate/pipeline/Pipeline.php(103): Illuminate\Pipeline\Pipeline->Illuminate\Pipeline\{closure}()
#33 /var/www/flarum/vendor/illuminate/bus/Dispatcher.php(132): Illuminate\Pipeline\Pipeline->then()
#34 /var/www/flarum/vendor/illuminate/bus/Dispatcher.php(78): Illuminate\Bus\Dispatcher->dispatchNow()
#35 /var/www/flarum/vendor/flarum/core/src/Api/Controller/CreateUserController.php(45): Illuminate\Bus\Dispatcher->dispatch()
#36 /var/www/flarum/vendor/flarum/core/src/Api/Controller/AbstractSerializeController.php(116): Flarum\Api\Controller\CreateUserController->data()
#37 /var/www/flarum/vendor/flarum/core/src/Api/Controller/AbstractCreateController.php(22): Flarum\Api\Controller\AbstractSerializeController->handle()
#38 /var/www/flarum/vendor/flarum/core/src/Http/RouteHandlerFactory.php(41): Flarum\Api\Controller\AbstractCreateController->handle()
#39 /var/www/flarum/vendor/flarum/core/src/Http/Middleware/ExecuteRoute.php(27): Flarum\Http\RouteHandlerFactory->Flarum\Http\{closure}()
#40 /var/www/flarum/vendor/laminas/laminas-stratigility/src/Next.php(49): Flarum\Http\Middleware\ExecuteRoute->process()
#41 /var/www/flarum/vendor/flarum/core/src/Api/Middleware/ThrottleApi.php(33): Laminas\Stratigility\Next->handle()
#42 /var/www/flarum/vendor/laminas/laminas-stratigility/src/Next.php(49): Flarum\Api\Middleware\ThrottleApi->process()
#43 /var/www/flarum/vendor/flarum/core/src/Http/Middleware/ResolveRoute.php(69): Laminas\Stratigility\Next->handle()
#44 /var/www/flarum/vendor/laminas/laminas-stratigility/src/Next.php(49): Flarum\Http\Middleware\ResolveRoute->process()
#45 /var/www/flarum/vendor/flarum/core/src/Http/Middleware/SetLocale.php(51): Laminas\Stratigility\Next->handle()
#46 /var/www/flarum/vendor/laminas/laminas-stratigility/src/Next.php(49): Flarum\Http\Middleware\SetLocale->process()
#47 /var/www/flarum/vendor/flarum/core/src/Http/Middleware/HandleErrors.php(57): Laminas\Stratigility\Next->handle()
#48 /var/www/flarum/vendor/laminas/laminas-stratigility/src/Next.php(49): Flarum\Http\Middleware\HandleErrors->process()
#49 /var/www/flarum/vendor/laminas/laminas-stratigility/src/MiddlewarePipe.php(81): Laminas\Stratigility\Next->handle()
#50 /var/www/flarum/vendor/laminas/laminas-stratigility/src/MiddlewarePipe.php(70): Laminas\Stratigility\MiddlewarePipe->process()
#51 /var/www/flarum/vendor/flarum/core/src/Api/Client.php(141): Laminas\Stratigility\MiddlewarePipe->handle()
#52 /var/www/flarum/vendor/flarum/core/src/Api/Client.php(96): Flarum\Api\Client->send()
#53 /var/www/flarum/vendor/flarum/core/src/Forum/Controller/RegisterController.php(56): Flarum\Api\Client->post()
#54 /var/www/flarum/vendor/flarum/core/src/Http/RouteHandlerFactory.php(41): Flarum\Forum\Controller\RegisterController->handle()
#55 /var/www/flarum/vendor/flarum/core/src/Http/Middleware/ExecuteRoute.php(27): Flarum\Http\RouteHandlerFactory->Flarum\Http\{closure}()
#56 /var/www/flarum/vendor/laminas/laminas-stratigility/src/Next.php(49): Flarum\Http\Middleware\ExecuteRoute->process()
#57 /var/www/flarum/vendor/fof/frontpage/src/Middleware/AddFrontpageFilter.php(30): Laminas\Stratigility\Next->handle()
#58 /var/www/flarum/vendor/laminas/laminas-stratigility/src/Next.php(49): FoF\FrontPage\Middleware\AddFrontpageFilter->process()
#59 /var/www/flarum/vendor/flarum/core/src/Http/Middleware/ContentTypeOptionsHeader.php(21): Laminas\Stratigility\Next->handle()
#60 /var/www/flarum/vendor/laminas/laminas-stratigility/src/Next.php(49): Flarum\Http\Middleware\ContentTypeOptionsHeader->process()
#61 /var/www/flarum/vendor/flarum/core/src/Http/Middleware/ReferrerPolicyHeader.php(30): Laminas\Stratigility\Next->handle()
#62 /var/www/flarum/vendor/laminas/laminas-stratigility/src/Next.php(49): Flarum\Http\Middleware\ReferrerPolicyHeader->process()
#63 /var/www/flarum/vendor/flarum/core/src/Http/Middleware/FlarumPromotionHeader.php(30): Laminas\Stratigility\Next->handle()
#64 /var/www/flarum/vendor/laminas/laminas-stratigility/src/Next.php(49): Flarum\Http\Middleware\FlarumPromotionHeader->process()
#65 /var/www/flarum/vendor/flarum/core/src/Http/Middleware/ShareErrorsFromSession.php(57): Laminas\Stratigility\Next->handle()
#66 /var/www/flarum/vendor/laminas/laminas-stratigility/src/Next.php(49): Flarum\Http\Middleware\ShareErrorsFromSession->process()
#67 /var/www/flarum/vendor/flarum/core/src/Http/Middleware/CheckCsrfToken.php(44): Laminas\Stratigility\Next->handle()
#68 /var/www/flarum/vendor/laminas/laminas-stratigility/src/Next.php(49): Flarum\Http\Middleware\CheckCsrfToken->process()
#69 /var/www/flarum/vendor/flarum/core/src/Http/Middleware/ResolveRoute.php(69): Laminas\Stratigility\Next->handle()
#70 /var/www/flarum/vendor/laminas/laminas-stratigility/src/Next.php(49): Flarum\Http\Middleware\ResolveRoute->process()
#71 /var/www/flarum/vendor/flarum/core/src/Http/Middleware/SetLocale.php(51): Laminas\Stratigility\Next->handle()
#72 /var/www/flarum/vendor/laminas/laminas-stratigility/src/Next.php(49): Flarum\Http\Middleware\SetLocale->process()
#73 /var/www/flarum/vendor/flarum/core/src/Http/Middleware/AuthenticateWithSession.php(31): Laminas\Stratigility\Next->handle()
#74 /var/www/flarum/vendor/laminas/laminas-stratigility/src/Next.php(49): Flarum\Http\Middleware\AuthenticateWithSession->process()
#75 /var/www/flarum/vendor/flarum/core/src/Http/Middleware/RememberFromCookie.php(63): Laminas\Stratigility\Next->handle()
#76 /var/www/flarum/vendor/laminas/laminas-stratigility/src/Next.php(49): Flarum\Http\Middleware\RememberFromCookie->process()
#77 /var/www/flarum/vendor/flarum/core/src/Http/Middleware/StartSession.php(61): Laminas\Stratigility\Next->handle()
#78 /var/www/flarum/vendor/laminas/laminas-stratigility/src/Next.php(49): Flarum\Http\Middleware\StartSession->process()
#79 /var/www/flarum/vendor/flarum/core/src/Http/Middleware/CollectGarbage.php(46): Laminas\Stratigility\Next->handle()
#80 /var/www/flarum/vendor/laminas/laminas-stratigility/src/Next.php(49): Flarum\Http\Middleware\CollectGarbage->process()
#81 /var/www/flarum/vendor/flarum/core/src/Http/Middleware/ParseJsonBody.php(28): Laminas\Stratigility\Next->handle()
#82 /var/www/flarum/vendor/laminas/laminas-stratigility/src/Next.php(49): Flarum\Http\Middleware\ParseJsonBody->process()
#83 /var/www/flarum/vendor/flarum/core/src/Http/Middleware/HandleErrors.php(57): Laminas\Stratigility\Next->handle()
#84 /var/www/flarum/vendor/laminas/laminas-stratigility/src/Next.php(49): Flarum\Http\Middleware\HandleErrors->process()
#85 /var/www/flarum/vendor/flarum/core/src/Http/Middleware/InjectActorReference.php(25): Laminas\Stratigility\Next->handle()
#86 /var/www/flarum/vendor/laminas/laminas-stratigility/src/Next.php(49): Flarum\Http\Middleware\InjectActorReference->process()
#87 /var/www/flarum/vendor/laminas/laminas-stratigility/src/MiddlewarePipe.php(81): Laminas\Stratigility\Next->handle()
#88 /var/www/flarum/vendor/middlewares/request-handler/src/RequestHandler.php(84): Laminas\Stratigility\MiddlewarePipe->process()
#89 /var/www/flarum/vendor/laminas/laminas-stratigility/src/Next.php(49): Middlewares\RequestHandler->process()
#90 /var/www/flarum/vendor/middlewares/base-path-router/src/BasePathRouter.php(97): Laminas\Stratigility\Next->handle()
#91 /var/www/flarum/vendor/laminas/laminas-stratigility/src/Next.php(49): Middlewares\BasePathRouter->process()
#92 /var/www/flarum/vendor/laminas/laminas-stratigility/src/Middleware/OriginalMessages.php(36): Laminas\Stratigility\Next->handle()
#93 /var/www/flarum/vendor/laminas/laminas-stratigility/src/Next.php(49): Laminas\Stratigility\Middleware\OriginalMessages->process()
#94 /var/www/flarum/vendor/middlewares/base-path/src/BasePath.php(73): Laminas\Stratigility\Next->handle()
#95 /var/www/flarum/vendor/laminas/laminas-stratigility/src/Next.php(49): Middlewares\BasePath->process()
#96 /var/www/flarum/vendor/flarum/core/src/Http/Middleware/ProcessIp.php(24): Laminas\Stratigility\Next->handle()
#97 /var/www/flarum/vendor/laminas/laminas-stratigility/src/Next.php(49): Flarum\Http\Middleware\ProcessIp->process()
#98 /var/www/flarum/vendor/laminas/laminas-stratigility/src/MiddlewarePipe.php(81): Laminas\Stratigility\Next->handle()
#99 /var/www/flarum/vendor/laminas/laminas-stratigility/src/MiddlewarePipe.php(70): Laminas\Stratigility\MiddlewarePipe->process()
#100 /var/www/flarum/vendor/laminas/laminas-httphandlerrunner/src/RequestHandlerRunner.php(73): Laminas\Stratigility\MiddlewarePipe->handle()
#101 /var/www/flarum/vendor/flarum/core/src/Http/Server.php(45): Laminas\HttpHandlerRunner\RequestHandlerRunner->run()
#102 /var/www/flarum/public/index.php(26): Flarum\Http\Server->listen()
#103 {main}  
[2026-02-16 22:57:37] flarum.ERROR: Symfony\Component\Console\Exception\CommandNotFoundException: Command "migratecd" is not defined.

Did you mean one of these?
    migrate
    migrate:reset in /var/www/flarum/vendor/symfony/console/Application.php:720
Stack trace:
#0 /var/www/flarum/vendor/symfony/console/Application.php(259): Symfony\Component\Console\Application->find()
#1 /var/www/flarum/vendor/symfony/console/Application.php(171): Symfony\Component\Console\Application->doRun()
#2 /var/www/flarum/vendor/flarum/core/src/Console/Server.php(42): Symfony\Component\Console\Application->run()
#3 /var/www/flarum/flarum(24): Flarum\Console\Server->listen()
#4 {main}  
[2026-02-16 23:29:41] flarum.ERROR: TypeError: array_merge(): Argument #2 must be of type array, null given in /var/www/flarum/vendor/wikimedia/less.php/lib/Less/Tree/Dimension.php:97
Stack trace:
#0 /var/www/flarum/vendor/wikimedia/less.php/lib/Less/Tree/Dimension.php(97): array_merge()
#1 /var/www/flarum/vendor/wikimedia/less.php/lib/Less/Tree/Operation.php(43): Less_Tree_Dimension->operate()
#2 /var/www/flarum/vendor/wikimedia/less.php/lib/Less/Tree/Expression.php(46): Less_Tree_Operation->compile()
#3 /var/www/flarum/vendor/wikimedia/less.php/lib/Less/Tree/Call.php(40): Less_Tree_Expression->compile()
#4 /var/www/flarum/vendor/wikimedia/less.php/lib/Less/Tree/Expression.php(46): Less_Tree_Call->compile()
#5 /var/www/flarum/vendor/wikimedia/less.php/lib/Less/Tree/Call.php(40): Less_Tree_Expression->compile()
#6 /var/www/flarum/vendor/wikimedia/less.php/lib/Less/Tree/Expression.php(46): Less_Tree_Call->compile()
#7 /var/www/flarum/vendor/wikimedia/less.php/lib/Less/Tree/Value.php(25): Less_Tree_Expression->compile()
#8 /var/www/flarum/vendor/wikimedia/less.php/lib/Less/Tree/Rule.php(76): Less_Tree_Value->compile()
#9 /var/www/flarum/vendor/wikimedia/less.php/lib/Less/Tree/Ruleset.php(95): Less_Tree_Rule->compile()
#10 /var/www/flarum/vendor/wikimedia/less.php/lib/Less/Tree/Ruleset.php(95): Less_Tree_Ruleset->compile()
#11 /var/www/flarum/vendor/wikimedia/less.php/lib/Less/Parser.php(181): Less_Tree_Ruleset->compile()
#12 /var/www/flarum/vendor/flarum/core/src/Frontend/Compiler/LessCompiler.php(119): Less_Parser->getCss()
#13 /var/www/flarum/vendor/flarum/core/src/Frontend/Compiler/RevisionCompiler.php(138): Flarum\Frontend\Compiler\LessCompiler->compile()
#14 /var/www/flarum/vendor/flarum/core/src/Frontend/Compiler/RevisionCompiler.php(76): Flarum\Frontend\Compiler\RevisionCompiler->save()
#15 /var/www/flarum/vendor/flarum/core/src/Forum/ValidateCustomLess.php(94): Flarum\Frontend\Compiler\RevisionCompiler->commit()
#16 /var/www/flarum/vendor/flarum/core/src/Forum/ForumServiceProvider.php(191): Flarum\Forum\ValidateCustomLess->whenSettingsSaving()
#17 /var/www/flarum/vendor/illuminate/events/Dispatcher.php(404): Flarum\Forum\ForumServiceProvider->Flarum\Forum\{closure}()
#18 /var/www/flarum/vendor/illuminate/events/Dispatcher.php(249): Illuminate\Events\Dispatcher->Illuminate\Events\{closure}()
#19 /var/www/flarum/vendor/flarum/core/src/Api/Controller/SetSettingsController.php(51): Illuminate\Events\Dispatcher->dispatch()
#20 /var/www/flarum/vendor/flarum/core/src/Http/RouteHandlerFactory.php(41): Flarum\Api\Controller\SetSettingsController->handle()
#21 /var/www/flarum/vendor/flarum/core/src/Http/Middleware/ExecuteRoute.php(27): Flarum\Http\RouteHandlerFactory->Flarum\Http\{closure}()
#22 /var/www/flarum/vendor/laminas/laminas-stratigility/src/Next.php(49): Flarum\Http\Middleware\ExecuteRoute->process()
#23 /var/www/flarum/vendor/flarum/core/src/Api/Middleware/ThrottleApi.php(33): Laminas\Stratigility\Next->handle()
#24 /var/www/flarum/vendor/laminas/laminas-stratigility/src/Next.php(49): Flarum\Api\Middleware\ThrottleApi->process()
#25 /var/www/flarum/vendor/flarum/core/src/Http/Middleware/CheckCsrfToken.php(44): Laminas\Stratigility\Next->handle()
#26 /var/www/flarum/vendor/laminas/laminas-stratigility/src/Next.php(49): Flarum\Http\Middleware\CheckCsrfToken->process()
#27 /var/www/flarum/vendor/flarum/core/src/Http/Middleware/ResolveRoute.php(69): Laminas\Stratigility\Next->handle()
#28 /var/www/flarum/vendor/laminas/laminas-stratigility/src/Next.php(49): Flarum\Http\Middleware\ResolveRoute->process()
#29 /var/www/flarum/vendor/flarum/core/src/Http/Middleware/SetLocale.php(51): Laminas\Stratigility\Next->handle()
#30 /var/www/flarum/vendor/laminas/laminas-stratigility/src/Next.php(49): Flarum\Http\Middleware\SetLocale->process()
#31 /var/www/flarum/vendor/flarum/core/src/Http/Middleware/AuthenticateWithHeader.php(58): Laminas\Stratigility\Next->handle()
#32 /var/www/flarum/vendor/laminas/laminas-stratigility/src/Next.php(49): Flarum\Http\Middleware\AuthenticateWithHeader->process()
#33 /var/www/flarum/vendor/flarum/core/src/Http/Middleware/AuthenticateWithSession.php(31): Laminas\Stratigility\Next->handle()
#34 /var/www/flarum/vendor/laminas/laminas-stratigility/src/Next.php(49): Flarum\Http\Middleware\AuthenticateWithSession->process()
#35 /var/www/flarum/vendor/flarum/core/src/Http/Middleware/RememberFromCookie.php(63): Laminas\Stratigility\Next->handle()
#36 /var/www/flarum/vendor/laminas/laminas-stratigility/src/Next.php(49): Flarum\Http\Middleware\RememberFromCookie->process()
#37 /var/www/flarum/vendor/flarum/core/src/Http/Middleware/StartSession.php(61): Laminas\Stratigility\Next->handle()
#38 /var/www/flarum/vendor/laminas/laminas-stratigility/src/Next.php(49): Flarum\Http\Middleware\StartSession->process()
#39 /var/www/flarum/vendor/flarum/core/src/Api/Middleware/FakeHttpMethods.php(29): Laminas\Stratigility\Next->handle()
#40 /var/www/flarum/vendor/laminas/laminas-stratigility/src/Next.php(49): Flarum\Api\Middleware\FakeHttpMethods->process()
#41 /var/www/flarum/vendor/flarum/core/src/Http/Middleware/ParseJsonBody.php(28): Laminas\Stratigility\Next->handle()
#42 /var/www/flarum/vendor/laminas/laminas-stratigility/src/Next.php(49): Flarum\Http\Middleware\ParseJsonBody->process()
#43 /var/www/flarum/vendor/flarum/core/src/Http/Middleware/HandleErrors.php(57): Laminas\Stratigility\Next->handle()
#44 /var/www/flarum/vendor/laminas/laminas-stratigility/src/Next.php(49): Flarum\Http\Middleware\HandleErrors->process()
#45 /var/www/flarum/vendor/flarum/core/src/Http/Middleware/InjectActorReference.php(25): Laminas\Stratigility\Next->handle()
#46 /var/www/flarum/vendor/laminas/laminas-stratigility/src/Next.php(49): Flarum\Http\Middleware\InjectActorReference->process()
#47 /var/www/flarum/vendor/laminas/laminas-stratigility/src/MiddlewarePipe.php(81): Laminas\Stratigility\Next->handle()
#48 /var/www/flarum/vendor/middlewares/request-handler/src/RequestHandler.php(84): Laminas\Stratigility\MiddlewarePipe->process()
#49 /var/www/flarum/vendor/laminas/laminas-stratigility/src/Next.php(49): Middlewares\RequestHandler->process()
#50 /var/www/flarum/vendor/middlewares/base-path-router/src/BasePathRouter.php(97): Laminas\Stratigility\Next->handle()
#51 /var/www/flarum/vendor/laminas/laminas-stratigility/src/Next.php(49): Middlewares\BasePathRouter->process()
#52 /var/www/flarum/vendor/laminas/laminas-stratigility/src/Middleware/OriginalMessages.php(36): Laminas\Stratigility\Next->handle()
#53 /var/www/flarum/vendor/laminas/laminas-stratigility/src/Next.php(49): Laminas\Stratigility\Middleware\OriginalMessages->process()
#54 /var/www/flarum/vendor/middlewares/base-path/src/BasePath.php(73): Laminas\Stratigility\Next->handle()
#55 /var/www/flarum/vendor/laminas/laminas-stratigility/src/Next.php(49): Middlewares\BasePath->process()
#56 /var/www/flarum/vendor/flarum/core/src/Http/Middleware/ProcessIp.php(24): Laminas\Stratigility\Next->handle()
#57 /var/www/flarum/vendor/laminas/laminas-stratigility/src/Next.php(49): Flarum\Http\Middleware\ProcessIp->process()
#58 /var/www/flarum/vendor/laminas/laminas-stratigility/src/MiddlewarePipe.php(81): Laminas\Stratigility\Next->handle()
#59 /var/www/flarum/vendor/laminas/laminas-stratigility/src/MiddlewarePipe.php(70): Laminas\Stratigility\MiddlewarePipe->process()
#60 /var/www/flarum/vendor/laminas/laminas-httphandlerrunner/src/RequestHandlerRunner.php(73): Laminas\Stratigility\MiddlewarePipe->handle()
#61 /var/www/flarum/vendor/flarum/core/src/Http/Server.php(45): Laminas\HttpHandlerRunner\RequestHandlerRunner->run()
#62 /var/www/flarum/public/index.php(26): Flarum\Http\Server->listen()
#63 {main}  
[2026-02-16 23:29:47] flarum.ERROR: TypeError: array_merge(): Argument #2 must be of type array, null given in /var/www/flarum/vendor/wikimedia/less.php/lib/Less/Tree/Dimension.php:97
Stack trace:
#0 /var/www/flarum/vendor/wikimedia/less.php/lib/Less/Tree/Dimension.php(97): array_merge()
#1 /var/www/flarum/vendor/wikimedia/less.php/lib/Less/Tree/Operation.php(43): Less_Tree_Dimension->operate()
#2 /var/www/flarum/vendor/wikimedia/less.php/lib/Less/Tree/Expression.php(46): Less_Tree_Operation->compile()
#3 /var/www/flarum/vendor/wikimedia/less.php/lib/Less/Tree/Call.php(40): Less_Tree_Expression->compile()
#4 /var/www/flarum/vendor/wikimedia/less.php/lib/Less/Tree/Expression.php(46): Less_Tree_Call->compile()
#5 /var/www/flarum/vendor/wikimedia/less.php/lib/Less/Tree/Call.php(40): Less_Tree_Expression->compile()
#6 /var/www/flarum/vendor/wikimedia/less.php/lib/Less/Tree/Expression.php(46): Less_Tree_Call->compile()
#7 /var/www/flarum/vendor/wikimedia/less.php/lib/Less/Tree/Value.php(25): Less_Tree_Expression->compile()
#8 /var/www/flarum/vendor/wikimedia/less.php/lib/Less/Tree/Rule.php(76): Less_Tree_Value->compile()
#9 /var/www/flarum/vendor/wikimedia/less.php/lib/Less/Tree/Ruleset.php(95): Less_Tree_Rule->compile()
#10 /var/www/flarum/vendor/wikimedia/less.php/lib/Less/Tree/Ruleset.php(95): Less_Tree_Ruleset->compile()
#11 /var/www/flarum/vendor/wikimedia/less.php/lib/Less/Parser.php(181): Less_Tree_Ruleset->compile()
#12 /var/www/flarum/vendor/flarum/core/src/Frontend/Compiler/LessCompiler.php(119): Less_Parser->getCss()
#13 /var/www/flarum/vendor/flarum/core/src/Frontend/Compiler/RevisionCompiler.php(138): Flarum\Frontend\Compiler\LessCompiler->compile()
#14 /var/www/flarum/vendor/flarum/core/src/Frontend/Compiler/RevisionCompiler.php(76): Flarum\Frontend\Compiler\RevisionCompiler->save()
#15 /var/www/flarum/vendor/flarum/core/src/Forum/ValidateCustomLess.php(94): Flarum\Frontend\Compiler\RevisionCompiler->commit()
#16 /var/www/flarum/vendor/flarum/core/src/Forum/ForumServiceProvider.php(191): Flarum\Forum\ValidateCustomLess->whenSettingsSaving()
#17 /var/www/flarum/vendor/illuminate/events/Dispatcher.php(404): Flarum\Forum\ForumServiceProvider->Flarum\Forum\{closure}()
#18 /var/www/flarum/vendor/illuminate/events/Dispatcher.php(249): Illuminate\Events\Dispatcher->Illuminate\Events\{closure}()
#19 /var/www/flarum/vendor/flarum/core/src/Api/Controller/SetSettingsController.php(51): Illuminate\Events\Dispatcher->dispatch()
#20 /var/www/flarum/vendor/flarum/core/src/Http/RouteHandlerFactory.php(41): Flarum\Api\Controller\SetSettingsController->handle()
#21 /var/www/flarum/vendor/flarum/core/src/Http/Middleware/ExecuteRoute.php(27): Flarum\Http\RouteHandlerFactory->Flarum\Http\{closure}()
#22 /var/www/flarum/vendor/laminas/laminas-stratigility/src/Next.php(49): Flarum\Http\Middleware\ExecuteRoute->process()
#23 /var/www/flarum/vendor/flarum/core/src/Api/Middleware/ThrottleApi.php(33): Laminas\Stratigility\Next->handle()
#24 /var/www/flarum/vendor/laminas/laminas-stratigility/src/Next.php(49): Flarum\Api\Middleware\ThrottleApi->process()
#25 /var/www/flarum/vendor/flarum/core/src/Http/Middleware/CheckCsrfToken.php(44): Laminas\Stratigility\Next->handle()
#26 /var/www/flarum/vendor/laminas/laminas-stratigility/src/Next.php(49): Flarum\Http\Middleware\CheckCsrfToken->process()
#27 /var/www/flarum/vendor/flarum/core/src/Http/Middleware/ResolveRoute.php(69): Laminas\Stratigility\Next->handle()
#28 /var/www/flarum/vendor/laminas/laminas-stratigility/src/Next.php(49): Flarum\Http\Middleware\ResolveRoute->process()
#29 /var/www/flarum/vendor/flarum/core/src/Http/Middleware/SetLocale.php(51): Laminas\Stratigility\Next->handle()
#30 /var/www/flarum/vendor/laminas/laminas-stratigility/src/Next.php(49): Flarum\Http\Middleware\SetLocale->process()
#31 /var/www/flarum/vendor/flarum/core/src/Http/Middleware/AuthenticateWithHeader.php(58): Laminas\Stratigility\Next->handle()
#32 /var/www/flarum/vendor/laminas/laminas-stratigility/src/Next.php(49): Flarum\Http\Middleware\AuthenticateWithHeader->process()
#33 /var/www/flarum/vendor/flarum/core/src/Http/Middleware/AuthenticateWithSession.php(31): Laminas\Stratigility\Next->handle()
#34 /var/www/flarum/vendor/laminas/laminas-stratigility/src/Next.php(49): Flarum\Http\Middleware\AuthenticateWithSession->process()
#35 /var/www/flarum/vendor/flarum/core/src/Http/Middleware/RememberFromCookie.php(63): Laminas\Stratigility\Next->handle()
#36 /var/www/flarum/vendor/laminas/laminas-stratigility/src/Next.php(49): Flarum\Http\Middleware\RememberFromCookie->process()
#37 /var/www/flarum/vendor/flarum/core/src/Http/Middleware/StartSession.php(61): Laminas\Stratigility\Next->handle()
#38 /var/www/flarum/vendor/laminas/laminas-stratigility/src/Next.php(49): Flarum\Http\Middleware\StartSession->process()
#39 /var/www/flarum/vendor/flarum/core/src/Api/Middleware/FakeHttpMethods.php(29): Laminas\Stratigility\Next->handle()
#40 /var/www/flarum/vendor/laminas/laminas-stratigility/src/Next.php(49): Flarum\Api\Middleware\FakeHttpMethods->process()
#41 /var/www/flarum/vendor/flarum/core/src/Http/Middleware/ParseJsonBody.php(28): Laminas\Stratigility\Next->handle()
#42 /var/www/flarum/vendor/laminas/laminas-stratigility/src/Next.php(49): Flarum\Http\Middleware\ParseJsonBody->process()
#43 /var/www/flarum/vendor/flarum/core/src/Http/Middleware/HandleErrors.php(57): Laminas\Stratigility\Next->handle()
#44 /var/www/flarum/vendor/laminas/laminas-stratigility/src/Next.php(49): Flarum\Http\Middleware\HandleErrors->process()
#45 /var/www/flarum/vendor/flarum/core/src/Http/Middleware/InjectActorReference.php(25): Laminas\Stratigility\Next->handle()
#46 /var/www/flarum/vendor/laminas/laminas-stratigility/src/Next.php(49): Flarum\Http\Middleware\InjectActorReference->process()
#47 /var/www/flarum/vendor/laminas/laminas-stratigility/src/MiddlewarePipe.php(81): Laminas\Stratigility\Next->handle()
#48 /var/www/flarum/vendor/middlewares/request-handler/src/RequestHandler.php(84): Laminas\Stratigility\MiddlewarePipe->process()
#49 /var/www/flarum/vendor/laminas/laminas-stratigility/src/Next.php(49): Middlewares\RequestHandler->process()
#50 /var/www/flarum/vendor/middlewares/base-path-router/src/BasePathRouter.php(97): Laminas\Stratigility\Next->handle()
#51 /var/www/flarum/vendor/laminas/laminas-stratigility/src/Next.php(49): Middlewares\BasePathRouter->process()
#52 /var/www/flarum/vendor/laminas/laminas-stratigility/src/Middleware/OriginalMessages.php(36): Laminas\Stratigility\Next->handle()
#53 /var/www/flarum/vendor/laminas/laminas-stratigility/src/Next.php(49): Laminas\Stratigility\Middleware\OriginalMessages->process()
#54 /var/www/flarum/vendor/middlewares/base-path/src/BasePath.php(73): Laminas\Stratigility\Next->handle()
#55 /var/www/flarum/vendor/laminas/laminas-stratigility/src/Next.php(49): Middlewares\BasePath->process()
#56 /var/www/flarum/vendor/flarum/core/src/Http/Middleware/ProcessIp.php(24): Laminas\Stratigility\Next->handle()
#57 /var/www/flarum/vendor/laminas/laminas-stratigility/src/Next.php(49): Flarum\Http\Middleware\ProcessIp->process()
#58 /var/www/flarum/vendor/laminas/laminas-stratigility/src/MiddlewarePipe.php(81): Laminas\Stratigility\Next->handle()
#59 /var/www/flarum/vendor/laminas/laminas-stratigility/src/MiddlewarePipe.php(70): Laminas\Stratigility\MiddlewarePipe->process()
#60 /var/www/flarum/vendor/laminas/laminas-httphandlerrunner/src/RequestHandlerRunner.php(73): Laminas\Stratigility\MiddlewarePipe->handle()
#61 /var/www/flarum/vendor/flarum/core/src/Http/Server.php(45): Laminas\HttpHandlerRunner\RequestHandlerRunner->run()
#62 /var/www/flarum/public/index.php(26): Flarum\Http\Server->listen()
#63 {main}  
[2026-02-16 23:29:54] flarum.ERROR: TypeError: array_merge(): Argument #2 must be of type array, null given in /var/www/flarum/vendor/wikimedia/less.php/lib/Less/Tree/Dimension.php:97
Stack trace:
#0 /var/www/flarum/vendor/wikimedia/less.php/lib/Less/Tree/Dimension.php(97): array_merge()
#1 /var/www/flarum/vendor/wikimedia/less.php/lib/Less/Tree/Operation.php(43): Less_Tree_Dimension->operate()
#2 /var/www/flarum/vendor/wikimedia/less.php/lib/Less/Tree/Expression.php(46): Less_Tree_Operation->compile()
#3 /var/www/flarum/vendor/wikimedia/less.php/lib/Less/Tree/Call.php(40): Less_Tree_Expression->compile()
#4 /var/www/flarum/vendor/wikimedia/less.php/lib/Less/Tree/Expression.php(46): Less_Tree_Call->compile()
#5 /var/www/flarum/vendor/wikimedia/less.php/lib/Less/Tree/Call.php(40): Less_Tree_Expression->compile()
#6 /var/www/flarum/vendor/wikimedia/less.php/lib/Less/Tree/Expression.php(46): Less_Tree_Call->compile()
#7 /var/www/flarum/vendor/wikimedia/less.php/lib/Less/Tree/Value.php(25): Less_Tree_Expression->compile()
#8 /var/www/flarum/vendor/wikimedia/less.php/lib/Less/Tree/Rule.php(76): Less_Tree_Value->compile()
#9 /var/www/flarum/vendor/wikimedia/less.php/lib/Less/Tree/Ruleset.php(95): Less_Tree_Rule->compile()
#10 /var/www/flarum/vendor/wikimedia/less.php/lib/Less/Tree/Ruleset.php(95): Less_Tree_Ruleset->compile()
#11 /var/www/flarum/vendor/wikimedia/less.php/lib/Less/Parser.php(181): Less_Tree_Ruleset->compile()
#12 /var/www/flarum/vendor/flarum/core/src/Frontend/Compiler/LessCompiler.php(119): Less_Parser->getCss()
#13 /var/www/flarum/vendor/flarum/core/src/Frontend/Compiler/RevisionCompiler.php(138): Flarum\Frontend\Compiler\LessCompiler->compile()
#14 /var/www/flarum/vendor/flarum/core/src/Frontend/Compiler/RevisionCompiler.php(76): Flarum\Frontend\Compiler\RevisionCompiler->save()
#15 /var/www/flarum/vendor/flarum/core/src/Forum/ValidateCustomLess.php(94): Flarum\Frontend\Compiler\RevisionCompiler->commit()
#16 /var/www/flarum/vendor/flarum/core/src/Forum/ForumServiceProvider.php(191): Flarum\Forum\ValidateCustomLess->whenSettingsSaving()
#17 /var/www/flarum/vendor/illuminate/events/Dispatcher.php(404): Flarum\Forum\ForumServiceProvider->Flarum\Forum\{closure}()
#18 /var/www/flarum/vendor/illuminate/events/Dispatcher.php(249): Illuminate\Events\Dispatcher->Illuminate\Events\{closure}()
#19 /var/www/flarum/vendor/flarum/core/src/Api/Controller/SetSettingsController.php(51): Illuminate\Events\Dispatcher->dispatch()
#20 /var/www/flarum/vendor/flarum/core/src/Http/RouteHandlerFactory.php(41): Flarum\Api\Controller\SetSettingsController->handle()
#21 /var/www/flarum/vendor/flarum/core/src/Http/Middleware/ExecuteRoute.php(27): Flarum\Http\RouteHandlerFactory->Flarum\Http\{closure}()
#22 /var/www/flarum/vendor/laminas/laminas-stratigility/src/Next.php(49): Flarum\Http\Middleware\ExecuteRoute->process()
#23 /var/www/flarum/vendor/flarum/core/src/Api/Middleware/ThrottleApi.php(33): Laminas\Stratigility\Next->handle()
#24 /var/www/flarum/vendor/laminas/laminas-stratigility/src/Next.php(49): Flarum\Api\Middleware\ThrottleApi->process()
#25 /var/www/flarum/vendor/flarum/core/src/Http/Middleware/CheckCsrfToken.php(44): Laminas\Stratigility\Next->handle()
#26 /var/www/flarum/vendor/laminas/laminas-stratigility/src/Next.php(49): Flarum\Http\Middleware\CheckCsrfToken->process()
#27 /var/www/flarum/vendor/flarum/core/src/Http/Middleware/ResolveRoute.php(69): Laminas\Stratigility\Next->handle()
#28 /var/www/flarum/vendor/laminas/laminas-stratigility/src/Next.php(49): Flarum\Http\Middleware\ResolveRoute->process()
#29 /var/www/flarum/vendor/flarum/core/src/Http/Middleware/SetLocale.php(51): Laminas\Stratigility\Next->handle()
#30 /var/www/flarum/vendor/laminas/laminas-stratigility/src/Next.php(49): Flarum\Http\Middleware\SetLocale->process()
#31 /var/www/flarum/vendor/flarum/core/src/Http/Middleware/AuthenticateWithHeader.php(58): Laminas\Stratigility\Next->handle()
#32 /var/www/flarum/vendor/laminas/laminas-stratigility/src/Next.php(49): Flarum\Http\Middleware\AuthenticateWithHeader->process()
#33 /var/www/flarum/vendor/flarum/core/src/Http/Middleware/AuthenticateWithSession.php(31): Laminas\Stratigility\Next->handle()
#34 /var/www/flarum/vendor/laminas/laminas-stratigility/src/Next.php(49): Flarum\Http\Middleware\AuthenticateWithSession->process()
#35 /var/www/flarum/vendor/flarum/core/src/Http/Middleware/RememberFromCookie.php(63): Laminas\Stratigility\Next->handle()
#36 /var/www/flarum/vendor/laminas/laminas-stratigility/src/Next.php(49): Flarum\Http\Middleware\RememberFromCookie->process()
#37 /var/www/flarum/vendor/flarum/core/src/Http/Middleware/StartSession.php(61): Laminas\Stratigility\Next->handle()
#38 /var/www/flarum/vendor/laminas/laminas-stratigility/src/Next.php(49): Flarum\Http\Middleware\StartSession->process()
#39 /var/www/flarum/vendor/flarum/core/src/Api/Middleware/FakeHttpMethods.php(29): Laminas\Stratigility\Next->handle()
#40 /var/www/flarum/vendor/laminas/laminas-stratigility/src/Next.php(49): Flarum\Api\Middleware\FakeHttpMethods->process()
#41 /var/www/flarum/vendor/flarum/core/src/Http/Middleware/ParseJsonBody.php(28): Laminas\Stratigility\Next->handle()
#42 /var/www/flarum/vendor/laminas/laminas-stratigility/src/Next.php(49): Flarum\Http\Middleware\ParseJsonBody->process()
#43 /var/www/flarum/vendor/flarum/core/src/Http/Middleware/HandleErrors.php(57): Laminas\Stratigility\Next->handle()
#44 /var/www/flarum/vendor/laminas/laminas-stratigility/src/Next.php(49): Flarum\Http\Middleware\HandleErrors->process()
#45 /var/www/flarum/vendor/flarum/core/src/Http/Middleware/InjectActorReference.php(25): Laminas\Stratigility\Next->handle()
#46 /var/www/flarum/vendor/laminas/laminas-stratigility/src/Next.php(49): Flarum\Http\Middleware\InjectActorReference->process()
#47 /var/www/flarum/vendor/laminas/laminas-stratigility/src/MiddlewarePipe.php(81): Laminas\Stratigility\Next->handle()
#48 /var/www/flarum/vendor/middlewares/request-handler/src/RequestHandler.php(84): Laminas\Stratigility\MiddlewarePipe->process()
#49 /var/www/flarum/vendor/laminas/laminas-stratigility/src/Next.php(49): Middlewares\RequestHandler->process()
#50 /var/www/flarum/vendor/middlewares/base-path-router/src/BasePathRouter.php(97): Laminas\Stratigility\Next->handle()
#51 /var/www/flarum/vendor/laminas/laminas-stratigility/src/Next.php(49): Middlewares\BasePathRouter->process()
#52 /var/www/flarum/vendor/laminas/laminas-stratigility/src/Middleware/OriginalMessages.php(36): Laminas\Stratigility\Next->handle()
#53 /var/www/flarum/vendor/laminas/laminas-stratigility/src/Next.php(49): Laminas\Stratigility\Middleware\OriginalMessages->process()
#54 /var/www/flarum/vendor/middlewares/base-path/src/BasePath.php(73): Laminas\Stratigility\Next->handle()
#55 /var/www/flarum/vendor/laminas/laminas-stratigility/src/Next.php(49): Middlewares\BasePath->process()
#56 /var/www/flarum/vendor/flarum/core/src/Http/Middleware/ProcessIp.php(24): Laminas\Stratigility\Next->handle()
#57 /var/www/flarum/vendor/laminas/laminas-stratigility/src/Next.php(49): Flarum\Http\Middleware\ProcessIp->process()
#58 /var/www/flarum/vendor/laminas/laminas-stratigility/src/MiddlewarePipe.php(81): Laminas\Stratigility\Next->handle()
#59 /var/www/flarum/vendor/laminas/laminas-stratigility/src/MiddlewarePipe.php(70): Laminas\Stratigility\MiddlewarePipe->process()
#60 /var/www/flarum/vendor/laminas/laminas-httphandlerrunner/src/RequestHandlerRunner.php(73): Laminas\Stratigility\MiddlewarePipe->handle()
#61 /var/www/flarum/vendor/flarum/core/src/Http/Server.php(45): Laminas\HttpHandlerRunner\RequestHandlerRunner->run()
#62 /var/www/flarum/public/index.php(26): Flarum\Http\Server->listen()
#63 {main}  
[2026-02-16 23:30:07] flarum.ERROR: TypeError: array_merge(): Argument #2 must be of type array, null given in /var/www/flarum/vendor/wikimedia/less.php/lib/Less/Tree/Dimension.php:97
Stack trace:
#0 /var/www/flarum/vendor/wikimedia/less.php/lib/Less/Tree/Dimension.php(97): array_merge()
#1 /var/www/flarum/vendor/wikimedia/less.php/lib/Less/Tree/Operation.php(43): Less_Tree_Dimension->operate()
#2 /var/www/flarum/vendor/wikimedia/less.php/lib/Less/Tree/Expression.php(46): Less_Tree_Operation->compile()
#3 /var/www/flarum/vendor/wikimedia/less.php/lib/Less/Tree/Call.php(40): Less_Tree_Expression->compile()
#4 /var/www/flarum/vendor/wikimedia/less.php/lib/Less/Tree/Expression.php(46): Less_Tree_Call->compile()
#5 /var/www/flarum/vendor/wikimedia/less.php/lib/Less/Tree/Call.php(40): Less_Tree_Expression->compile()
#6 /var/www/flarum/vendor/wikimedia/less.php/lib/Less/Tree/Expression.php(46): Less_Tree_Call->compile()
#7 /var/www/flarum/vendor/wikimedia/less.php/lib/Less/Tree/Value.php(25): Less_Tree_Expression->compile()
#8 /var/www/flarum/vendor/wikimedia/less.php/lib/Less/Tree/Rule.php(76): Less_Tree_Value->compile()
#9 /var/www/flarum/vendor/wikimedia/less.php/lib/Less/Tree/Ruleset.php(95): Less_Tree_Rule->compile()
#10 /var/www/flarum/vendor/wikimedia/less.php/lib/Less/Tree/Ruleset.php(95): Less_Tree_Ruleset->compile()
#11 /var/www/flarum/vendor/wikimedia/less.php/lib/Less/Parser.php(181): Less_Tree_Ruleset->compile()
#12 /var/www/flarum/vendor/flarum/core/src/Frontend/Compiler/LessCompiler.php(119): Less_Parser->getCss()
#13 /var/www/flarum/vendor/flarum/core/src/Frontend/Compiler/RevisionCompiler.php(138): Flarum\Frontend\Compiler\LessCompiler->compile()
#14 /var/www/flarum/vendor/flarum/core/src/Frontend/Compiler/RevisionCompiler.php(76): Flarum\Frontend\Compiler\RevisionCompiler->save()
#15 /var/www/flarum/vendor/flarum/core/src/Forum/ValidateCustomLess.php(94): Flarum\Frontend\Compiler\RevisionCompiler->commit()
#16 /var/www/flarum/vendor/flarum/core/src/Forum/ForumServiceProvider.php(191): Flarum\Forum\ValidateCustomLess->whenSettingsSaving()
#17 /var/www/flarum/vendor/illuminate/events/Dispatcher.php(404): Flarum\Forum\ForumServiceProvider->Flarum\Forum\{closure}()
#18 /var/www/flarum/vendor/illuminate/events/Dispatcher.php(249): Illuminate\Events\Dispatcher->Illuminate\Events\{closure}()
#19 /var/www/flarum/vendor/flarum/core/src/Api/Controller/SetSettingsController.php(51): Illuminate\Events\Dispatcher->dispatch()
#20 /var/www/flarum/vendor/flarum/core/src/Http/RouteHandlerFactory.php(41): Flarum\Api\Controller\SetSettingsController->handle()
#21 /var/www/flarum/vendor/flarum/core/src/Http/Middleware/ExecuteRoute.php(27): Flarum\Http\RouteHandlerFactory->Flarum\Http\{closure}()
#22 /var/www/flarum/vendor/laminas/laminas-stratigility/src/Next.php(49): Flarum\Http\Middleware\ExecuteRoute->process()
#23 /var/www/flarum/vendor/flarum/core/src/Api/Middleware/ThrottleApi.php(33): Laminas\Stratigility\Next->handle()
#24 /var/www/flarum/vendor/laminas/laminas-stratigility/src/Next.php(49): Flarum\Api\Middleware\ThrottleApi->process()
#25 /var/www/flarum/vendor/flarum/core/src/Http/Middleware/CheckCsrfToken.php(44): Laminas\Stratigility\Next->handle()
#26 /var/www/flarum/vendor/laminas/laminas-stratigility/src/Next.php(49): Flarum\Http\Middleware\CheckCsrfToken->process()
#27 /var/www/flarum/vendor/flarum/core/src/Http/Middleware/ResolveRoute.php(69): Laminas\Stratigility\Next->handle()
#28 /var/www/flarum/vendor/laminas/laminas-stratigility/src/Next.php(49): Flarum\Http\Middleware\ResolveRoute->process()
#29 /var/www/flarum/vendor/flarum/core/src/Http/Middleware/SetLocale.php(51): Laminas\Stratigility\Next->handle()
#30 /var/www/flarum/vendor/laminas/laminas-stratigility/src/Next.php(49): Flarum\Http\Middleware\SetLocale->process()
#31 /var/www/flarum/vendor/flarum/core/src/Http/Middleware/AuthenticateWithHeader.php(58): Laminas\Stratigility\Next->handle()
#32 /var/www/flarum/vendor/laminas/laminas-stratigility/src/Next.php(49): Flarum\Http\Middleware\AuthenticateWithHeader->process()
#33 /var/www/flarum/vendor/flarum/core/src/Http/Middleware/AuthenticateWithSession.php(31): Laminas\Stratigility\Next->handle()
#34 /var/www/flarum/vendor/laminas/laminas-stratigility/src/Next.php(49): Flarum\Http\Middleware\AuthenticateWithSession->process()
#35 /var/www/flarum/vendor/flarum/core/src/Http/Middleware/RememberFromCookie.php(63): Laminas\Stratigility\Next->handle()
#36 /var/www/flarum/vendor/laminas/laminas-stratigility/src/Next.php(49): Flarum\Http\Middleware\RememberFromCookie->process()
#37 /var/www/flarum/vendor/flarum/core/src/Http/Middleware/StartSession.php(61): Laminas\Stratigility\Next->handle()
#38 /var/www/flarum/vendor/laminas/laminas-stratigility/src/Next.php(49): Flarum\Http\Middleware\StartSession->process()
#39 /var/www/flarum/vendor/flarum/core/src/Api/Middleware/FakeHttpMethods.php(29): Laminas\Stratigility\Next->handle()
#40 /var/www/flarum/vendor/laminas/laminas-stratigility/src/Next.php(49): Flarum\Api\Middleware\FakeHttpMethods->process()
#41 /var/www/flarum/vendor/flarum/core/src/Http/Middleware/ParseJsonBody.php(28): Laminas\Stratigility\Next->handle()
#42 /var/www/flarum/vendor/laminas/laminas-stratigility/src/Next.php(49): Flarum\Http\Middleware\ParseJsonBody->process()
#43 /var/www/flarum/vendor/flarum/core/src/Http/Middleware/HandleErrors.php(57): Laminas\Stratigility\Next->handle()
#44 /var/www/flarum/vendor/laminas/laminas-stratigility/src/Next.php(49): Flarum\Http\Middleware\HandleErrors->process()
#45 /var/www/flarum/vendor/flarum/core/src/Http/Middleware/InjectActorReference.php(25): Laminas\Stratigility\Next->handle()
#46 /var/www/flarum/vendor/laminas/laminas-stratigility/src/Next.php(49): Flarum\Http\Middleware\InjectActorReference->process()
#47 /var/www/flarum/vendor/laminas/laminas-stratigility/src/MiddlewarePipe.php(81): Laminas\Stratigility\Next->handle()
#48 /var/www/flarum/vendor/middlewares/request-handler/src/RequestHandler.php(84): Laminas\Stratigility\MiddlewarePipe->process()
#49 /var/www/flarum/vendor/laminas/laminas-stratigility/src/Next.php(49): Middlewares\RequestHandler->process()
#50 /var/www/flarum/vendor/middlewares/base-path-router/src/BasePathRouter.php(97): Laminas\Stratigility\Next->handle()
#51 /var/www/flarum/vendor/laminas/laminas-stratigility/src/Next.php(49): Middlewares\BasePathRouter->process()
#52 /var/www/flarum/vendor/laminas/laminas-stratigility/src/Middleware/OriginalMessages.php(36): Laminas\Stratigility\Next->handle()
#53 /var/www/flarum/vendor/laminas/laminas-stratigility/src/Next.php(49): Laminas\Stratigility\Middleware\OriginalMessages->process()
#54 /var/www/flarum/vendor/middlewares/base-path/src/BasePath.php(73): Laminas\Stratigility\Next->handle()
#55 /var/www/flarum/vendor/laminas/laminas-stratigility/src/Next.php(49): Middlewares\BasePath->process()
#56 /var/www/flarum/vendor/flarum/core/src/Http/Middleware/ProcessIp.php(24): Laminas\Stratigility\Next->handle()
#57 /var/www/flarum/vendor/laminas/laminas-stratigility/src/Next.php(49): Flarum\Http\Middleware\ProcessIp->process()
#58 /var/www/flarum/vendor/laminas/laminas-stratigility/src/MiddlewarePipe.php(81): Laminas\Stratigility\Next->handle()
#59 /var/www/flarum/vendor/laminas/laminas-stratigility/src/MiddlewarePipe.php(70): Laminas\Stratigility\MiddlewarePipe->process()
#60 /var/www/flarum/vendor/laminas/laminas-httphandlerrunner/src/RequestHandlerRunner.php(73): Laminas\Stratigility\MiddlewarePipe->handle()
#61 /var/www/flarum/vendor/flarum/core/src/Http/Server.php(45): Laminas\HttpHandlerRunner\RequestHandlerRunner->run()
#62 /var/www/flarum/public/index.php(26): Flarum\Http\Server->listen()
#63 {main}  
[2026-02-16 23:31:14] flarum.ERROR: TypeError: array_merge(): Argument #2 must be of type array, null given in /var/www/flarum/vendor/wikimedia/less.php/lib/Less/Tree/Dimension.php:97
Stack trace:
#0 /var/www/flarum/vendor/wikimedia/less.php/lib/Less/Tree/Dimension.php(97): array_merge()
#1 /var/www/flarum/vendor/wikimedia/less.php/lib/Less/Tree/Operation.php(43): Less_Tree_Dimension->operate()
#2 /var/www/flarum/vendor/wikimedia/less.php/lib/Less/Tree/Expression.php(46): Less_Tree_Operation->compile()
#3 /var/www/flarum/vendor/wikimedia/less.php/lib/Less/Tree/Call.php(40): Less_Tree_Expression->compile()
#4 /var/www/flarum/vendor/wikimedia/less.php/lib/Less/Tree/Expression.php(46): Less_Tree_Call->compile()
#5 /var/www/flarum/vendor/wikimedia/less.php/lib/Less/Tree/Call.php(40): Less_Tree_Expression->compile()
#6 /var/www/flarum/vendor/wikimedia/less.php/lib/Less/Tree/Expression.php(46): Less_Tree_Call->compile()
#7 /var/www/flarum/vendor/wikimedia/less.php/lib/Less/Tree/Value.php(25): Less_Tree_Expression->compile()
#8 /var/www/flarum/vendor/wikimedia/less.php/lib/Less/Tree/Rule.php(76): Less_Tree_Value->compile()
#9 /var/www/flarum/vendor/wikimedia/less.php/lib/Less/Tree/Ruleset.php(95): Less_Tree_Rule->compile()
#10 /var/www/flarum/vendor/wikimedia/less.php/lib/Less/Tree/Ruleset.php(95): Less_Tree_Ruleset->compile()
#11 /var/www/flarum/vendor/wikimedia/less.php/lib/Less/Parser.php(181): Less_Tree_Ruleset->compile()
#12 /var/www/flarum/vendor/flarum/core/src/Frontend/Compiler/LessCompiler.php(119): Less_Parser->getCss()
#13 /var/www/flarum/vendor/flarum/core/src/Frontend/Compiler/RevisionCompiler.php(138): Flarum\Frontend\Compiler\LessCompiler->compile()
#14 /var/www/flarum/vendor/flarum/core/src/Frontend/Compiler/RevisionCompiler.php(76): Flarum\Frontend\Compiler\RevisionCompiler->save()
#15 /var/www/flarum/vendor/flarum/core/src/Forum/ValidateCustomLess.php(94): Flarum\Frontend\Compiler\RevisionCompiler->commit()
#16 /var/www/flarum/vendor/flarum/core/src/Forum/ForumServiceProvider.php(191): Flarum\Forum\ValidateCustomLess->whenSettingsSaving()
#17 /var/www/flarum/vendor/illuminate/events/Dispatcher.php(404): Flarum\Forum\ForumServiceProvider->Flarum\Forum\{closure}()
#18 /var/www/flarum/vendor/illuminate/events/Dispatcher.php(249): Illuminate\Events\Dispatcher->Illuminate\Events\{closure}()
#19 /var/www/flarum/vendor/flarum/core/src/Api/Controller/SetSettingsController.php(51): Illuminate\Events\Dispatcher->dispatch()
#20 /var/www/flarum/vendor/flarum/core/src/Http/RouteHandlerFactory.php(41): Flarum\Api\Controller\SetSettingsController->handle()
#21 /var/www/flarum/vendor/flarum/core/src/Http/Middleware/ExecuteRoute.php(27): Flarum\Http\RouteHandlerFactory->Flarum\Http\{closure}()
#22 /var/www/flarum/vendor/laminas/laminas-stratigility/src/Next.php(49): Flarum\Http\Middleware\ExecuteRoute->process()
#23 /var/www/flarum/vendor/flarum/core/src/Api/Middleware/ThrottleApi.php(33): Laminas\Stratigility\Next->handle()
#24 /var/www/flarum/vendor/laminas/laminas-stratigility/src/Next.php(49): Flarum\Api\Middleware\ThrottleApi->process()
#25 /var/www/flarum/vendor/flarum/core/src/Http/Middleware/CheckCsrfToken.php(44): Laminas\Stratigility\Next->handle()
#26 /var/www/flarum/vendor/laminas/laminas-stratigility/src/Next.php(49): Flarum\Http\Middleware\CheckCsrfToken->process()
#27 /var/www/flarum/vendor/flarum/core/src/Http/Middleware/ResolveRoute.php(69): Laminas\Stratigility\Next->handle()
#28 /var/www/flarum/vendor/laminas/laminas-stratigility/src/Next.php(49): Flarum\Http\Middleware\ResolveRoute->process()
#29 /var/www/flarum/vendor/flarum/core/src/Http/Middleware/SetLocale.php(51): Laminas\Stratigility\Next->handle()
#30 /var/www/flarum/vendor/laminas/laminas-stratigility/src/Next.php(49): Flarum\Http\Middleware\SetLocale->process()
#31 /var/www/flarum/vendor/flarum/core/src/Http/Middleware/AuthenticateWithHeader.php(58): Laminas\Stratigility\Next->handle()
#32 /var/www/flarum/vendor/laminas/laminas-stratigility/src/Next.php(49): Flarum\Http\Middleware\AuthenticateWithHeader->process()
#33 /var/www/flarum/vendor/flarum/core/src/Http/Middleware/AuthenticateWithSession.php(31): Laminas\Stratigility\Next->handle()
#34 /var/www/flarum/vendor/laminas/laminas-stratigility/src/Next.php(49): Flarum\Http\Middleware\AuthenticateWithSession->process()
#35 /var/www/flarum/vendor/flarum/core/src/Http/Middleware/RememberFromCookie.php(63): Laminas\Stratigility\Next->handle()
#36 /var/www/flarum/vendor/laminas/laminas-stratigility/src/Next.php(49): Flarum\Http\Middleware\RememberFromCookie->process()
#37 /var/www/flarum/vendor/flarum/core/src/Http/Middleware/StartSession.php(61): Laminas\Stratigility\Next->handle()
#38 /var/www/flarum/vendor/laminas/laminas-stratigility/src/Next.php(49): Flarum\Http\Middleware\StartSession->process()
#39 /var/www/flarum/vendor/flarum/core/src/Api/Middleware/FakeHttpMethods.php(29): Laminas\Stratigility\Next->handle()
#40 /var/www/flarum/vendor/laminas/laminas-stratigility/src/Next.php(49): Flarum\Api\Middleware\FakeHttpMethods->process()
#41 /var/www/flarum/vendor/flarum/core/src/Http/Middleware/ParseJsonBody.php(28): Laminas\Stratigility\Next->handle()
#42 /var/www/flarum/vendor/laminas/laminas-stratigility/src/Next.php(49): Flarum\Http\Middleware\ParseJsonBody->process()
#43 /var/www/flarum/vendor/flarum/core/src/Http/Middleware/HandleErrors.php(57): Laminas\Stratigility\Next->handle()
#44 /var/www/flarum/vendor/laminas/laminas-stratigility/src/Next.php(49): Flarum\Http\Middleware\HandleErrors->process()
#45 /var/www/flarum/vendor/flarum/core/src/Http/Middleware/InjectActorReference.php(25): Laminas\Stratigility\Next->handle()
#46 /var/www/flarum/vendor/laminas/laminas-stratigility/src/Next.php(49): Flarum\Http\Middleware\InjectActorReference->process()
#47 /var/www/flarum/vendor/laminas/laminas-stratigility/src/MiddlewarePipe.php(81): Laminas\Stratigility\Next->handle()
#48 /var/www/flarum/vendor/middlewares/request-handler/src/RequestHandler.php(84): Laminas\Stratigility\MiddlewarePipe->process()
#49 /var/www/flarum/vendor/laminas/laminas-stratigility/src/Next.php(49): Middlewares\RequestHandler->process()
#50 /var/www/flarum/vendor/middlewares/base-path-router/src/BasePathRouter.php(97): Laminas\Stratigility\Next->handle()
#51 /var/www/flarum/vendor/laminas/laminas-stratigility/src/Next.php(49): Middlewares\BasePathRouter->process()
#52 /var/www/flarum/vendor/laminas/laminas-stratigility/src/Middleware/OriginalMessages.php(36): Laminas\Stratigility\Next->handle()
#53 /var/www/flarum/vendor/laminas/laminas-stratigility/src/Next.php(49): Laminas\Stratigility\Middleware\OriginalMessages->process()
#54 /var/www/flarum/vendor/middlewares/base-path/src/BasePath.php(73): Laminas\Stratigility\Next->handle()
#55 /var/www/flarum/vendor/laminas/laminas-stratigility/src/Next.php(49): Middlewares\BasePath->process()
#56 /var/www/flarum/vendor/flarum/core/src/Http/Middleware/ProcessIp.php(24): Laminas\Stratigility\Next->handle()
#57 /var/www/flarum/vendor/laminas/laminas-stratigility/src/Next.php(49): Flarum\Http\Middleware\ProcessIp->process()
#58 /var/www/flarum/vendor/laminas/laminas-stratigility/src/MiddlewarePipe.php(81): Laminas\Stratigility\Next->handle()
#59 /var/www/flarum/vendor/laminas/laminas-stratigility/src/MiddlewarePipe.php(70): Laminas\Stratigility\MiddlewarePipe->process()
#60 /var/www/flarum/vendor/laminas/laminas-httphandlerrunner/src/RequestHandlerRunner.php(73): Laminas\Stratigility\MiddlewarePipe->handle()
#61 /var/www/flarum/vendor/flarum/core/src/Http/Server.php(45): Laminas\HttpHandlerRunner\RequestHandlerRunner->run()
#62 /var/www/flarum/public/index.php(26): Flarum\Http\Server->listen()
#63 {main}  
[2026-02-16 23:31:27] flarum.ERROR: TypeError: array_merge(): Argument #2 must be of type array, null given in /var/www/flarum/vendor/wikimedia/less.php/lib/Less/Tree/Dimension.php:97
Stack trace:
#0 /var/www/flarum/vendor/wikimedia/less.php/lib/Less/Tree/Dimension.php(97): array_merge()
#1 /var/www/flarum/vendor/wikimedia/less.php/lib/Less/Tree/Operation.php(43): Less_Tree_Dimension->operate()
#2 /var/www/flarum/vendor/wikimedia/less.php/lib/Less/Tree/Expression.php(46): Less_Tree_Operation->compile()
#3 /var/www/flarum/vendor/wikimedia/less.php/lib/Less/Tree/Call.php(40): Less_Tree_Expression->compile()
#4 /var/www/flarum/vendor/wikimedia/less.php/lib/Less/Tree/Expression.php(46): Less_Tree_Call->compile()
#5 /var/www/flarum/vendor/wikimedia/less.php/lib/Less/Tree/Call.php(40): Less_Tree_Expression->compile()
#6 /var/www/flarum/vendor/wikimedia/less.php/lib/Less/Tree/Expression.php(46): Less_Tree_Call->compile()
#7 /var/www/flarum/vendor/wikimedia/less.php/lib/Less/Tree/Value.php(25): Less_Tree_Expression->compile()
#8 /var/www/flarum/vendor/wikimedia/less.php/lib/Less/Tree/Rule.php(76): Less_Tree_Value->compile()
#9 /var/www/flarum/vendor/wikimedia/less.php/lib/Less/Tree/Ruleset.php(95): Less_Tree_Rule->compile()
#10 /var/www/flarum/vendor/wikimedia/less.php/lib/Less/Tree/Ruleset.php(95): Less_Tree_Ruleset->compile()
#11 /var/www/flarum/vendor/wikimedia/less.php/lib/Less/Parser.php(181): Less_Tree_Ruleset->compile()
#12 /var/www/flarum/vendor/flarum/core/src/Frontend/Compiler/LessCompiler.php(119): Less_Parser->getCss()
#13 /var/www/flarum/vendor/flarum/core/src/Frontend/Compiler/RevisionCompiler.php(138): Flarum\Frontend\Compiler\LessCompiler->compile()
#14 /var/www/flarum/vendor/flarum/core/src/Frontend/Compiler/RevisionCompiler.php(76): Flarum\Frontend\Compiler\RevisionCompiler->save()
#15 /var/www/flarum/vendor/flarum/core/src/Forum/ValidateCustomLess.php(94): Flarum\Frontend\Compiler\RevisionCompiler->commit()
#16 /var/www/flarum/vendor/flarum/core/src/Forum/ForumServiceProvider.php(191): Flarum\Forum\ValidateCustomLess->whenSettingsSaving()
#17 /var/www/flarum/vendor/illuminate/events/Dispatcher.php(404): Flarum\Forum\ForumServiceProvider->Flarum\Forum\{closure}()
#18 /var/www/flarum/vendor/illuminate/events/Dispatcher.php(249): Illuminate\Events\Dispatcher->Illuminate\Events\{closure}()
#19 /var/www/flarum/vendor/flarum/core/src/Api/Controller/SetSettingsController.php(51): Illuminate\Events\Dispatcher->dispatch()
#20 /var/www/flarum/vendor/flarum/core/src/Http/RouteHandlerFactory.php(41): Flarum\Api\Controller\SetSettingsController->handle()
#21 /var/www/flarum/vendor/flarum/core/src/Http/Middleware/ExecuteRoute.php(27): Flarum\Http\RouteHandlerFactory->Flarum\Http\{closure}()
#22 /var/www/flarum/vendor/laminas/laminas-stratigility/src/Next.php(49): Flarum\Http\Middleware\ExecuteRoute->process()
#23 /var/www/flarum/vendor/flarum/core/src/Api/Middleware/ThrottleApi.php(33): Laminas\Stratigility\Next->handle()
#24 /var/www/flarum/vendor/laminas/laminas-stratigility/src/Next.php(49): Flarum\Api\Middleware\ThrottleApi->process()
#25 /var/www/flarum/vendor/flarum/core/src/Http/Middleware/CheckCsrfToken.php(44): Laminas\Stratigility\Next->handle()
#26 /var/www/flarum/vendor/laminas/laminas-stratigility/src/Next.php(49): Flarum\Http\Middleware\CheckCsrfToken->process()
#27 /var/www/flarum/vendor/flarum/core/src/Http/Middleware/ResolveRoute.php(69): Laminas\Stratigility\Next->handle()
#28 /var/www/flarum/vendor/laminas/laminas-stratigility/src/Next.php(49): Flarum\Http\Middleware\ResolveRoute->process()
#29 /var/www/flarum/vendor/flarum/core/src/Http/Middleware/SetLocale.php(51): Laminas\Stratigility\Next->handle()
#30 /var/www/flarum/vendor/laminas/laminas-stratigility/src/Next.php(49): Flarum\Http\Middleware\SetLocale->process()
#31 /var/www/flarum/vendor/flarum/core/src/Http/Middleware/AuthenticateWithHeader.php(58): Laminas\Stratigility\Next->handle()
#32 /var/www/flarum/vendor/laminas/laminas-stratigility/src/Next.php(49): Flarum\Http\Middleware\AuthenticateWithHeader->process()
#33 /var/www/flarum/vendor/flarum/core/src/Http/Middleware/AuthenticateWithSession.php(31): Laminas\Stratigility\Next->handle()
#34 /var/www/flarum/vendor/laminas/laminas-stratigility/src/Next.php(49): Flarum\Http\Middleware\AuthenticateWithSession->process()
#35 /var/www/flarum/vendor/flarum/core/src/Http/Middleware/RememberFromCookie.php(63): Laminas\Stratigility\Next->handle()
#36 /var/www/flarum/vendor/laminas/laminas-stratigility/src/Next.php(49): Flarum\Http\Middleware\RememberFromCookie->process()
#37 /var/www/flarum/vendor/flarum/core/src/Http/Middleware/StartSession.php(61): Laminas\Stratigility\Next->handle()
#38 /var/www/flarum/vendor/laminas/laminas-stratigility/src/Next.php(49): Flarum\Http\Middleware\StartSession->process()
#39 /var/www/flarum/vendor/flarum/core/src/Api/Middleware/FakeHttpMethods.php(29): Laminas\Stratigility\Next->handle()
#40 /var/www/flarum/vendor/laminas/laminas-stratigility/src/Next.php(49): Flarum\Api\Middleware\FakeHttpMethods->process()
#41 /var/www/flarum/vendor/flarum/core/src/Http/Middleware/ParseJsonBody.php(28): Laminas\Stratigility\Next->handle()
#42 /var/www/flarum/vendor/laminas/laminas-stratigility/src/Next.php(49): Flarum\Http\Middleware\ParseJsonBody->process()
#43 /var/www/flarum/vendor/flarum/core/src/Http/Middleware/HandleErrors.php(57): Laminas\Stratigility\Next->handle()
#44 /var/www/flarum/vendor/laminas/laminas-stratigility/src/Next.php(49): Flarum\Http\Middleware\HandleErrors->process()
#45 /var/www/flarum/vendor/flarum/core/src/Http/Middleware/InjectActorReference.php(25): Laminas\Stratigility\Next->handle()
#46 /var/www/flarum/vendor/laminas/laminas-stratigility/src/Next.php(49): Flarum\Http\Middleware\InjectActorReference->process()
#47 /var/www/flarum/vendor/laminas/laminas-stratigility/src/MiddlewarePipe.php(81): Laminas\Stratigility\Next->handle()
#48 /var/www/flarum/vendor/middlewares/request-handler/src/RequestHandler.php(84): Laminas\Stratigility\MiddlewarePipe->process()
#49 /var/www/flarum/vendor/laminas/laminas-stratigility/src/Next.php(49): Middlewares\RequestHandler->process()
#50 /var/www/flarum/vendor/middlewares/base-path-router/src/BasePathRouter.php(97): Laminas\Stratigility\Next->handle()
#51 /var/www/flarum/vendor/laminas/laminas-stratigility/src/Next.php(49): Middlewares\BasePathRouter->process()
#52 /var/www/flarum/vendor/laminas/laminas-stratigility/src/Middleware/OriginalMessages.php(36): Laminas\Stratigility\Next->handle()
#53 /var/www/flarum/vendor/laminas/laminas-stratigility/src/Next.php(49): Laminas\Stratigility\Middleware\OriginalMessages->process()
#54 /var/www/flarum/vendor/middlewares/base-path/src/BasePath.php(73): Laminas\Stratigility\Next->handle()
#55 /var/www/flarum/vendor/laminas/laminas-stratigility/src/Next.php(49): Middlewares\BasePath->process()
#56 /var/www/flarum/vendor/flarum/core/src/Http/Middleware/ProcessIp.php(24): Laminas\Stratigility\Next->handle()
#57 /var/www/flarum/vendor/laminas/laminas-stratigility/src/Next.php(49): Flarum\Http\Middleware\ProcessIp->process()
#58 /var/www/flarum/vendor/laminas/laminas-stratigility/src/MiddlewarePipe.php(81): Laminas\Stratigility\Next->handle()
#59 /var/www/flarum/vendor/laminas/laminas-stratigility/src/MiddlewarePipe.php(70): Laminas\Stratigility\MiddlewarePipe->process()
#60 /var/www/flarum/vendor/laminas/laminas-httphandlerrunner/src/RequestHandlerRunner.php(73): Laminas\Stratigility\MiddlewarePipe->handle()
#61 /var/www/flarum/vendor/flarum/core/src/Http/Server.php(45): Laminas\HttpHandlerRunner\RequestHandlerRunner->run()
#62 /var/www/flarum/public/index.php(26): Flarum\Http\Server->listen()
#63 {main}  
[2026-02-16 23:32:48] flarum.ERROR: TypeError: array_merge(): Argument #2 must be of type array, null given in /var/www/flarum/vendor/wikimedia/less.php/lib/Less/Tree/Dimension.php:97
Stack trace:
#0 /var/www/flarum/vendor/wikimedia/less.php/lib/Less/Tree/Dimension.php(97): array_merge()
#1 /var/www/flarum/vendor/wikimedia/less.php/lib/Less/Tree/Operation.php(43): Less_Tree_Dimension->operate()
#2 /var/www/flarum/vendor/wikimedia/less.php/lib/Less/Tree/Expression.php(46): Less_Tree_Operation->compile()
#3 /var/www/flarum/vendor/wikimedia/less.php/lib/Less/Tree/Call.php(40): Less_Tree_Expression->compile()
#4 /var/www/flarum/vendor/wikimedia/less.php/lib/Less/Tree/Expression.php(46): Less_Tree_Call->compile()
#5 /var/www/flarum/vendor/wikimedia/less.php/lib/Less/Tree/Call.php(40): Less_Tree_Expression->compile()
#6 /var/www/flarum/vendor/wikimedia/less.php/lib/Less/Tree/Expression.php(46): Less_Tree_Call->compile()
#7 /var/www/flarum/vendor/wikimedia/less.php/lib/Less/Tree/Value.php(25): Less_Tree_Expression->compile()
#8 /var/www/flarum/vendor/wikimedia/less.php/lib/Less/Tree/Rule.php(76): Less_Tree_Value->compile()
#9 /var/www/flarum/vendor/wikimedia/less.php/lib/Less/Tree/Ruleset.php(95): Less_Tree_Rule->compile()
#10 /var/www/flarum/vendor/wikimedia/less.php/lib/Less/Tree/Ruleset.php(95): Less_Tree_Ruleset->compile()
#11 /var/www/flarum/vendor/wikimedia/less.php/lib/Less/Parser.php(181): Less_Tree_Ruleset->compile()
#12 /var/www/flarum/vendor/flarum/core/src/Frontend/Compiler/LessCompiler.php(119): Less_Parser->getCss()
#13 /var/www/flarum/vendor/flarum/core/src/Frontend/Compiler/RevisionCompiler.php(138): Flarum\Frontend\Compiler\LessCompiler->compile()
#14 /var/www/flarum/vendor/flarum/core/src/Frontend/Compiler/RevisionCompiler.php(76): Flarum\Frontend\Compiler\RevisionCompiler->save()
#15 /var/www/flarum/vendor/flarum/core/src/Forum/ValidateCustomLess.php(94): Flarum\Frontend\Compiler\RevisionCompiler->commit()
#16 /var/www/flarum/vendor/flarum/core/src/Forum/ForumServiceProvider.php(191): Flarum\Forum\ValidateCustomLess->whenSettingsSaving()
#17 /var/www/flarum/vendor/illuminate/events/Dispatcher.php(404): Flarum\Forum\ForumServiceProvider->Flarum\Forum\{closure}()
#18 /var/www/flarum/vendor/illuminate/events/Dispatcher.php(249): Illuminate\Events\Dispatcher->Illuminate\Events\{closure}()
#19 /var/www/flarum/vendor/flarum/core/src/Api/Controller/SetSettingsController.php(51): Illuminate\Events\Dispatcher->dispatch()
#20 /var/www/flarum/vendor/flarum/core/src/Http/RouteHandlerFactory.php(41): Flarum\Api\Controller\SetSettingsController->handle()
#21 /var/www/flarum/vendor/flarum/core/src/Http/Middleware/ExecuteRoute.php(27): Flarum\Http\RouteHandlerFactory->Flarum\Http\{closure}()
#22 /var/www/flarum/vendor/laminas/laminas-stratigility/src/Next.php(49): Flarum\Http\Middleware\ExecuteRoute->process()
#23 /var/www/flarum/vendor/flarum/core/src/Api/Middleware/ThrottleApi.php(33): Laminas\Stratigility\Next->handle()
#24 /var/www/flarum/vendor/laminas/laminas-stratigility/src/Next.php(49): Flarum\Api\Middleware\ThrottleApi->process()
#25 /var/www/flarum/vendor/flarum/core/src/Http/Middleware/CheckCsrfToken.php(44): Laminas\Stratigility\Next->handle()
#26 /var/www/flarum/vendor/laminas/laminas-stratigility/src/Next.php(49): Flarum\Http\Middleware\CheckCsrfToken->process()
#27 /var/www/flarum/vendor/flarum/core/src/Http/Middleware/ResolveRoute.php(69): Laminas\Stratigility\Next->handle()
#28 /var/www/flarum/vendor/laminas/laminas-stratigility/src/Next.php(49): Flarum\Http\Middleware\ResolveRoute->process()
#29 /var/www/flarum/vendor/flarum/core/src/Http/Middleware/SetLocale.php(51): Laminas\Stratigility\Next->handle()
#30 /var/www/flarum/vendor/laminas/laminas-stratigility/src/Next.php(49): Flarum\Http\Middleware\SetLocale->process()
#31 /var/www/flarum/vendor/flarum/core/src/Http/Middleware/AuthenticateWithHeader.php(58): Laminas\Stratigility\Next->handle()
#32 /var/www/flarum/vendor/laminas/laminas-stratigility/src/Next.php(49): Flarum\Http\Middleware\AuthenticateWithHeader->process()
#33 /var/www/flarum/vendor/flarum/core/src/Http/Middleware/AuthenticateWithSession.php(31): Laminas\Stratigility\Next->handle()
#34 /var/www/flarum/vendor/laminas/laminas-stratigility/src/Next.php(49): Flarum\Http\Middleware\AuthenticateWithSession->process()
#35 /var/www/flarum/vendor/flarum/core/src/Http/Middleware/RememberFromCookie.php(63): Laminas\Stratigility\Next->handle()
#36 /var/www/flarum/vendor/laminas/laminas-stratigility/src/Next.php(49): Flarum\Http\Middleware\RememberFromCookie->process()
#37 /var/www/flarum/vendor/flarum/core/src/Http/Middleware/StartSession.php(61): Laminas\Stratigility\Next->handle()
#38 /var/www/flarum/vendor/laminas/laminas-stratigility/src/Next.php(49): Flarum\Http\Middleware\StartSession->process()
#39 /var/www/flarum/vendor/flarum/core/src/Api/Middleware/FakeHttpMethods.php(29): Laminas\Stratigility\Next->handle()
#40 /var/www/flarum/vendor/laminas/laminas-stratigility/src/Next.php(49): Flarum\Api\Middleware\FakeHttpMethods->process()
#41 /var/www/flarum/vendor/flarum/core/src/Http/Middleware/ParseJsonBody.php(28): Laminas\Stratigility\Next->handle()
#42 /var/www/flarum/vendor/laminas/laminas-stratigility/src/Next.php(49): Flarum\Http\Middleware\ParseJsonBody->process()
#43 /var/www/flarum/vendor/flarum/core/src/Http/Middleware/HandleErrors.php(57): Laminas\Stratigility\Next->handle()
#44 /var/www/flarum/vendor/laminas/laminas-stratigility/src/Next.php(49): Flarum\Http\Middleware\HandleErrors->process()
#45 /var/www/flarum/vendor/flarum/core/src/Http/Middleware/InjectActorReference.php(25): Laminas\Stratigility\Next->handle()
#46 /var/www/flarum/vendor/laminas/laminas-stratigility/src/Next.php(49): Flarum\Http\Middleware\InjectActorReference->process()
#47 /var/www/flarum/vendor/laminas/laminas-stratigility/src/MiddlewarePipe.php(81): Laminas\Stratigility\Next->handle()
#48 /var/www/flarum/vendor/middlewares/request-handler/src/RequestHandler.php(84): Laminas\Stratigility\MiddlewarePipe->process()
#49 /var/www/flarum/vendor/laminas/laminas-stratigility/src/Next.php(49): Middlewares\RequestHandler->process()
#50 /var/www/flarum/vendor/middlewares/base-path-router/src/BasePathRouter.php(97): Laminas\Stratigility\Next->handle()
#51 /var/www/flarum/vendor/laminas/laminas-stratigility/src/Next.php(49): Middlewares\BasePathRouter->process()
#52 /var/www/flarum/vendor/laminas/laminas-stratigility/src/Middleware/OriginalMessages.php(36): Laminas\Stratigility\Next->handle()
#53 /var/www/flarum/vendor/laminas/laminas-stratigility/src/Next.php(49): Laminas\Stratigility\Middleware\OriginalMessages->process()
#54 /var/www/flarum/vendor/middlewares/base-path/src/BasePath.php(73): Laminas\Stratigility\Next->handle()
#55 /var/www/flarum/vendor/laminas/laminas-stratigility/src/Next.php(49): Middlewares\BasePath->process()
#56 /var/www/flarum/vendor/flarum/core/src/Http/Middleware/ProcessIp.php(24): Laminas\Stratigility\Next->handle()
#57 /var/www/flarum/vendor/laminas/laminas-stratigility/src/Next.php(49): Flarum\Http\Middleware\ProcessIp->process()
#58 /var/www/flarum/vendor/laminas/laminas-stratigility/src/MiddlewarePipe.php(81): Laminas\Stratigility\Next->handle()
#59 /var/www/flarum/vendor/laminas/laminas-stratigility/src/MiddlewarePipe.php(70): Laminas\Stratigility\MiddlewarePipe->process()
#60 /var/www/flarum/vendor/laminas/laminas-httphandlerrunner/src/RequestHandlerRunner.php(73): Laminas\Stratigility\MiddlewarePipe->handle()
#61 /var/www/flarum/vendor/flarum/core/src/Http/Server.php(45): Laminas\HttpHandlerRunner\RequestHandlerRunner->run()
#62 /var/www/flarum/public/index.php(26): Flarum\Http\Server->listen()
#63 {main}  
[2026-02-16 23:33:03] flarum.ERROR: TypeError: array_merge(): Argument #2 must be of type array, null given in /var/www/flarum/vendor/wikimedia/less.php/lib/Less/Tree/Dimension.php:97
Stack trace:
#0 /var/www/flarum/vendor/wikimedia/less.php/lib/Less/Tree/Dimension.php(97): array_merge()
#1 /var/www/flarum/vendor/wikimedia/less.php/lib/Less/Tree/Operation.php(43): Less_Tree_Dimension->operate()
#2 /var/www/flarum/vendor/wikimedia/less.php/lib/Less/Tree/Expression.php(46): Less_Tree_Operation->compile()
#3 /var/www/flarum/vendor/wikimedia/less.php/lib/Less/Tree/Call.php(40): Less_Tree_Expression->compile()
#4 /var/www/flarum/vendor/wikimedia/less.php/lib/Less/Tree/Expression.php(46): Less_Tree_Call->compile()
#5 /var/www/flarum/vendor/wikimedia/less.php/lib/Less/Tree/Call.php(40): Less_Tree_Expression->compile()
#6 /var/www/flarum/vendor/wikimedia/less.php/lib/Less/Tree/Expression.php(46): Less_Tree_Call->compile()
#7 /var/www/flarum/vendor/wikimedia/less.php/lib/Less/Tree/Value.php(25): Less_Tree_Expression->compile()
#8 /var/www/flarum/vendor/wikimedia/less.php/lib/Less/Tree/Rule.php(76): Less_Tree_Value->compile()
#9 /var/www/flarum/vendor/wikimedia/less.php/lib/Less/Tree/Ruleset.php(95): Less_Tree_Rule->compile()
#10 /var/www/flarum/vendor/wikimedia/less.php/lib/Less/Tree/Ruleset.php(95): Less_Tree_Ruleset->compile()
#11 /var/www/flarum/vendor/wikimedia/less.php/lib/Less/Parser.php(181): Less_Tree_Ruleset->compile()
#12 /var/www/flarum/vendor/flarum/core/src/Frontend/Compiler/LessCompiler.php(119): Less_Parser->getCss()
#13 /var/www/flarum/vendor/flarum/core/src/Frontend/Compiler/RevisionCompiler.php(138): Flarum\Frontend\Compiler\LessCompiler->compile()
#14 /var/www/flarum/vendor/flarum/core/src/Frontend/Compiler/RevisionCompiler.php(76): Flarum\Frontend\Compiler\RevisionCompiler->save()
#15 /var/www/flarum/vendor/flarum/core/src/Forum/ValidateCustomLess.php(94): Flarum\Frontend\Compiler\RevisionCompiler->commit()
#16 /var/www/flarum/vendor/flarum/core/src/Forum/ForumServiceProvider.php(191): Flarum\Forum\ValidateCustomLess->whenSettingsSaving()
#17 /var/www/flarum/vendor/illuminate/events/Dispatcher.php(404): Flarum\Forum\ForumServiceProvider->Flarum\Forum\{closure}()
#18 /var/www/flarum/vendor/illuminate/events/Dispatcher.php(249): Illuminate\Events\Dispatcher->Illuminate\Events\{closure}()
#19 /var/www/flarum/vendor/flarum/core/src/Api/Controller/SetSettingsController.php(51): Illuminate\Events\Dispatcher->dispatch()
#20 /var/www/flarum/vendor/flarum/core/src/Http/RouteHandlerFactory.php(41): Flarum\Api\Controller\SetSettingsController->handle()
#21 /var/www/flarum/vendor/flarum/core/src/Http/Middleware/ExecuteRoute.php(27): Flarum\Http\RouteHandlerFactory->Flarum\Http\{closure}()
#22 /var/www/flarum/vendor/laminas/laminas-stratigility/src/Next.php(49): Flarum\Http\Middleware\ExecuteRoute->process()
#23 /var/www/flarum/vendor/flarum/core/src/Api/Middleware/ThrottleApi.php(33): Laminas\Stratigility\Next->handle()
#24 /var/www/flarum/vendor/laminas/laminas-stratigility/src/Next.php(49): Flarum\Api\Middleware\ThrottleApi->process()
#25 /var/www/flarum/vendor/flarum/core/src/Http/Middleware/CheckCsrfToken.php(44): Laminas\Stratigility\Next->handle()
#26 /var/www/flarum/vendor/laminas/laminas-stratigility/src/Next.php(49): Flarum\Http\Middleware\CheckCsrfToken->process()
#27 /var/www/flarum/vendor/flarum/core/src/Http/Middleware/ResolveRoute.php(69): Laminas\Stratigility\Next->handle()
#28 /var/www/flarum/vendor/laminas/laminas-stratigility/src/Next.php(49): Flarum\Http\Middleware\ResolveRoute->process()
#29 /var/www/flarum/vendor/flarum/core/src/Http/Middleware/SetLocale.php(51): Laminas\Stratigility\Next->handle()
#30 /var/www/flarum/vendor/laminas/laminas-stratigility/src/Next.php(49): Flarum\Http\Middleware\SetLocale->process()
#31 /var/www/flarum/vendor/flarum/core/src/Http/Middleware/AuthenticateWithHeader.php(58): Laminas\Stratigility\Next->handle()
#32 /var/www/flarum/vendor/laminas/laminas-stratigility/src/Next.php(49): Flarum\Http\Middleware\AuthenticateWithHeader->process()
#33 /var/www/flarum/vendor/flarum/core/src/Http/Middleware/AuthenticateWithSession.php(31): Laminas\Stratigility\Next->handle()
#34 /var/www/flarum/vendor/laminas/laminas-stratigility/src/Next.php(49): Flarum\Http\Middleware\AuthenticateWithSession->process()
#35 /var/www/flarum/vendor/flarum/core/src/Http/Middleware/RememberFromCookie.php(63): Laminas\Stratigility\Next->handle()
#36 /var/www/flarum/vendor/laminas/laminas-stratigility/src/Next.php(49): Flarum\Http\Middleware\RememberFromCookie->process()
#37 /var/www/flarum/vendor/flarum/core/src/Http/Middleware/StartSession.php(61): Laminas\Stratigility\Next->handle()
#38 /var/www/flarum/vendor/laminas/laminas-stratigility/src/Next.php(49): Flarum\Http\Middleware\StartSession->process()
#39 /var/www/flarum/vendor/flarum/core/src/Api/Middleware/FakeHttpMethods.php(29): Laminas\Stratigility\Next->handle()
#40 /var/www/flarum/vendor/laminas/laminas-stratigility/src/Next.php(49): Flarum\Api\Middleware\FakeHttpMethods->process()
#41 /var/www/flarum/vendor/flarum/core/src/Http/Middleware/ParseJsonBody.php(28): Laminas\Stratigility\Next->handle()
#42 /var/www/flarum/vendor/laminas/laminas-stratigility/src/Next.php(49): Flarum\Http\Middleware\ParseJsonBody->process()
#43 /var/www/flarum/vendor/flarum/core/src/Http/Middleware/HandleErrors.php(57): Laminas\Stratigility\Next->handle()
#44 /var/www/flarum/vendor/laminas/laminas-stratigility/src/Next.php(49): Flarum\Http\Middleware\HandleErrors->process()
#45 /var/www/flarum/vendor/flarum/core/src/Http/Middleware/InjectActorReference.php(25): Laminas\Stratigility\Next->handle()
#46 /var/www/flarum/vendor/laminas/laminas-stratigility/src/Next.php(49): Flarum\Http\Middleware\InjectActorReference->process()
#47 /var/www/flarum/vendor/laminas/laminas-stratigility/src/MiddlewarePipe.php(81): Laminas\Stratigility\Next->handle()
#48 /var/www/flarum/vendor/middlewares/request-handler/src/RequestHandler.php(84): Laminas\Stratigility\MiddlewarePipe->process()
#49 /var/www/flarum/vendor/laminas/laminas-stratigility/src/Next.php(49): Middlewares\RequestHandler->process()
#50 /var/www/flarum/vendor/middlewares/base-path-router/src/BasePathRouter.php(97): Laminas\Stratigility\Next->handle()
#51 /var/www/flarum/vendor/laminas/laminas-stratigility/src/Next.php(49): Middlewares\BasePathRouter->process()
#52 /var/www/flarum/vendor/laminas/laminas-stratigility/src/Middleware/OriginalMessages.php(36): Laminas\Stratigility\Next->handle()
#53 /var/www/flarum/vendor/laminas/laminas-stratigility/src/Next.php(49): Laminas\Stratigility\Middleware\OriginalMessages->process()
#54 /var/www/flarum/vendor/middlewares/base-path/src/BasePath.php(73): Laminas\Stratigility\Next->handle()
#55 /var/www/flarum/vendor/laminas/laminas-stratigility/src/Next.php(49): Middlewares\BasePath->process()
#56 /var/www/flarum/vendor/flarum/core/src/Http/Middleware/ProcessIp.php(24): Laminas\Stratigility\Next->handle()
#57 /var/www/flarum/vendor/laminas/laminas-stratigility/src/Next.php(49): Flarum\Http\Middleware\ProcessIp->process()
#58 /var/www/flarum/vendor/laminas/laminas-stratigility/src/MiddlewarePipe.php(81): Laminas\Stratigility\Next->handle()
#59 /var/www/flarum/vendor/laminas/laminas-stratigility/src/MiddlewarePipe.php(70): Laminas\Stratigility\MiddlewarePipe->process()
#60 /var/www/flarum/vendor/laminas/laminas-httphandlerrunner/src/RequestHandlerRunner.php(73): Laminas\Stratigility\MiddlewarePipe->handle()
#61 /var/www/flarum/vendor/flarum/core/src/Http/Server.php(45): Laminas\HttpHandlerRunner\RequestHandlerRunner->run()
#62 /var/www/flarum/public/index.php(26): Flarum\Http\Server->listen()
#63 {main}  
