[2026-03-04 02:18:58] flarum.ERROR: Error: Class "DOMDocument" not found in /var/www/forum.hyleveling.net/vendor/s9e/text-formatter/src/Configurator/Helpers/TemplateLoader.php:142
Stack trace:
#0 /var/www/forum.hyleveling.net/vendor/s9e/text-formatter/src/Configurator/Helpers/TemplateLoader.php(52): s9e\TextFormatter\Configurator\Helpers\TemplateLoader::loadAsXML()
#1 /var/www/forum.hyleveling.net/vendor/s9e/text-formatter/src/Configurator/Helpers/TemplateInspector.php(149): s9e\TextFormatter\Configurator\Helpers\TemplateLoader::load()
#2 /var/www/forum.hyleveling.net/vendor/s9e/text-formatter/src/Configurator/RulesGenerators/EnforceContentModels.php(38): s9e\TextFormatter\Configurator\Helpers\TemplateInspector->__construct()
#3 /var/www/forum.hyleveling.net/vendor/s9e/text-formatter/src/Configurator/Collections/RulesGeneratorList.php(30): s9e\TextFormatter\Configurator\RulesGenerators\EnforceContentModels->__construct()
#4 /var/www/forum.hyleveling.net/vendor/s9e/text-formatter/src/Configurator/Collections/NormalizedList.php(36): s9e\TextFormatter\Configurator\Collections\RulesGeneratorList->normalizeValue()
#5 /var/www/forum.hyleveling.net/vendor/s9e/text-formatter/src/Configurator/RulesGenerator.php(70): s9e\TextFormatter\Configurator\Collections\NormalizedList->append()
#6 /var/www/forum.hyleveling.net/vendor/s9e/text-formatter/src/Configurator.php(129): s9e\TextFormatter\Configurator\RulesGenerator->__construct()
#7 /var/www/forum.hyleveling.net/vendor/flarum/core/src/Formatter/Formatter.php(158): s9e\TextFormatter\Configurator->__construct()
#8 /var/www/forum.hyleveling.net/vendor/flarum/core/src/Formatter/Formatter.php(213): Flarum\Formatter\Formatter->getConfigurator()
#9 /var/www/forum.hyleveling.net/vendor/illuminate/cache/Repository.php(426): Flarum\Formatter\Formatter->Flarum\Formatter\{closure}()
#10 /var/www/forum.hyleveling.net/vendor/flarum/core/src/Formatter/Formatter.php(212): Illuminate\Cache\Repository->rememberForever()
#11 /var/www/forum.hyleveling.net/vendor/flarum/core/src/Formatter/Formatter.php(247): Flarum\Formatter\Formatter->getComponent()
#12 /var/www/forum.hyleveling.net/vendor/flarum/core/src/Formatter/Formatter.php(118): Flarum\Formatter\Formatter->getRenderer()
#13 /var/www/forum.hyleveling.net/vendor/flarum/core/src/Post/CommentPost.php(176): Flarum\Formatter\Formatter->render()
#14 /var/www/forum.hyleveling.net/vendor/flarum/core/src/Api/Serializer/BasicPostSerializer.php(63): Flarum\Post\CommentPost->formatContent()
#15 /var/www/forum.hyleveling.net/vendor/flarum/core/src/Api/Serializer/AbstractSerializer.php(88): Flarum\Api\Serializer\BasicPostSerializer->getDefaultAttributes()
#16 /var/www/forum.hyleveling.net/vendor/sycho/json-api/src/Resource.php(183): Flarum\Api\Serializer\AbstractSerializer->getAttributes()
#17 /var/www/forum.hyleveling.net/vendor/sycho/json-api/src/Resource.php(81): Tobscure\JsonApi\Resource->getAttributes()
#18 /var/www/forum.hyleveling.net/vendor/sycho/json-api/src/Document.php(194): Tobscure\JsonApi\Resource->toArray()
#19 [internal function]: Tobscure\JsonApi\Document->Tobscure\JsonApi\{closure}()
#20 /var/www/forum.hyleveling.net/vendor/sycho/json-api/src/Document.php(193): array_map()
#21 /var/www/forum.hyleveling.net/vendor/sycho/json-api/src/Document.php(232): Tobscure\JsonApi\Document->toArray()
#22 /var/www/forum.hyleveling.net/vendor/flarum/core/src/Api/JsonApiResponse.php(27): Tobscure\JsonApi\Document->jsonSerialize()
#23 /var/www/forum.hyleveling.net/vendor/flarum/core/src/Api/Controller/AbstractSerializeController.php(139): Flarum\Api\JsonApiResponse->__construct()
#24 /var/www/forum.hyleveling.net/vendor/flarum/core/src/Http/RouteHandlerFactory.php(41): Flarum\Api\Controller\AbstractSerializeController->handle()
#25 /var/www/forum.hyleveling.net/vendor/flarum/core/src/Http/Middleware/ExecuteRoute.php(27): Flarum\Http\RouteHandlerFactory->Flarum\Http\{closure}()
#26 /var/www/forum.hyleveling.net/vendor/laminas/laminas-stratigility/src/Next.php(49): Flarum\Http\Middleware\ExecuteRoute->process()
#27 /var/www/forum.hyleveling.net/vendor/flarum/core/src/Api/Middleware/ThrottleApi.php(33): Laminas\Stratigility\Next->handle()
#28 /var/www/forum.hyleveling.net/vendor/laminas/laminas-stratigility/src/Next.php(49): Flarum\Api\Middleware\ThrottleApi->process()
#29 /var/www/forum.hyleveling.net/vendor/flarum/core/src/Http/Middleware/CheckCsrfToken.php(36): Laminas\Stratigility\Next->handle()
#30 /var/www/forum.hyleveling.net/vendor/laminas/laminas-stratigility/src/Next.php(49): Flarum\Http\Middleware\CheckCsrfToken->process()
#31 /var/www/forum.hyleveling.net/vendor/flarum/core/src/Http/Middleware/ResolveRoute.php(69): Laminas\Stratigility\Next->handle()
#32 /var/www/forum.hyleveling.net/vendor/laminas/laminas-stratigility/src/Next.php(49): Flarum\Http\Middleware\ResolveRoute->process()
#33 /var/www/forum.hyleveling.net/vendor/flarum/core/src/Http/Middleware/SetLocale.php(51): Laminas\Stratigility\Next->handle()
#34 /var/www/forum.hyleveling.net/vendor/laminas/laminas-stratigility/src/Next.php(49): Flarum\Http\Middleware\SetLocale->process()
#35 /var/www/forum.hyleveling.net/vendor/flarum/core/src/Http/Middleware/AuthenticateWithHeader.php(58): Laminas\Stratigility\Next->handle()
#36 /var/www/forum.hyleveling.net/vendor/laminas/laminas-stratigility/src/Next.php(49): Flarum\Http\Middleware\AuthenticateWithHeader->process()
#37 /var/www/forum.hyleveling.net/vendor/flarum/core/src/Http/Middleware/AuthenticateWithSession.php(31): Laminas\Stratigility\Next->handle()
#38 /var/www/forum.hyleveling.net/vendor/laminas/laminas-stratigility/src/Next.php(49): Flarum\Http\Middleware\AuthenticateWithSession->process()
#39 /var/www/forum.hyleveling.net/vendor/flarum/core/src/Http/Middleware/RememberFromCookie.php(63): Laminas\Stratigility\Next->handle()
#40 /var/www/forum.hyleveling.net/vendor/laminas/laminas-stratigility/src/Next.php(49): Flarum\Http\Middleware\RememberFromCookie->process()
#41 /var/www/forum.hyleveling.net/vendor/flarum/core/src/Http/Middleware/StartSession.php(61): Laminas\Stratigility\Next->handle()
#42 /var/www/forum.hyleveling.net/vendor/laminas/laminas-stratigility/src/Next.php(49): Flarum\Http\Middleware\StartSession->process()
#43 /var/www/forum.hyleveling.net/vendor/flarum/core/src/Api/Middleware/FakeHttpMethods.php(29): Laminas\Stratigility\Next->handle()
#44 /var/www/forum.hyleveling.net/vendor/laminas/laminas-stratigility/src/Next.php(49): Flarum\Api\Middleware\FakeHttpMethods->process()
#45 /var/www/forum.hyleveling.net/vendor/flarum/core/src/Http/Middleware/ParseJsonBody.php(28): Laminas\Stratigility\Next->handle()
#46 /var/www/forum.hyleveling.net/vendor/laminas/laminas-stratigility/src/Next.php(49): Flarum\Http\Middleware\ParseJsonBody->process()
#47 /var/www/forum.hyleveling.net/vendor/flarum/core/src/Http/Middleware/HandleErrors.php(57): Laminas\Stratigility\Next->handle()
#48 /var/www/forum.hyleveling.net/vendor/laminas/laminas-stratigility/src/Next.php(49): Flarum\Http\Middleware\HandleErrors->process()
#49 /var/www/forum.hyleveling.net/vendor/flarum/core/src/Http/Middleware/InjectActorReference.php(25): Laminas\Stratigility\Next->handle()
#50 /var/www/forum.hyleveling.net/vendor/laminas/laminas-stratigility/src/Next.php(49): Flarum\Http\Middleware\InjectActorReference->process()
#51 /var/www/forum.hyleveling.net/vendor/laminas/laminas-stratigility/src/MiddlewarePipe.php(81): Laminas\Stratigility\Next->handle()
#52 /var/www/forum.hyleveling.net/vendor/middlewares/request-handler/src/RequestHandler.php(84): Laminas\Stratigility\MiddlewarePipe->process()
#53 /var/www/forum.hyleveling.net/vendor/laminas/laminas-stratigility/src/Next.php(49): Middlewares\RequestHandler->process()
#54 /var/www/forum.hyleveling.net/vendor/middlewares/base-path-router/src/BasePathRouter.php(97): Laminas\Stratigility\Next->handle()
#55 /var/www/forum.hyleveling.net/vendor/laminas/laminas-stratigility/src/Next.php(49): Middlewares\BasePathRouter->process()
#56 /var/www/forum.hyleveling.net/vendor/laminas/laminas-stratigility/src/Middleware/OriginalMessages.php(36): Laminas\Stratigility\Next->handle()
#57 /var/www/forum.hyleveling.net/vendor/laminas/laminas-stratigility/src/Next.php(49): Laminas\Stratigility\Middleware\OriginalMessages->process()
#58 /var/www/forum.hyleveling.net/vendor/middlewares/base-path/src/BasePath.php(73): Laminas\Stratigility\Next->handle()
#59 /var/www/forum.hyleveling.net/vendor/laminas/laminas-stratigility/src/Next.php(49): Middlewares\BasePath->process()
#60 /var/www/forum.hyleveling.net/vendor/flarum/core/src/Http/Middleware/ProcessIp.php(24): Laminas\Stratigility\Next->handle()
#61 /var/www/forum.hyleveling.net/vendor/laminas/laminas-stratigility/src/Next.php(49): Flarum\Http\Middleware\ProcessIp->process()
#62 /var/www/forum.hyleveling.net/vendor/laminas/laminas-stratigility/src/MiddlewarePipe.php(81): Laminas\Stratigility\Next->handle()
#63 /var/www/forum.hyleveling.net/vendor/laminas/laminas-stratigility/src/MiddlewarePipe.php(70): Laminas\Stratigility\MiddlewarePipe->process()
#64 /var/www/forum.hyleveling.net/vendor/laminas/laminas-httphandlerrunner/src/RequestHandlerRunner.php(73): Laminas\Stratigility\MiddlewarePipe->handle()
#65 /var/www/forum.hyleveling.net/vendor/flarum/core/src/Http/Server.php(45): Laminas\HttpHandlerRunner\RequestHandlerRunner->run()
#66 /var/www/forum.hyleveling.net/public/index.php(26): Flarum\Http\Server->listen()
#67 {main}  
[2026-03-04 02:19:17] flarum.ERROR: Error: Class "DOMDocument" not found in /var/www/forum.hyleveling.net/vendor/s9e/text-formatter/src/Configurator/Helpers/TemplateLoader.php:142
Stack trace:
#0 /var/www/forum.hyleveling.net/vendor/s9e/text-formatter/src/Configurator/Helpers/TemplateLoader.php(52): s9e\TextFormatter\Configurator\Helpers\TemplateLoader::loadAsXML()
#1 /var/www/forum.hyleveling.net/vendor/s9e/text-formatter/src/Configurator/Helpers/TemplateInspector.php(149): s9e\TextFormatter\Configurator\Helpers\TemplateLoader::load()
#2 /var/www/forum.hyleveling.net/vendor/s9e/text-formatter/src/Configurator/RulesGenerators/EnforceContentModels.php(38): s9e\TextFormatter\Configurator\Helpers\TemplateInspector->__construct()
#3 /var/www/forum.hyleveling.net/vendor/s9e/text-formatter/src/Configurator/Collections/RulesGeneratorList.php(30): s9e\TextFormatter\Configurator\RulesGenerators\EnforceContentModels->__construct()
#4 /var/www/forum.hyleveling.net/vendor/s9e/text-formatter/src/Configurator/Collections/NormalizedList.php(36): s9e\TextFormatter\Configurator\Collections\RulesGeneratorList->normalizeValue()
#5 /var/www/forum.hyleveling.net/vendor/s9e/text-formatter/src/Configurator/RulesGenerator.php(70): s9e\TextFormatter\Configurator\Collections\NormalizedList->append()
#6 /var/www/forum.hyleveling.net/vendor/s9e/text-formatter/src/Configurator.php(129): s9e\TextFormatter\Configurator\RulesGenerator->__construct()
#7 /var/www/forum.hyleveling.net/vendor/flarum/core/src/Formatter/Formatter.php(158): s9e\TextFormatter\Configurator->__construct()
#8 /var/www/forum.hyleveling.net/vendor/flarum/core/src/Formatter/Formatter.php(213): Flarum\Formatter\Formatter->getConfigurator()
#9 /var/www/forum.hyleveling.net/vendor/illuminate/cache/Repository.php(426): Flarum\Formatter\Formatter->Flarum\Formatter\{closure}()
#10 /var/www/forum.hyleveling.net/vendor/flarum/core/src/Formatter/Formatter.php(212): Illuminate\Cache\Repository->rememberForever()
#11 /var/www/forum.hyleveling.net/vendor/flarum/core/src/Formatter/Formatter.php(247): Flarum\Formatter\Formatter->getComponent()
#12 /var/www/forum.hyleveling.net/vendor/flarum/core/src/Formatter/Formatter.php(118): Flarum\Formatter\Formatter->getRenderer()
#13 /var/www/forum.hyleveling.net/vendor/flarum/core/src/Post/CommentPost.php(176): Flarum\Formatter\Formatter->render()
#14 /var/www/forum.hyleveling.net/vendor/flarum/core/src/Api/Serializer/BasicPostSerializer.php(63): Flarum\Post\CommentPost->formatContent()
#15 /var/www/forum.hyleveling.net/vendor/flarum/core/src/Api/Serializer/PostSerializer.php(21): Flarum\Api\Serializer\BasicPostSerializer->getDefaultAttributes()
#16 /var/www/forum.hyleveling.net/vendor/flarum/core/src/Api/Serializer/AbstractSerializer.php(88): Flarum\Api\Serializer\PostSerializer->getDefaultAttributes()
#17 /var/www/forum.hyleveling.net/vendor/sycho/json-api/src/Resource.php(183): Flarum\Api\Serializer\AbstractSerializer->getAttributes()
#18 /var/www/forum.hyleveling.net/vendor/sycho/json-api/src/Resource.php(81): Tobscure\JsonApi\Resource->getAttributes()
#19 /var/www/forum.hyleveling.net/vendor/sycho/json-api/src/Collection.php(113): Tobscure\JsonApi\Resource->toArray()
#20 [internal function]: Tobscure\JsonApi\Collection->Tobscure\JsonApi\{closure}()
#21 /var/www/forum.hyleveling.net/vendor/sycho/json-api/src/Collection.php(112): array_map()
#22 /var/www/forum.hyleveling.net/vendor/sycho/json-api/src/Document.php(188): Tobscure\JsonApi\Collection->toArray()
#23 /var/www/forum.hyleveling.net/vendor/sycho/json-api/src/Document.php(232): Tobscure\JsonApi\Document->toArray()
#24 /var/www/forum.hyleveling.net/vendor/flarum/core/src/Api/JsonApiResponse.php(27): Tobscure\JsonApi\Document->jsonSerialize()
#25 /var/www/forum.hyleveling.net/vendor/flarum/core/src/Api/Controller/AbstractSerializeController.php(139): Flarum\Api\JsonApiResponse->__construct()
#26 /var/www/forum.hyleveling.net/vendor/flarum/core/src/Http/RouteHandlerFactory.php(41): Flarum\Api\Controller\AbstractSerializeController->handle()
#27 /var/www/forum.hyleveling.net/vendor/flarum/core/src/Http/Middleware/ExecuteRoute.php(27): Flarum\Http\RouteHandlerFactory->Flarum\Http\{closure}()
#28 /var/www/forum.hyleveling.net/vendor/laminas/laminas-stratigility/src/Next.php(49): Flarum\Http\Middleware\ExecuteRoute->process()
#29 /var/www/forum.hyleveling.net/vendor/flarum/core/src/Api/Middleware/ThrottleApi.php(33): Laminas\Stratigility\Next->handle()
#30 /var/www/forum.hyleveling.net/vendor/laminas/laminas-stratigility/src/Next.php(49): Flarum\Api\Middleware\ThrottleApi->process()
#31 /var/www/forum.hyleveling.net/vendor/flarum/core/src/Http/Middleware/CheckCsrfToken.php(36): Laminas\Stratigility\Next->handle()
#32 /var/www/forum.hyleveling.net/vendor/laminas/laminas-stratigility/src/Next.php(49): Flarum\Http\Middleware\CheckCsrfToken->process()
#33 /var/www/forum.hyleveling.net/vendor/flarum/core/src/Http/Middleware/ResolveRoute.php(69): Laminas\Stratigility\Next->handle()
#34 /var/www/forum.hyleveling.net/vendor/laminas/laminas-stratigility/src/Next.php(49): Flarum\Http\Middleware\ResolveRoute->process()
#35 /var/www/forum.hyleveling.net/vendor/flarum/core/src/Http/Middleware/SetLocale.php(51): Laminas\Stratigility\Next->handle()
#36 /var/www/forum.hyleveling.net/vendor/laminas/laminas-stratigility/src/Next.php(49): Flarum\Http\Middleware\SetLocale->process()
#37 /var/www/forum.hyleveling.net/vendor/flarum/core/src/Http/Middleware/AuthenticateWithHeader.php(58): Laminas\Stratigility\Next->handle()
#38 /var/www/forum.hyleveling.net/vendor/laminas/laminas-stratigility/src/Next.php(49): Flarum\Http\Middleware\AuthenticateWithHeader->process()
#39 /var/www/forum.hyleveling.net/vendor/flarum/core/src/Http/Middleware/AuthenticateWithSession.php(31): Laminas\Stratigility\Next->handle()
#40 /var/www/forum.hyleveling.net/vendor/laminas/laminas-stratigility/src/Next.php(49): Flarum\Http\Middleware\AuthenticateWithSession->process()
#41 /var/www/forum.hyleveling.net/vendor/flarum/core/src/Http/Middleware/RememberFromCookie.php(63): Laminas\Stratigility\Next->handle()
#42 /var/www/forum.hyleveling.net/vendor/laminas/laminas-stratigility/src/Next.php(49): Flarum\Http\Middleware\RememberFromCookie->process()
#43 /var/www/forum.hyleveling.net/vendor/flarum/core/src/Http/Middleware/StartSession.php(61): Laminas\Stratigility\Next->handle()
#44 /var/www/forum.hyleveling.net/vendor/laminas/laminas-stratigility/src/Next.php(49): Flarum\Http\Middleware\StartSession->process()
#45 /var/www/forum.hyleveling.net/vendor/flarum/core/src/Api/Middleware/FakeHttpMethods.php(29): Laminas\Stratigility\Next->handle()
#46 /var/www/forum.hyleveling.net/vendor/laminas/laminas-stratigility/src/Next.php(49): Flarum\Api\Middleware\FakeHttpMethods->process()
#47 /var/www/forum.hyleveling.net/vendor/flarum/core/src/Http/Middleware/ParseJsonBody.php(28): Laminas\Stratigility\Next->handle()
#48 /var/www/forum.hyleveling.net/vendor/laminas/laminas-stratigility/src/Next.php(49): Flarum\Http\Middleware\ParseJsonBody->process()
#49 /var/www/forum.hyleveling.net/vendor/flarum/core/src/Http/Middleware/HandleErrors.php(57): Laminas\Stratigility\Next->handle()
#50 /var/www/forum.hyleveling.net/vendor/laminas/laminas-stratigility/src/Next.php(49): Flarum\Http\Middleware\HandleErrors->process()
#51 /var/www/forum.hyleveling.net/vendor/flarum/core/src/Http/Middleware/InjectActorReference.php(25): Laminas\Stratigility\Next->handle()
#52 /var/www/forum.hyleveling.net/vendor/laminas/laminas-stratigility/src/Next.php(49): Flarum\Http\Middleware\InjectActorReference->process()
#53 /var/www/forum.hyleveling.net/vendor/laminas/laminas-stratigility/src/MiddlewarePipe.php(81): Laminas\Stratigility\Next->handle()
#54 /var/www/forum.hyleveling.net/vendor/middlewares/request-handler/src/RequestHandler.php(84): Laminas\Stratigility\MiddlewarePipe->process()
#55 /var/www/forum.hyleveling.net/vendor/laminas/laminas-stratigility/src/Next.php(49): Middlewares\RequestHandler->process()
#56 /var/www/forum.hyleveling.net/vendor/middlewares/base-path-router/src/BasePathRouter.php(97): Laminas\Stratigility\Next->handle()
#57 /var/www/forum.hyleveling.net/vendor/laminas/laminas-stratigility/src/Next.php(49): Middlewares\BasePathRouter->process()
#58 /var/www/forum.hyleveling.net/vendor/laminas/laminas-stratigility/src/Middleware/OriginalMessages.php(36): Laminas\Stratigility\Next->handle()
#59 /var/www/forum.hyleveling.net/vendor/laminas/laminas-stratigility/src/Next.php(49): Laminas\Stratigility\Middleware\OriginalMessages->process()
#60 /var/www/forum.hyleveling.net/vendor/middlewares/base-path/src/BasePath.php(73): Laminas\Stratigility\Next->handle()
#61 /var/www/forum.hyleveling.net/vendor/laminas/laminas-stratigility/src/Next.php(49): Middlewares\BasePath->process()
#62 /var/www/forum.hyleveling.net/vendor/flarum/core/src/Http/Middleware/ProcessIp.php(24): Laminas\Stratigility\Next->handle()
#63 /var/www/forum.hyleveling.net/vendor/laminas/laminas-stratigility/src/Next.php(49): Flarum\Http\Middleware\ProcessIp->process()
#64 /var/www/forum.hyleveling.net/vendor/laminas/laminas-stratigility/src/MiddlewarePipe.php(81): Laminas\Stratigility\Next->handle()
#65 /var/www/forum.hyleveling.net/vendor/laminas/laminas-stratigility/src/MiddlewarePipe.php(70): Laminas\Stratigility\MiddlewarePipe->process()
#66 /var/www/forum.hyleveling.net/vendor/laminas/laminas-httphandlerrunner/src/RequestHandlerRunner.php(73): Laminas\Stratigility\MiddlewarePipe->handle()
#67 /var/www/forum.hyleveling.net/vendor/flarum/core/src/Http/Server.php(45): Laminas\HttpHandlerRunner\RequestHandlerRunner->run()
#68 /var/www/forum.hyleveling.net/public/index.php(26): Flarum\Http\Server->listen()
#69 {main}  
[2026-03-04 02:19:32] flarum.ERROR: Error: Class "DOMDocument" not found in /var/www/forum.hyleveling.net/vendor/s9e/text-formatter/src/Configurator/Helpers/TemplateLoader.php:142
Stack trace:
#0 /var/www/forum.hyleveling.net/vendor/s9e/text-formatter/src/Configurator/Helpers/TemplateLoader.php(52): s9e\TextFormatter\Configurator\Helpers\TemplateLoader::loadAsXML()
#1 /var/www/forum.hyleveling.net/vendor/s9e/text-formatter/src/Configurator/Helpers/TemplateInspector.php(149): s9e\TextFormatter\Configurator\Helpers\TemplateLoader::load()
#2 /var/www/forum.hyleveling.net/vendor/s9e/text-formatter/src/Configurator/RulesGenerators/EnforceContentModels.php(38): s9e\TextFormatter\Configurator\Helpers\TemplateInspector->__construct()
#3 /var/www/forum.hyleveling.net/vendor/s9e/text-formatter/src/Configurator/Collections/RulesGeneratorList.php(30): s9e\TextFormatter\Configurator\RulesGenerators\EnforceContentModels->__construct()
#4 /var/www/forum.hyleveling.net/vendor/s9e/text-formatter/src/Configurator/Collections/NormalizedList.php(36): s9e\TextFormatter\Configurator\Collections\RulesGeneratorList->normalizeValue()
#5 /var/www/forum.hyleveling.net/vendor/s9e/text-formatter/src/Configurator/RulesGenerator.php(70): s9e\TextFormatter\Configurator\Collections\NormalizedList->append()
#6 /var/www/forum.hyleveling.net/vendor/s9e/text-formatter/src/Configurator.php(129): s9e\TextFormatter\Configurator\RulesGenerator->__construct()
#7 /var/www/forum.hyleveling.net/vendor/flarum/core/src/Formatter/Formatter.php(158): s9e\TextFormatter\Configurator->__construct()
#8 /var/www/forum.hyleveling.net/vendor/flarum/core/src/Formatter/Formatter.php(213): Flarum\Formatter\Formatter->getConfigurator()
#9 /var/www/forum.hyleveling.net/vendor/illuminate/cache/Repository.php(426): Flarum\Formatter\Formatter->Flarum\Formatter\{closure}()
#10 /var/www/forum.hyleveling.net/vendor/flarum/core/src/Formatter/Formatter.php(212): Illuminate\Cache\Repository->rememberForever()
#11 /var/www/forum.hyleveling.net/vendor/flarum/core/src/Formatter/Formatter.php(247): Flarum\Formatter\Formatter->getComponent()
#12 /var/www/forum.hyleveling.net/vendor/flarum/core/src/Formatter/Formatter.php(118): Flarum\Formatter\Formatter->getRenderer()
#13 /var/www/forum.hyleveling.net/vendor/flarum/core/src/Post/CommentPost.php(176): Flarum\Formatter\Formatter->render()
#14 /var/www/forum.hyleveling.net/vendor/flarum/core/src/Api/Serializer/BasicPostSerializer.php(63): Flarum\Post\CommentPost->formatContent()
#15 /var/www/forum.hyleveling.net/vendor/flarum/core/src/Api/Serializer/PostSerializer.php(21): Flarum\Api\Serializer\BasicPostSerializer->getDefaultAttributes()
#16 /var/www/forum.hyleveling.net/vendor/flarum/core/src/Api/Serializer/AbstractSerializer.php(88): Flarum\Api\Serializer\PostSerializer->getDefaultAttributes()
#17 /var/www/forum.hyleveling.net/vendor/sycho/json-api/src/Resource.php(183): Flarum\Api\Serializer\AbstractSerializer->getAttributes()
#18 /var/www/forum.hyleveling.net/vendor/sycho/json-api/src/Resource.php(81): Tobscure\JsonApi\Resource->getAttributes()
#19 /var/www/forum.hyleveling.net/vendor/sycho/json-api/src/Collection.php(113): Tobscure\JsonApi\Resource->toArray()
#20 [internal function]: Tobscure\JsonApi\Collection->Tobscure\JsonApi\{closure}()
#21 /var/www/forum.hyleveling.net/vendor/sycho/json-api/src/Collection.php(112): array_map()
#22 /var/www/forum.hyleveling.net/vendor/sycho/json-api/src/Document.php(188): Tobscure\JsonApi\Collection->toArray()
#23 /var/www/forum.hyleveling.net/vendor/sycho/json-api/src/Document.php(232): Tobscure\JsonApi\Document->toArray()
#24 /var/www/forum.hyleveling.net/vendor/flarum/core/src/Api/JsonApiResponse.php(27): Tobscure\JsonApi\Document->jsonSerialize()
#25 /var/www/forum.hyleveling.net/vendor/flarum/core/src/Api/Controller/AbstractSerializeController.php(139): Flarum\Api\JsonApiResponse->__construct()
#26 /var/www/forum.hyleveling.net/vendor/flarum/core/src/Http/RouteHandlerFactory.php(41): Flarum\Api\Controller\AbstractSerializeController->handle()
#27 /var/www/forum.hyleveling.net/vendor/flarum/core/src/Http/Middleware/ExecuteRoute.php(27): Flarum\Http\RouteHandlerFactory->Flarum\Http\{closure}()
#28 /var/www/forum.hyleveling.net/vendor/laminas/laminas-stratigility/src/Next.php(49): Flarum\Http\Middleware\ExecuteRoute->process()
#29 /var/www/forum.hyleveling.net/vendor/flarum/core/src/Api/Middleware/ThrottleApi.php(33): Laminas\Stratigility\Next->handle()
#30 /var/www/forum.hyleveling.net/vendor/laminas/laminas-stratigility/src/Next.php(49): Flarum\Api\Middleware\ThrottleApi->process()
#31 /var/www/forum.hyleveling.net/vendor/flarum/core/src/Http/Middleware/CheckCsrfToken.php(36): Laminas\Stratigility\Next->handle()
#32 /var/www/forum.hyleveling.net/vendor/laminas/laminas-stratigility/src/Next.php(49): Flarum\Http\Middleware\CheckCsrfToken->process()
#33 /var/www/forum.hyleveling.net/vendor/flarum/core/src/Http/Middleware/ResolveRoute.php(69): Laminas\Stratigility\Next->handle()
#34 /var/www/forum.hyleveling.net/vendor/laminas/laminas-stratigility/src/Next.php(49): Flarum\Http\Middleware\ResolveRoute->process()
#35 /var/www/forum.hyleveling.net/vendor/flarum/core/src/Http/Middleware/SetLocale.php(51): Laminas\Stratigility\Next->handle()
#36 /var/www/forum.hyleveling.net/vendor/laminas/laminas-stratigility/src/Next.php(49): Flarum\Http\Middleware\SetLocale->process()
#37 /var/www/forum.hyleveling.net/vendor/flarum/core/src/Http/Middleware/AuthenticateWithHeader.php(58): Laminas\Stratigility\Next->handle()
#38 /var/www/forum.hyleveling.net/vendor/laminas/laminas-stratigility/src/Next.php(49): Flarum\Http\Middleware\AuthenticateWithHeader->process()
#39 /var/www/forum.hyleveling.net/vendor/flarum/core/src/Http/Middleware/AuthenticateWithSession.php(31): Laminas\Stratigility\Next->handle()
#40 /var/www/forum.hyleveling.net/vendor/laminas/laminas-stratigility/src/Next.php(49): Flarum\Http\Middleware\AuthenticateWithSession->process()
#41 /var/www/forum.hyleveling.net/vendor/flarum/core/src/Http/Middleware/RememberFromCookie.php(63): Laminas\Stratigility\Next->handle()
#42 /var/www/forum.hyleveling.net/vendor/laminas/laminas-stratigility/src/Next.php(49): Flarum\Http\Middleware\RememberFromCookie->process()
#43 /var/www/forum.hyleveling.net/vendor/flarum/core/src/Http/Middleware/StartSession.php(61): Laminas\Stratigility\Next->handle()
#44 /var/www/forum.hyleveling.net/vendor/laminas/laminas-stratigility/src/Next.php(49): Flarum\Http\Middleware\StartSession->process()
#45 /var/www/forum.hyleveling.net/vendor/flarum/core/src/Api/Middleware/FakeHttpMethods.php(29): Laminas\Stratigility\Next->handle()
#46 /var/www/forum.hyleveling.net/vendor/laminas/laminas-stratigility/src/Next.php(49): Flarum\Api\Middleware\FakeHttpMethods->process()
#47 /var/www/forum.hyleveling.net/vendor/flarum/core/src/Http/Middleware/ParseJsonBody.php(28): Laminas\Stratigility\Next->handle()
#48 /var/www/forum.hyleveling.net/vendor/laminas/laminas-stratigility/src/Next.php(49): Flarum\Http\Middleware\ParseJsonBody->process()
#49 /var/www/forum.hyleveling.net/vendor/flarum/core/src/Http/Middleware/HandleErrors.php(57): Laminas\Stratigility\Next->handle()
#50 /var/www/forum.hyleveling.net/vendor/laminas/laminas-stratigility/src/Next.php(49): Flarum\Http\Middleware\HandleErrors->process()
#51 /var/www/forum.hyleveling.net/vendor/flarum/core/src/Http/Middleware/InjectActorReference.php(25): Laminas\Stratigility\Next->handle()
#52 /var/www/forum.hyleveling.net/vendor/laminas/laminas-stratigility/src/Next.php(49): Flarum\Http\Middleware\InjectActorReference->process()
#53 /var/www/forum.hyleveling.net/vendor/laminas/laminas-stratigility/src/MiddlewarePipe.php(81): Laminas\Stratigility\Next->handle()
#54 /var/www/forum.hyleveling.net/vendor/middlewares/request-handler/src/RequestHandler.php(84): Laminas\Stratigility\MiddlewarePipe->process()
#55 /var/www/forum.hyleveling.net/vendor/laminas/laminas-stratigility/src/Next.php(49): Middlewares\RequestHandler->process()
#56 /var/www/forum.hyleveling.net/vendor/middlewares/base-path-router/src/BasePathRouter.php(97): Laminas\Stratigility\Next->handle()
#57 /var/www/forum.hyleveling.net/vendor/laminas/laminas-stratigility/src/Next.php(49): Middlewares\BasePathRouter->process()
#58 /var/www/forum.hyleveling.net/vendor/laminas/laminas-stratigility/src/Middleware/OriginalMessages.php(36): Laminas\Stratigility\Next->handle()
#59 /var/www/forum.hyleveling.net/vendor/laminas/laminas-stratigility/src/Next.php(49): Laminas\Stratigility\Middleware\OriginalMessages->process()
#60 /var/www/forum.hyleveling.net/vendor/middlewares/base-path/src/BasePath.php(73): Laminas\Stratigility\Next->handle()
#61 /var/www/forum.hyleveling.net/vendor/laminas/laminas-stratigility/src/Next.php(49): Middlewares\BasePath->process()
#62 /var/www/forum.hyleveling.net/vendor/flarum/core/src/Http/Middleware/ProcessIp.php(24): Laminas\Stratigility\Next->handle()
#63 /var/www/forum.hyleveling.net/vendor/laminas/laminas-stratigility/src/Next.php(49): Flarum\Http\Middleware\ProcessIp->process()
#64 /var/www/forum.hyleveling.net/vendor/laminas/laminas-stratigility/src/MiddlewarePipe.php(81): Laminas\Stratigility\Next->handle()
#65 /var/www/forum.hyleveling.net/vendor/laminas/laminas-stratigility/src/MiddlewarePipe.php(70): Laminas\Stratigility\MiddlewarePipe->process()
#66 /var/www/forum.hyleveling.net/vendor/laminas/laminas-httphandlerrunner/src/RequestHandlerRunner.php(73): Laminas\Stratigility\MiddlewarePipe->handle()
#67 /var/www/forum.hyleveling.net/vendor/flarum/core/src/Http/Server.php(45): Laminas\HttpHandlerRunner\RequestHandlerRunner->run()
#68 /var/www/forum.hyleveling.net/public/index.php(26): Flarum\Http\Server->listen()
#69 {main}  
[2026-03-04 02:20:38] flarum.ERROR: Error: Class "DOMDocument" not found in /var/www/forum.hyleveling.net/vendor/s9e/text-formatter/src/Configurator/Helpers/TemplateLoader.php:142
Stack trace:
#0 /var/www/forum.hyleveling.net/vendor/s9e/text-formatter/src/Configurator/Helpers/TemplateLoader.php(52): s9e\TextFormatter\Configurator\Helpers\TemplateLoader::loadAsXML()
#1 /var/www/forum.hyleveling.net/vendor/s9e/text-formatter/src/Configurator/Helpers/TemplateInspector.php(149): s9e\TextFormatter\Configurator\Helpers\TemplateLoader::load()
#2 /var/www/forum.hyleveling.net/vendor/s9e/text-formatter/src/Configurator/RulesGenerators/EnforceContentModels.php(38): s9e\TextFormatter\Configurator\Helpers\TemplateInspector->__construct()
#3 /var/www/forum.hyleveling.net/vendor/s9e/text-formatter/src/Configurator/Collections/RulesGeneratorList.php(30): s9e\TextFormatter\Configurator\RulesGenerators\EnforceContentModels->__construct()
#4 /var/www/forum.hyleveling.net/vendor/s9e/text-formatter/src/Configurator/Collections/NormalizedList.php(36): s9e\TextFormatter\Configurator\Collections\RulesGeneratorList->normalizeValue()
#5 /var/www/forum.hyleveling.net/vendor/s9e/text-formatter/src/Configurator/RulesGenerator.php(70): s9e\TextFormatter\Configurator\Collections\NormalizedList->append()
#6 /var/www/forum.hyleveling.net/vendor/s9e/text-formatter/src/Configurator.php(129): s9e\TextFormatter\Configurator\RulesGenerator->__construct()
#7 /var/www/forum.hyleveling.net/vendor/flarum/core/src/Formatter/Formatter.php(158): s9e\TextFormatter\Configurator->__construct()
#8 /var/www/forum.hyleveling.net/vendor/flarum/core/src/Formatter/Formatter.php(213): Flarum\Formatter\Formatter->getConfigurator()
#9 /var/www/forum.hyleveling.net/vendor/illuminate/cache/Repository.php(426): Flarum\Formatter\Formatter->Flarum\Formatter\{closure}()
#10 /var/www/forum.hyleveling.net/vendor/flarum/core/src/Formatter/Formatter.php(212): Illuminate\Cache\Repository->rememberForever()
#11 /var/www/forum.hyleveling.net/vendor/flarum/core/src/Formatter/Formatter.php(247): Flarum\Formatter\Formatter->getComponent()
#12 /var/www/forum.hyleveling.net/vendor/flarum/core/src/Formatter/Formatter.php(118): Flarum\Formatter\Formatter->getRenderer()
#13 /var/www/forum.hyleveling.net/vendor/flarum/core/src/Post/CommentPost.php(176): Flarum\Formatter\Formatter->render()
#14 /var/www/forum.hyleveling.net/vendor/flarum/core/src/Api/Serializer/BasicPostSerializer.php(63): Flarum\Post\CommentPost->formatContent()
#15 /var/www/forum.hyleveling.net/vendor/flarum/core/src/Api/Serializer/PostSerializer.php(21): Flarum\Api\Serializer\BasicPostSerializer->getDefaultAttributes()
#16 /var/www/forum.hyleveling.net/vendor/flarum/core/src/Api/Serializer/AbstractSerializer.php(88): Flarum\Api\Serializer\PostSerializer->getDefaultAttributes()
#17 /var/www/forum.hyleveling.net/vendor/sycho/json-api/src/Resource.php(183): Flarum\Api\Serializer\AbstractSerializer->getAttributes()
#18 /var/www/forum.hyleveling.net/vendor/sycho/json-api/src/Resource.php(81): Tobscure\JsonApi\Resource->getAttributes()
#19 /var/www/forum.hyleveling.net/vendor/sycho/json-api/src/Collection.php(113): Tobscure\JsonApi\Resource->toArray()
#20 [internal function]: Tobscure\JsonApi\Collection->Tobscure\JsonApi\{closure}()
#21 /var/www/forum.hyleveling.net/vendor/sycho/json-api/src/Collection.php(112): array_map()
#22 /var/www/forum.hyleveling.net/vendor/sycho/json-api/src/Document.php(188): Tobscure\JsonApi\Collection->toArray()
#23 /var/www/forum.hyleveling.net/vendor/sycho/json-api/src/Document.php(232): Tobscure\JsonApi\Document->toArray()
#24 /var/www/forum.hyleveling.net/vendor/flarum/core/src/Api/JsonApiResponse.php(27): Tobscure\JsonApi\Document->jsonSerialize()
#25 /var/www/forum.hyleveling.net/vendor/flarum/core/src/Api/Controller/AbstractSerializeController.php(139): Flarum\Api\JsonApiResponse->__construct()
#26 /var/www/forum.hyleveling.net/vendor/flarum/core/src/Http/RouteHandlerFactory.php(41): Flarum\Api\Controller\AbstractSerializeController->handle()
#27 /var/www/forum.hyleveling.net/vendor/flarum/core/src/Http/Middleware/ExecuteRoute.php(27): Flarum\Http\RouteHandlerFactory->Flarum\Http\{closure}()
#28 /var/www/forum.hyleveling.net/vendor/laminas/laminas-stratigility/src/Next.php(49): Flarum\Http\Middleware\ExecuteRoute->process()
#29 /var/www/forum.hyleveling.net/vendor/flarum/core/src/Api/Middleware/ThrottleApi.php(33): Laminas\Stratigility\Next->handle()
#30 /var/www/forum.hyleveling.net/vendor/laminas/laminas-stratigility/src/Next.php(49): Flarum\Api\Middleware\ThrottleApi->process()
#31 /var/www/forum.hyleveling.net/vendor/flarum/core/src/Http/Middleware/CheckCsrfToken.php(36): Laminas\Stratigility\Next->handle()
#32 /var/www/forum.hyleveling.net/vendor/laminas/laminas-stratigility/src/Next.php(49): Flarum\Http\Middleware\CheckCsrfToken->process()
#33 /var/www/forum.hyleveling.net/vendor/flarum/core/src/Http/Middleware/ResolveRoute.php(69): Laminas\Stratigility\Next->handle()
#34 /var/www/forum.hyleveling.net/vendor/laminas/laminas-stratigility/src/Next.php(49): Flarum\Http\Middleware\ResolveRoute->process()
#35 /var/www/forum.hyleveling.net/vendor/flarum/core/src/Http/Middleware/SetLocale.php(51): Laminas\Stratigility\Next->handle()
#36 /var/www/forum.hyleveling.net/vendor/laminas/laminas-stratigility/src/Next.php(49): Flarum\Http\Middleware\SetLocale->process()
#37 /var/www/forum.hyleveling.net/vendor/flarum/core/src/Http/Middleware/AuthenticateWithHeader.php(58): Laminas\Stratigility\Next->handle()
#38 /var/www/forum.hyleveling.net/vendor/laminas/laminas-stratigility/src/Next.php(49): Flarum\Http\Middleware\AuthenticateWithHeader->process()
#39 /var/www/forum.hyleveling.net/vendor/flarum/core/src/Http/Middleware/AuthenticateWithSession.php(31): Laminas\Stratigility\Next->handle()
#40 /var/www/forum.hyleveling.net/vendor/laminas/laminas-stratigility/src/Next.php(49): Flarum\Http\Middleware\AuthenticateWithSession->process()
#41 /var/www/forum.hyleveling.net/vendor/flarum/core/src/Http/Middleware/RememberFromCookie.php(63): Laminas\Stratigility\Next->handle()
#42 /var/www/forum.hyleveling.net/vendor/laminas/laminas-stratigility/src/Next.php(49): Flarum\Http\Middleware\RememberFromCookie->process()
#43 /var/www/forum.hyleveling.net/vendor/flarum/core/src/Http/Middleware/StartSession.php(61): Laminas\Stratigility\Next->handle()
#44 /var/www/forum.hyleveling.net/vendor/laminas/laminas-stratigility/src/Next.php(49): Flarum\Http\Middleware\StartSession->process()
#45 /var/www/forum.hyleveling.net/vendor/flarum/core/src/Api/Middleware/FakeHttpMethods.php(29): Laminas\Stratigility\Next->handle()
#46 /var/www/forum.hyleveling.net/vendor/laminas/laminas-stratigility/src/Next.php(49): Flarum\Api\Middleware\FakeHttpMethods->process()
#47 /var/www/forum.hyleveling.net/vendor/flarum/core/src/Http/Middleware/ParseJsonBody.php(28): Laminas\Stratigility\Next->handle()
#48 /var/www/forum.hyleveling.net/vendor/laminas/laminas-stratigility/src/Next.php(49): Flarum\Http\Middleware\ParseJsonBody->process()
#49 /var/www/forum.hyleveling.net/vendor/flarum/core/src/Http/Middleware/HandleErrors.php(57): Laminas\Stratigility\Next->handle()
#50 /var/www/forum.hyleveling.net/vendor/laminas/laminas-stratigility/src/Next.php(49): Flarum\Http\Middleware\HandleErrors->process()
#51 /var/www/forum.hyleveling.net/vendor/flarum/core/src/Http/Middleware/InjectActorReference.php(25): Laminas\Stratigility\Next->handle()
#52 /var/www/forum.hyleveling.net/vendor/laminas/laminas-stratigility/src/Next.php(49): Flarum\Http\Middleware\InjectActorReference->process()
#53 /var/www/forum.hyleveling.net/vendor/laminas/laminas-stratigility/src/MiddlewarePipe.php(81): Laminas\Stratigility\Next->handle()
#54 /var/www/forum.hyleveling.net/vendor/middlewares/request-handler/src/RequestHandler.php(84): Laminas\Stratigility\MiddlewarePipe->process()
#55 /var/www/forum.hyleveling.net/vendor/laminas/laminas-stratigility/src/Next.php(49): Middlewares\RequestHandler->process()
#56 /var/www/forum.hyleveling.net/vendor/middlewares/base-path-router/src/BasePathRouter.php(97): Laminas\Stratigility\Next->handle()
#57 /var/www/forum.hyleveling.net/vendor/laminas/laminas-stratigility/src/Next.php(49): Middlewares\BasePathRouter->process()
#58 /var/www/forum.hyleveling.net/vendor/laminas/laminas-stratigility/src/Middleware/OriginalMessages.php(36): Laminas\Stratigility\Next->handle()
#59 /var/www/forum.hyleveling.net/vendor/laminas/laminas-stratigility/src/Next.php(49): Laminas\Stratigility\Middleware\OriginalMessages->process()
#60 /var/www/forum.hyleveling.net/vendor/middlewares/base-path/src/BasePath.php(73): Laminas\Stratigility\Next->handle()
#61 /var/www/forum.hyleveling.net/vendor/laminas/laminas-stratigility/src/Next.php(49): Middlewares\BasePath->process()
#62 /var/www/forum.hyleveling.net/vendor/flarum/core/src/Http/Middleware/ProcessIp.php(24): Laminas\Stratigility\Next->handle()
#63 /var/www/forum.hyleveling.net/vendor/laminas/laminas-stratigility/src/Next.php(49): Flarum\Http\Middleware\ProcessIp->process()
#64 /var/www/forum.hyleveling.net/vendor/laminas/laminas-stratigility/src/MiddlewarePipe.php(81): Laminas\Stratigility\Next->handle()
#65 /var/www/forum.hyleveling.net/vendor/laminas/laminas-stratigility/src/MiddlewarePipe.php(70): Laminas\Stratigility\MiddlewarePipe->process()
#66 /var/www/forum.hyleveling.net/vendor/laminas/laminas-httphandlerrunner/src/RequestHandlerRunner.php(73): Laminas\Stratigility\MiddlewarePipe->handle()
#67 /var/www/forum.hyleveling.net/vendor/flarum/core/src/Http/Server.php(45): Laminas\HttpHandlerRunner\RequestHandlerRunner->run()
#68 /var/www/forum.hyleveling.net/public/index.php(26): Flarum\Http\Server->listen()
#69 {main}  
[2026-03-04 02:22:25] flarum.ERROR: Error: Class "DOMDocument" not found in /var/www/forum.hyleveling.net/vendor/s9e/text-formatter/src/Configurator/Helpers/TemplateLoader.php:142
Stack trace:
#0 /var/www/forum.hyleveling.net/vendor/s9e/text-formatter/src/Configurator/Helpers/TemplateLoader.php(52): s9e\TextFormatter\Configurator\Helpers\TemplateLoader::loadAsXML()
#1 /var/www/forum.hyleveling.net/vendor/s9e/text-formatter/src/Configurator/Helpers/TemplateInspector.php(149): s9e\TextFormatter\Configurator\Helpers\TemplateLoader::load()
#2 /var/www/forum.hyleveling.net/vendor/s9e/text-formatter/src/Configurator/RulesGenerators/EnforceContentModels.php(38): s9e\TextFormatter\Configurator\Helpers\TemplateInspector->__construct()
#3 /var/www/forum.hyleveling.net/vendor/s9e/text-formatter/src/Configurator/Collections/RulesGeneratorList.php(30): s9e\TextFormatter\Configurator\RulesGenerators\EnforceContentModels->__construct()
#4 /var/www/forum.hyleveling.net/vendor/s9e/text-formatter/src/Configurator/Collections/NormalizedList.php(36): s9e\TextFormatter\Configurator\Collections\RulesGeneratorList->normalizeValue()
#5 /var/www/forum.hyleveling.net/vendor/s9e/text-formatter/src/Configurator/RulesGenerator.php(70): s9e\TextFormatter\Configurator\Collections\NormalizedList->append()
#6 /var/www/forum.hyleveling.net/vendor/s9e/text-formatter/src/Configurator.php(129): s9e\TextFormatter\Configurator\RulesGenerator->__construct()
#7 /var/www/forum.hyleveling.net/vendor/flarum/core/src/Formatter/Formatter.php(158): s9e\TextFormatter\Configurator->__construct()
#8 /var/www/forum.hyleveling.net/vendor/flarum/core/src/Formatter/Formatter.php(213): Flarum\Formatter\Formatter->getConfigurator()
#9 /var/www/forum.hyleveling.net/vendor/illuminate/cache/Repository.php(426): Flarum\Formatter\Formatter->Flarum\Formatter\{closure}()
#10 /var/www/forum.hyleveling.net/vendor/flarum/core/src/Formatter/Formatter.php(212): Illuminate\Cache\Repository->rememberForever()
#11 /var/www/forum.hyleveling.net/vendor/flarum/core/src/Formatter/Formatter.php(247): Flarum\Formatter\Formatter->getComponent()
#12 /var/www/forum.hyleveling.net/vendor/flarum/core/src/Formatter/Formatter.php(118): Flarum\Formatter\Formatter->getRenderer()
#13 /var/www/forum.hyleveling.net/vendor/flarum/core/src/Post/CommentPost.php(176): Flarum\Formatter\Formatter->render()
#14 /var/www/forum.hyleveling.net/vendor/flarum/core/src/Api/Serializer/BasicPostSerializer.php(63): Flarum\Post\CommentPost->formatContent()
#15 /var/www/forum.hyleveling.net/vendor/flarum/core/src/Api/Serializer/PostSerializer.php(21): Flarum\Api\Serializer\BasicPostSerializer->getDefaultAttributes()
#16 /var/www/forum.hyleveling.net/vendor/flarum/core/src/Api/Serializer/AbstractSerializer.php(88): Flarum\Api\Serializer\PostSerializer->getDefaultAttributes()
#17 /var/www/forum.hyleveling.net/vendor/sycho/json-api/src/Resource.php(183): Flarum\Api\Serializer\AbstractSerializer->getAttributes()
#18 /var/www/forum.hyleveling.net/vendor/sycho/json-api/src/Resource.php(81): Tobscure\JsonApi\Resource->getAttributes()
#19 /var/www/forum.hyleveling.net/vendor/sycho/json-api/src/Collection.php(113): Tobscure\JsonApi\Resource->toArray()
#20 [internal function]: Tobscure\JsonApi\Collection->Tobscure\JsonApi\{closure}()
#21 /var/www/forum.hyleveling.net/vendor/sycho/json-api/src/Collection.php(112): array_map()
#22 /var/www/forum.hyleveling.net/vendor/sycho/json-api/src/Document.php(188): Tobscure\JsonApi\Collection->toArray()
#23 /var/www/forum.hyleveling.net/vendor/sycho/json-api/src/Document.php(232): Tobscure\JsonApi\Document->toArray()
#24 /var/www/forum.hyleveling.net/vendor/flarum/core/src/Api/JsonApiResponse.php(27): Tobscure\JsonApi\Document->jsonSerialize()
#25 /var/www/forum.hyleveling.net/vendor/flarum/core/src/Api/Controller/AbstractSerializeController.php(139): Flarum\Api\JsonApiResponse->__construct()
#26 /var/www/forum.hyleveling.net/vendor/flarum/core/src/Http/RouteHandlerFactory.php(41): Flarum\Api\Controller\AbstractSerializeController->handle()
#27 /var/www/forum.hyleveling.net/vendor/flarum/core/src/Http/Middleware/ExecuteRoute.php(27): Flarum\Http\RouteHandlerFactory->Flarum\Http\{closure}()
#28 /var/www/forum.hyleveling.net/vendor/laminas/laminas-stratigility/src/Next.php(49): Flarum\Http\Middleware\ExecuteRoute->process()
#29 /var/www/forum.hyleveling.net/vendor/flarum/core/src/Api/Middleware/ThrottleApi.php(33): Laminas\Stratigility\Next->handle()
#30 /var/www/forum.hyleveling.net/vendor/laminas/laminas-stratigility/src/Next.php(49): Flarum\Api\Middleware\ThrottleApi->process()
#31 /var/www/forum.hyleveling.net/vendor/flarum/core/src/Http/Middleware/CheckCsrfToken.php(36): Laminas\Stratigility\Next->handle()
#32 /var/www/forum.hyleveling.net/vendor/laminas/laminas-stratigility/src/Next.php(49): Flarum\Http\Middleware\CheckCsrfToken->process()
#33 /var/www/forum.hyleveling.net/vendor/flarum/core/src/Http/Middleware/ResolveRoute.php(69): Laminas\Stratigility\Next->handle()
#34 /var/www/forum.hyleveling.net/vendor/laminas/laminas-stratigility/src/Next.php(49): Flarum\Http\Middleware\ResolveRoute->process()
#35 /var/www/forum.hyleveling.net/vendor/flarum/core/src/Http/Middleware/SetLocale.php(51): Laminas\Stratigility\Next->handle()
#36 /var/www/forum.hyleveling.net/vendor/laminas/laminas-stratigility/src/Next.php(49): Flarum\Http\Middleware\SetLocale->process()
#37 /var/www/forum.hyleveling.net/vendor/flarum/core/src/Http/Middleware/AuthenticateWithHeader.php(58): Laminas\Stratigility\Next->handle()
#38 /var/www/forum.hyleveling.net/vendor/laminas/laminas-stratigility/src/Next.php(49): Flarum\Http\Middleware\AuthenticateWithHeader->process()
#39 /var/www/forum.hyleveling.net/vendor/flarum/core/src/Http/Middleware/AuthenticateWithSession.php(31): Laminas\Stratigility\Next->handle()
#40 /var/www/forum.hyleveling.net/vendor/laminas/laminas-stratigility/src/Next.php(49): Flarum\Http\Middleware\AuthenticateWithSession->process()
#41 /var/www/forum.hyleveling.net/vendor/flarum/core/src/Http/Middleware/RememberFromCookie.php(63): Laminas\Stratigility\Next->handle()
#42 /var/www/forum.hyleveling.net/vendor/laminas/laminas-stratigility/src/Next.php(49): Flarum\Http\Middleware\RememberFromCookie->process()
#43 /var/www/forum.hyleveling.net/vendor/flarum/core/src/Http/Middleware/StartSession.php(61): Laminas\Stratigility\Next->handle()
#44 /var/www/forum.hyleveling.net/vendor/laminas/laminas-stratigility/src/Next.php(49): Flarum\Http\Middleware\StartSession->process()
#45 /var/www/forum.hyleveling.net/vendor/flarum/core/src/Api/Middleware/FakeHttpMethods.php(29): Laminas\Stratigility\Next->handle()
#46 /var/www/forum.hyleveling.net/vendor/laminas/laminas-stratigility/src/Next.php(49): Flarum\Api\Middleware\FakeHttpMethods->process()
#47 /var/www/forum.hyleveling.net/vendor/flarum/core/src/Http/Middleware/ParseJsonBody.php(28): Laminas\Stratigility\Next->handle()
#48 /var/www/forum.hyleveling.net/vendor/laminas/laminas-stratigility/src/Next.php(49): Flarum\Http\Middleware\ParseJsonBody->process()
#49 /var/www/forum.hyleveling.net/vendor/flarum/core/src/Http/Middleware/HandleErrors.php(57): Laminas\Stratigility\Next->handle()
#50 /var/www/forum.hyleveling.net/vendor/laminas/laminas-stratigility/src/Next.php(49): Flarum\Http\Middleware\HandleErrors->process()
#51 /var/www/forum.hyleveling.net/vendor/flarum/core/src/Http/Middleware/InjectActorReference.php(25): Laminas\Stratigility\Next->handle()
#52 /var/www/forum.hyleveling.net/vendor/laminas/laminas-stratigility/src/Next.php(49): Flarum\Http\Middleware\InjectActorReference->process()
#53 /var/www/forum.hyleveling.net/vendor/laminas/laminas-stratigility/src/MiddlewarePipe.php(81): Laminas\Stratigility\Next->handle()
#54 /var/www/forum.hyleveling.net/vendor/middlewares/request-handler/src/RequestHandler.php(84): Laminas\Stratigility\MiddlewarePipe->process()
#55 /var/www/forum.hyleveling.net/vendor/laminas/laminas-stratigility/src/Next.php(49): Middlewares\RequestHandler->process()
#56 /var/www/forum.hyleveling.net/vendor/middlewares/base-path-router/src/BasePathRouter.php(97): Laminas\Stratigility\Next->handle()
#57 /var/www/forum.hyleveling.net/vendor/laminas/laminas-stratigility/src/Next.php(49): Middlewares\BasePathRouter->process()
#58 /var/www/forum.hyleveling.net/vendor/laminas/laminas-stratigility/src/Middleware/OriginalMessages.php(36): Laminas\Stratigility\Next->handle()
#59 /var/www/forum.hyleveling.net/vendor/laminas/laminas-stratigility/src/Next.php(49): Laminas\Stratigility\Middleware\OriginalMessages->process()
#60 /var/www/forum.hyleveling.net/vendor/middlewares/base-path/src/BasePath.php(73): Laminas\Stratigility\Next->handle()
#61 /var/www/forum.hyleveling.net/vendor/laminas/laminas-stratigility/src/Next.php(49): Middlewares\BasePath->process()
#62 /var/www/forum.hyleveling.net/vendor/flarum/core/src/Http/Middleware/ProcessIp.php(24): Laminas\Stratigility\Next->handle()
#63 /var/www/forum.hyleveling.net/vendor/laminas/laminas-stratigility/src/Next.php(49): Flarum\Http\Middleware\ProcessIp->process()
#64 /var/www/forum.hyleveling.net/vendor/laminas/laminas-stratigility/src/MiddlewarePipe.php(81): Laminas\Stratigility\Next->handle()
#65 /var/www/forum.hyleveling.net/vendor/laminas/laminas-stratigility/src/MiddlewarePipe.php(70): Laminas\Stratigility\MiddlewarePipe->process()
#66 /var/www/forum.hyleveling.net/vendor/laminas/laminas-httphandlerrunner/src/RequestHandlerRunner.php(73): Laminas\Stratigility\MiddlewarePipe->handle()
#67 /var/www/forum.hyleveling.net/vendor/flarum/core/src/Http/Server.php(45): Laminas\HttpHandlerRunner\RequestHandlerRunner->run()
#68 /var/www/forum.hyleveling.net/public/index.php(26): Flarum\Http\Server->listen()
#69 {main}  
[2026-03-04 02:23:16] flarum.ERROR: Error: Class "DOMDocument" not found in /var/www/forum.hyleveling.net/vendor/s9e/text-formatter/src/Configurator/Helpers/TemplateLoader.php:142
Stack trace:
#0 /var/www/forum.hyleveling.net/vendor/s9e/text-formatter/src/Configurator/Helpers/TemplateLoader.php(52): s9e\TextFormatter\Configurator\Helpers\TemplateLoader::loadAsXML()
#1 /var/www/forum.hyleveling.net/vendor/s9e/text-formatter/src/Configurator/Helpers/TemplateInspector.php(149): s9e\TextFormatter\Configurator\Helpers\TemplateLoader::load()
#2 /var/www/forum.hyleveling.net/vendor/s9e/text-formatter/src/Configurator/RulesGenerators/EnforceContentModels.php(38): s9e\TextFormatter\Configurator\Helpers\TemplateInspector->__construct()
#3 /var/www/forum.hyleveling.net/vendor/s9e/text-formatter/src/Configurator/Collections/RulesGeneratorList.php(30): s9e\TextFormatter\Configurator\RulesGenerators\EnforceContentModels->__construct()
#4 /var/www/forum.hyleveling.net/vendor/s9e/text-formatter/src/Configurator/Collections/NormalizedList.php(36): s9e\TextFormatter\Configurator\Collections\RulesGeneratorList->normalizeValue()
#5 /var/www/forum.hyleveling.net/vendor/s9e/text-formatter/src/Configurator/RulesGenerator.php(70): s9e\TextFormatter\Configurator\Collections\NormalizedList->append()
#6 /var/www/forum.hyleveling.net/vendor/s9e/text-formatter/src/Configurator.php(129): s9e\TextFormatter\Configurator\RulesGenerator->__construct()
#7 /var/www/forum.hyleveling.net/vendor/flarum/core/src/Formatter/Formatter.php(158): s9e\TextFormatter\Configurator->__construct()
#8 /var/www/forum.hyleveling.net/vendor/flarum/core/src/Formatter/Formatter.php(213): Flarum\Formatter\Formatter->getConfigurator()
#9 /var/www/forum.hyleveling.net/vendor/illuminate/cache/Repository.php(426): Flarum\Formatter\Formatter->Flarum\Formatter\{closure}()
#10 /var/www/forum.hyleveling.net/vendor/flarum/core/src/Formatter/Formatter.php(212): Illuminate\Cache\Repository->rememberForever()
#11 /var/www/forum.hyleveling.net/vendor/flarum/core/src/Formatter/Formatter.php(247): Flarum\Formatter\Formatter->getComponent()
#12 /var/www/forum.hyleveling.net/vendor/flarum/core/src/Formatter/Formatter.php(118): Flarum\Formatter\Formatter->getRenderer()
#13 /var/www/forum.hyleveling.net/vendor/flarum/core/src/Post/CommentPost.php(176): Flarum\Formatter\Formatter->render()
#14 /var/www/forum.hyleveling.net/vendor/flarum/core/src/Api/Serializer/BasicPostSerializer.php(63): Flarum\Post\CommentPost->formatContent()
#15 /var/www/forum.hyleveling.net/vendor/flarum/core/src/Api/Serializer/AbstractSerializer.php(88): Flarum\Api\Serializer\BasicPostSerializer->getDefaultAttributes()
#16 /var/www/forum.hyleveling.net/vendor/sycho/json-api/src/Resource.php(183): Flarum\Api\Serializer\AbstractSerializer->getAttributes()
#17 /var/www/forum.hyleveling.net/vendor/sycho/json-api/src/Resource.php(81): Tobscure\JsonApi\Resource->getAttributes()
#18 /var/www/forum.hyleveling.net/vendor/sycho/json-api/src/Document.php(194): Tobscure\JsonApi\Resource->toArray()
#19 [internal function]: Tobscure\JsonApi\Document->Tobscure\JsonApi\{closure}()
#20 /var/www/forum.hyleveling.net/vendor/sycho/json-api/src/Document.php(193): array_map()
#21 /var/www/forum.hyleveling.net/vendor/sycho/json-api/src/Document.php(232): Tobscure\JsonApi\Document->toArray()
#22 /var/www/forum.hyleveling.net/vendor/flarum/core/src/Api/JsonApiResponse.php(27): Tobscure\JsonApi\Document->jsonSerialize()
#23 /var/www/forum.hyleveling.net/vendor/flarum/core/src/Api/Controller/AbstractSerializeController.php(139): Flarum\Api\JsonApiResponse->__construct()
#24 /var/www/forum.hyleveling.net/vendor/flarum/core/src/Http/RouteHandlerFactory.php(41): Flarum\Api\Controller\AbstractSerializeController->handle()
#25 /var/www/forum.hyleveling.net/vendor/flarum/core/src/Http/Middleware/ExecuteRoute.php(27): Flarum\Http\RouteHandlerFactory->Flarum\Http\{closure}()
#26 /var/www/forum.hyleveling.net/vendor/laminas/laminas-stratigility/src/Next.php(49): Flarum\Http\Middleware\ExecuteRoute->process()
#27 /var/www/forum.hyleveling.net/vendor/flarum/core/src/Api/Middleware/ThrottleApi.php(33): Laminas\Stratigility\Next->handle()
#28 /var/www/forum.hyleveling.net/vendor/laminas/laminas-stratigility/src/Next.php(49): Flarum\Api\Middleware\ThrottleApi->process()
#29 /var/www/forum.hyleveling.net/vendor/flarum/core/src/Http/Middleware/CheckCsrfToken.php(36): Laminas\Stratigility\Next->handle()
#30 /var/www/forum.hyleveling.net/vendor/laminas/laminas-stratigility/src/Next.php(49): Flarum\Http\Middleware\CheckCsrfToken->process()
#31 /var/www/forum.hyleveling.net/vendor/flarum/core/src/Http/Middleware/ResolveRoute.php(69): Laminas\Stratigility\Next->handle()
#32 /var/www/forum.hyleveling.net/vendor/laminas/laminas-stratigility/src/Next.php(49): Flarum\Http\Middleware\ResolveRoute->process()
#33 /var/www/forum.hyleveling.net/vendor/flarum/core/src/Http/Middleware/SetLocale.php(51): Laminas\Stratigility\Next->handle()
#34 /var/www/forum.hyleveling.net/vendor/laminas/laminas-stratigility/src/Next.php(49): Flarum\Http\Middleware\SetLocale->process()
#35 /var/www/forum.hyleveling.net/vendor/flarum/core/src/Http/Middleware/AuthenticateWithHeader.php(58): Laminas\Stratigility\Next->handle()
#36 /var/www/forum.hyleveling.net/vendor/laminas/laminas-stratigility/src/Next.php(49): Flarum\Http\Middleware\AuthenticateWithHeader->process()
#37 /var/www/forum.hyleveling.net/vendor/flarum/core/src/Http/Middleware/AuthenticateWithSession.php(31): Laminas\Stratigility\Next->handle()
#38 /var/www/forum.hyleveling.net/vendor/laminas/laminas-stratigility/src/Next.php(49): Flarum\Http\Middleware\AuthenticateWithSession->process()
#39 /var/www/forum.hyleveling.net/vendor/flarum/core/src/Http/Middleware/RememberFromCookie.php(63): Laminas\Stratigility\Next->handle()
#40 /var/www/forum.hyleveling.net/vendor/laminas/laminas-stratigility/src/Next.php(49): Flarum\Http\Middleware\RememberFromCookie->process()
#41 /var/www/forum.hyleveling.net/vendor/flarum/core/src/Http/Middleware/StartSession.php(61): Laminas\Stratigility\Next->handle()
#42 /var/www/forum.hyleveling.net/vendor/laminas/laminas-stratigility/src/Next.php(49): Flarum\Http\Middleware\StartSession->process()
#43 /var/www/forum.hyleveling.net/vendor/flarum/core/src/Api/Middleware/FakeHttpMethods.php(29): Laminas\Stratigility\Next->handle()
#44 /var/www/forum.hyleveling.net/vendor/laminas/laminas-stratigility/src/Next.php(49): Flarum\Api\Middleware\FakeHttpMethods->process()
#45 /var/www/forum.hyleveling.net/vendor/flarum/core/src/Http/Middleware/ParseJsonBody.php(28): Laminas\Stratigility\Next->handle()
#46 /var/www/forum.hyleveling.net/vendor/laminas/laminas-stratigility/src/Next.php(49): Flarum\Http\Middleware\ParseJsonBody->process()
#47 /var/www/forum.hyleveling.net/vendor/flarum/core/src/Http/Middleware/HandleErrors.php(57): Laminas\Stratigility\Next->handle()
#48 /var/www/forum.hyleveling.net/vendor/laminas/laminas-stratigility/src/Next.php(49): Flarum\Http\Middleware\HandleErrors->process()
#49 /var/www/forum.hyleveling.net/vendor/flarum/core/src/Http/Middleware/InjectActorReference.php(25): Laminas\Stratigility\Next->handle()
#50 /var/www/forum.hyleveling.net/vendor/laminas/laminas-stratigility/src/Next.php(49): Flarum\Http\Middleware\InjectActorReference->process()
#51 /var/www/forum.hyleveling.net/vendor/laminas/laminas-stratigility/src/MiddlewarePipe.php(81): Laminas\Stratigility\Next->handle()
#52 /var/www/forum.hyleveling.net/vendor/middlewares/request-handler/src/RequestHandler.php(84): Laminas\Stratigility\MiddlewarePipe->process()
#53 /var/www/forum.hyleveling.net/vendor/laminas/laminas-stratigility/src/Next.php(49): Middlewares\RequestHandler->process()
#54 /var/www/forum.hyleveling.net/vendor/middlewares/base-path-router/src/BasePathRouter.php(97): Laminas\Stratigility\Next->handle()
#55 /var/www/forum.hyleveling.net/vendor/laminas/laminas-stratigility/src/Next.php(49): Middlewares\BasePathRouter->process()
#56 /var/www/forum.hyleveling.net/vendor/laminas/laminas-stratigility/src/Middleware/OriginalMessages.php(36): Laminas\Stratigility\Next->handle()
#57 /var/www/forum.hyleveling.net/vendor/laminas/laminas-stratigility/src/Next.php(49): Laminas\Stratigility\Middleware\OriginalMessages->process()
#58 /var/www/forum.hyleveling.net/vendor/middlewares/base-path/src/BasePath.php(73): Laminas\Stratigility\Next->handle()
#59 /var/www/forum.hyleveling.net/vendor/laminas/laminas-stratigility/src/Next.php(49): Middlewares\BasePath->process()
#60 /var/www/forum.hyleveling.net/vendor/flarum/core/src/Http/Middleware/ProcessIp.php(24): Laminas\Stratigility\Next->handle()
#61 /var/www/forum.hyleveling.net/vendor/laminas/laminas-stratigility/src/Next.php(49): Flarum\Http\Middleware\ProcessIp->process()
#62 /var/www/forum.hyleveling.net/vendor/laminas/laminas-stratigility/src/MiddlewarePipe.php(81): Laminas\Stratigility\Next->handle()
#63 /var/www/forum.hyleveling.net/vendor/laminas/laminas-stratigility/src/MiddlewarePipe.php(70): Laminas\Stratigility\MiddlewarePipe->process()
#64 /var/www/forum.hyleveling.net/vendor/laminas/laminas-httphandlerrunner/src/RequestHandlerRunner.php(73): Laminas\Stratigility\MiddlewarePipe->handle()
#65 /var/www/forum.hyleveling.net/vendor/flarum/core/src/Http/Server.php(45): Laminas\HttpHandlerRunner\RequestHandlerRunner->run()
#66 /var/www/forum.hyleveling.net/public/index.php(26): Flarum\Http\Server->listen()
#67 {main}  
