[2026-02-24 03:59:39] flarum.ERROR: InvalidArgumentException: File not found at path: /var/www/flarum/extensions/flarum-ext-reset-password/js/dist/forum.js in /var/www/flarum/vendor/flarum/core/src/Frontend/Compiler/Source/FileSource.php:35
Stack trace:
#0 /var/www/flarum/vendor/flarum/core/src/Frontend/Compiler/Source/SourceCollector.php(28): Flarum\Frontend\Compiler\Source\FileSource->__construct()
#1 /var/www/flarum/vendor/flarum/core/src/Extend/Frontend.php(196): Flarum\Frontend\Compiler\Source\SourceCollector->addFile()
#2 /var/www/flarum/vendor/flarum/core/src/Frontend/Assets.php(116): Flarum\Extend\Frontend->Flarum\Extend\{closure}()
#3 /var/www/flarum/vendor/flarum/core/src/Frontend/Compiler/RevisionCompiler.php(100): Flarum\Frontend\Assets->Flarum\Frontend\{closure}()
#4 /var/www/flarum/vendor/flarum/core/src/Frontend/Compiler/RevisionCompiler.php(67): Flarum\Frontend\Compiler\RevisionCompiler->getSources()
#5 /var/www/flarum/vendor/flarum/core/src/Frontend/Compiler/RevisionCompiler.php(111): Flarum\Frontend\Compiler\RevisionCompiler->commit()
#6 /var/www/flarum/vendor/flarum/core/src/Frontend/Content/Assets.php(118): Flarum\Frontend\Compiler\RevisionCompiler->getUrl()
#7 [internal function]: Flarum\Frontend\Content\Assets->Flarum\Frontend\Content\{closure}()
#8 /var/www/flarum/vendor/flarum/core/src/Frontend/Content/Assets.php(117): array_map()
#9 /var/www/flarum/vendor/flarum/core/src/Frontend/Content/Assets.php(92): Flarum\Frontend\Content\Assets->getUrls()
#10 /var/www/flarum/vendor/flarum/core/src/Frontend/Content/Assets.php(66): Flarum\Frontend\Content\Assets->addAssetsToDocument()
#11 /var/www/flarum/vendor/flarum/core/src/Frontend/Frontend.php(62): Flarum\Frontend\Content\Assets->__invoke()
#12 /var/www/flarum/vendor/flarum/core/src/Frontend/Frontend.php(54): Flarum\Frontend\Frontend->populate()
#13 /var/www/flarum/vendor/flarum/core/src/Frontend/Controller.php(32): Flarum\Frontend\Frontend->document()
#14 /var/www/flarum/vendor/flarum/core/src/Http/RouteHandlerFactory.php(41): Flarum\Frontend\Controller->handle()
#15 /var/www/flarum/vendor/flarum/core/src/Http/Middleware/ExecuteRoute.php(27): Flarum\Http\RouteHandlerFactory->Flarum\Http\{closure}()
#16 /var/www/flarum/vendor/laminas/laminas-stratigility/src/Next.php(49): Flarum\Http\Middleware\ExecuteRoute->process()
#17 /var/www/flarum/vendor/fof/frontpage/src/Middleware/AddFrontpageFilter.php(30): Laminas\Stratigility\Next->handle()
#18 /var/www/flarum/vendor/laminas/laminas-stratigility/src/Next.php(49): FoF\FrontPage\Middleware\AddFrontpageFilter->process()
#19 /var/www/flarum/vendor/flarum/core/src/Http/Middleware/ContentTypeOptionsHeader.php(21): Laminas\Stratigility\Next->handle()
#20 /var/www/flarum/vendor/laminas/laminas-stratigility/src/Next.php(49): Flarum\Http\Middleware\ContentTypeOptionsHeader->process()
#21 /var/www/flarum/vendor/flarum/core/src/Http/Middleware/ReferrerPolicyHeader.php(30): Laminas\Stratigility\Next->handle()
#22 /var/www/flarum/vendor/laminas/laminas-stratigility/src/Next.php(49): Flarum\Http\Middleware\ReferrerPolicyHeader->process()
#23 /var/www/flarum/vendor/flarum/core/src/Http/Middleware/FlarumPromotionHeader.php(30): Laminas\Stratigility\Next->handle()
#24 /var/www/flarum/vendor/laminas/laminas-stratigility/src/Next.php(49): Flarum\Http\Middleware\FlarumPromotionHeader->process()
#25 /var/www/flarum/vendor/flarum/core/src/Http/Middleware/ShareErrorsFromSession.php(57): Laminas\Stratigility\Next->handle()
#26 /var/www/flarum/vendor/laminas/laminas-stratigility/src/Next.php(49): Flarum\Http\Middleware\ShareErrorsFromSession->process()
#27 /var/www/flarum/vendor/flarum/core/src/Http/Middleware/CheckCsrfToken.php(36): Laminas\Stratigility\Next->handle()
#28 /var/www/flarum/vendor/laminas/laminas-stratigility/src/Next.php(49): Flarum\Http\Middleware\CheckCsrfToken->process()
#29 /var/www/flarum/vendor/flarum/core/src/Http/Middleware/ResolveRoute.php(69): Laminas\Stratigility\Next->handle()
#30 /var/www/flarum/vendor/laminas/laminas-stratigility/src/Next.php(49): Flarum\Http\Middleware\ResolveRoute->process()
#31 /var/www/flarum/vendor/flarum/core/src/Http/Middleware/SetLocale.php(51): Laminas\Stratigility\Next->handle()
#32 /var/www/flarum/vendor/laminas/laminas-stratigility/src/Next.php(49): Flarum\Http\Middleware\SetLocale->process()
#33 /var/www/flarum/vendor/flarum/core/src/Http/Middleware/AuthenticateWithSession.php(31): Laminas\Stratigility\Next->handle()
#34 /var/www/flarum/vendor/laminas/laminas-stratigility/src/Next.php(49): Flarum\Http\Middleware\AuthenticateWithSession->process()
#35 /var/www/flarum/vendor/flarum/core/src/Http/Middleware/RememberFromCookie.php(63): Laminas\Stratigility\Next->handle()
#36 /var/www/flarum/vendor/laminas/laminas-stratigility/src/Next.php(49): Flarum\Http\Middleware\RememberFromCookie->process()
#37 /var/www/flarum/vendor/flarum/core/src/Http/Middleware/StartSession.php(61): Laminas\Stratigility\Next->handle()
#38 /var/www/flarum/vendor/laminas/laminas-stratigility/src/Next.php(49): Flarum\Http\Middleware\StartSession->process()
#39 /var/www/flarum/vendor/flarum/core/src/Http/Middleware/CollectGarbage.php(46): Laminas\Stratigility\Next->handle()
#40 /var/www/flarum/vendor/laminas/laminas-stratigility/src/Next.php(49): Flarum\Http\Middleware\CollectGarbage->process()
#41 /var/www/flarum/vendor/flarum/core/src/Http/Middleware/ParseJsonBody.php(28): Laminas\Stratigility\Next->handle()
#42 /var/www/flarum/vendor/laminas/laminas-stratigility/src/Next.php(49): Flarum\Http\Middleware\ParseJsonBody->process()
#43 /var/www/flarum/vendor/flarum/core/src/Http/Middleware/HandleErrors.php(57): Laminas\Stratigility\Next->handle()
#44 /var/www/flarum/vendor/laminas/laminas-stratigility/src/Next.php(49): Flarum\Http\Middleware\HandleErrors->process()
#45 /var/www/flarum/vendor/flarum/core/src/Http/Middleware/InjectActorReference.php(25): Laminas\Stratigility\Next->handle()
#46 /var/www/flarum/vendor/laminas/laminas-stratigility/src/Next.php(49): Flarum\Http\Middleware\InjectActorReference->process()
#47 /var/www/flarum/vendor/laminas/laminas-stratigility/src/MiddlewarePipe.php(81): Laminas\Stratigility\Next->handle()
#48 /var/www/flarum/vendor/middlewares/request-handler/src/RequestHandler.php(84): Laminas\Stratigility\MiddlewarePipe->process()
#49 /var/www/flarum/vendor/laminas/laminas-stratigility/src/Next.php(49): Middlewares\RequestHandler->process()
#50 /var/www/flarum/vendor/middlewares/base-path-router/src/BasePathRouter.php(97): Laminas\Stratigility\Next->handle()
#51 /var/www/flarum/vendor/laminas/laminas-stratigility/src/Next.php(49): Middlewares\BasePathRouter->process()
#52 /var/www/flarum/vendor/laminas/laminas-stratigility/src/Middleware/OriginalMessages.php(36): Laminas\Stratigility\Next->handle()
#53 /var/www/flarum/vendor/laminas/laminas-stratigility/src/Next.php(49): Laminas\Stratigility\Middleware\OriginalMessages->process()
#54 /var/www/flarum/vendor/middlewares/base-path/src/BasePath.php(73): Laminas\Stratigility\Next->handle()
#55 /var/www/flarum/vendor/laminas/laminas-stratigility/src/Next.php(49): Middlewares\BasePath->process()
#56 /var/www/flarum/vendor/flarum/core/src/Http/Middleware/ProcessIp.php(24): Laminas\Stratigility\Next->handle()
#57 /var/www/flarum/vendor/laminas/laminas-stratigility/src/Next.php(49): Flarum\Http\Middleware\ProcessIp->process()
#58 /var/www/flarum/vendor/laminas/laminas-stratigility/src/MiddlewarePipe.php(81): Laminas\Stratigility\Next->handle()
#59 /var/www/flarum/vendor/laminas/laminas-stratigility/src/MiddlewarePipe.php(70): Laminas\Stratigility\MiddlewarePipe->process()
#60 /var/www/flarum/vendor/laminas/laminas-httphandlerrunner/src/RequestHandlerRunner.php(73): Laminas\Stratigility\MiddlewarePipe->handle()
#61 /var/www/flarum/vendor/flarum/core/src/Http/Server.php(45): Laminas\HttpHandlerRunner\RequestHandlerRunner->run()
#62 /var/www/flarum/public/index.php(26): Flarum\Http\Server->listen()
#63 {main}  
[2026-02-24 03:59:43] flarum.ERROR: InvalidArgumentException: File not found at path: /var/www/flarum/extensions/flarum-ext-reset-password/js/dist/forum.js in /var/www/flarum/vendor/flarum/core/src/Frontend/Compiler/Source/FileSource.php:35
Stack trace:
#0 /var/www/flarum/vendor/flarum/core/src/Frontend/Compiler/Source/SourceCollector.php(28): Flarum\Frontend\Compiler\Source\FileSource->__construct()
#1 /var/www/flarum/vendor/flarum/core/src/Extend/Frontend.php(196): Flarum\Frontend\Compiler\Source\SourceCollector->addFile()
#2 /var/www/flarum/vendor/flarum/core/src/Frontend/Assets.php(116): Flarum\Extend\Frontend->Flarum\Extend\{closure}()
#3 /var/www/flarum/vendor/flarum/core/src/Frontend/Compiler/RevisionCompiler.php(100): Flarum\Frontend\Assets->Flarum\Frontend\{closure}()
#4 /var/www/flarum/vendor/flarum/core/src/Frontend/Compiler/RevisionCompiler.php(67): Flarum\Frontend\Compiler\RevisionCompiler->getSources()
#5 /var/www/flarum/vendor/flarum/core/src/Frontend/Compiler/RevisionCompiler.php(111): Flarum\Frontend\Compiler\RevisionCompiler->commit()
#6 /var/www/flarum/vendor/flarum/core/src/Frontend/Content/Assets.php(118): Flarum\Frontend\Compiler\RevisionCompiler->getUrl()
#7 [internal function]: Flarum\Frontend\Content\Assets->Flarum\Frontend\Content\{closure}()
#8 /var/www/flarum/vendor/flarum/core/src/Frontend/Content/Assets.php(117): array_map()
#9 /var/www/flarum/vendor/flarum/core/src/Frontend/Content/Assets.php(92): Flarum\Frontend\Content\Assets->getUrls()
#10 /var/www/flarum/vendor/flarum/core/src/Frontend/Content/Assets.php(66): Flarum\Frontend\Content\Assets->addAssetsToDocument()
#11 /var/www/flarum/vendor/flarum/core/src/Frontend/Frontend.php(62): Flarum\Frontend\Content\Assets->__invoke()
#12 /var/www/flarum/vendor/flarum/core/src/Frontend/Frontend.php(54): Flarum\Frontend\Frontend->populate()
#13 /var/www/flarum/vendor/flarum/core/src/Frontend/Controller.php(32): Flarum\Frontend\Frontend->document()
#14 /var/www/flarum/vendor/flarum/core/src/Http/RouteHandlerFactory.php(41): Flarum\Frontend\Controller->handle()
#15 /var/www/flarum/vendor/flarum/core/src/Http/Middleware/ExecuteRoute.php(27): Flarum\Http\RouteHandlerFactory->Flarum\Http\{closure}()
#16 /var/www/flarum/vendor/laminas/laminas-stratigility/src/Next.php(49): Flarum\Http\Middleware\ExecuteRoute->process()
#17 /var/www/flarum/vendor/fof/frontpage/src/Middleware/AddFrontpageFilter.php(30): Laminas\Stratigility\Next->handle()
#18 /var/www/flarum/vendor/laminas/laminas-stratigility/src/Next.php(49): FoF\FrontPage\Middleware\AddFrontpageFilter->process()
#19 /var/www/flarum/vendor/flarum/core/src/Http/Middleware/ContentTypeOptionsHeader.php(21): Laminas\Stratigility\Next->handle()
#20 /var/www/flarum/vendor/laminas/laminas-stratigility/src/Next.php(49): Flarum\Http\Middleware\ContentTypeOptionsHeader->process()
#21 /var/www/flarum/vendor/flarum/core/src/Http/Middleware/ReferrerPolicyHeader.php(30): Laminas\Stratigility\Next->handle()
#22 /var/www/flarum/vendor/laminas/laminas-stratigility/src/Next.php(49): Flarum\Http\Middleware\ReferrerPolicyHeader->process()
#23 /var/www/flarum/vendor/flarum/core/src/Http/Middleware/FlarumPromotionHeader.php(30): Laminas\Stratigility\Next->handle()
#24 /var/www/flarum/vendor/laminas/laminas-stratigility/src/Next.php(49): Flarum\Http\Middleware\FlarumPromotionHeader->process()
#25 /var/www/flarum/vendor/flarum/core/src/Http/Middleware/ShareErrorsFromSession.php(57): Laminas\Stratigility\Next->handle()
#26 /var/www/flarum/vendor/laminas/laminas-stratigility/src/Next.php(49): Flarum\Http\Middleware\ShareErrorsFromSession->process()
#27 /var/www/flarum/vendor/flarum/core/src/Http/Middleware/CheckCsrfToken.php(36): Laminas\Stratigility\Next->handle()
#28 /var/www/flarum/vendor/laminas/laminas-stratigility/src/Next.php(49): Flarum\Http\Middleware\CheckCsrfToken->process()
#29 /var/www/flarum/vendor/flarum/core/src/Http/Middleware/ResolveRoute.php(69): Laminas\Stratigility\Next->handle()
#30 /var/www/flarum/vendor/laminas/laminas-stratigility/src/Next.php(49): Flarum\Http\Middleware\ResolveRoute->process()
#31 /var/www/flarum/vendor/flarum/core/src/Http/Middleware/SetLocale.php(51): Laminas\Stratigility\Next->handle()
#32 /var/www/flarum/vendor/laminas/laminas-stratigility/src/Next.php(49): Flarum\Http\Middleware\SetLocale->process()
#33 /var/www/flarum/vendor/flarum/core/src/Http/Middleware/AuthenticateWithSession.php(31): Laminas\Stratigility\Next->handle()
#34 /var/www/flarum/vendor/laminas/laminas-stratigility/src/Next.php(49): Flarum\Http\Middleware\AuthenticateWithSession->process()
#35 /var/www/flarum/vendor/flarum/core/src/Http/Middleware/RememberFromCookie.php(63): Laminas\Stratigility\Next->handle()
#36 /var/www/flarum/vendor/laminas/laminas-stratigility/src/Next.php(49): Flarum\Http\Middleware\RememberFromCookie->process()
#37 /var/www/flarum/vendor/flarum/core/src/Http/Middleware/StartSession.php(61): Laminas\Stratigility\Next->handle()
#38 /var/www/flarum/vendor/laminas/laminas-stratigility/src/Next.php(49): Flarum\Http\Middleware\StartSession->process()
#39 /var/www/flarum/vendor/flarum/core/src/Http/Middleware/CollectGarbage.php(46): Laminas\Stratigility\Next->handle()
#40 /var/www/flarum/vendor/laminas/laminas-stratigility/src/Next.php(49): Flarum\Http\Middleware\CollectGarbage->process()
#41 /var/www/flarum/vendor/flarum/core/src/Http/Middleware/ParseJsonBody.php(28): Laminas\Stratigility\Next->handle()
#42 /var/www/flarum/vendor/laminas/laminas-stratigility/src/Next.php(49): Flarum\Http\Middleware\ParseJsonBody->process()
#43 /var/www/flarum/vendor/flarum/core/src/Http/Middleware/HandleErrors.php(57): Laminas\Stratigility\Next->handle()
#44 /var/www/flarum/vendor/laminas/laminas-stratigility/src/Next.php(49): Flarum\Http\Middleware\HandleErrors->process()
#45 /var/www/flarum/vendor/flarum/core/src/Http/Middleware/InjectActorReference.php(25): Laminas\Stratigility\Next->handle()
#46 /var/www/flarum/vendor/laminas/laminas-stratigility/src/Next.php(49): Flarum\Http\Middleware\InjectActorReference->process()
#47 /var/www/flarum/vendor/laminas/laminas-stratigility/src/MiddlewarePipe.php(81): Laminas\Stratigility\Next->handle()
#48 /var/www/flarum/vendor/middlewares/request-handler/src/RequestHandler.php(84): Laminas\Stratigility\MiddlewarePipe->process()
#49 /var/www/flarum/vendor/laminas/laminas-stratigility/src/Next.php(49): Middlewares\RequestHandler->process()
#50 /var/www/flarum/vendor/middlewares/base-path-router/src/BasePathRouter.php(97): Laminas\Stratigility\Next->handle()
#51 /var/www/flarum/vendor/laminas/laminas-stratigility/src/Next.php(49): Middlewares\BasePathRouter->process()
#52 /var/www/flarum/vendor/laminas/laminas-stratigility/src/Middleware/OriginalMessages.php(36): Laminas\Stratigility\Next->handle()
#53 /var/www/flarum/vendor/laminas/laminas-stratigility/src/Next.php(49): Laminas\Stratigility\Middleware\OriginalMessages->process()
#54 /var/www/flarum/vendor/middlewares/base-path/src/BasePath.php(73): Laminas\Stratigility\Next->handle()
#55 /var/www/flarum/vendor/laminas/laminas-stratigility/src/Next.php(49): Middlewares\BasePath->process()
#56 /var/www/flarum/vendor/flarum/core/src/Http/Middleware/ProcessIp.php(24): Laminas\Stratigility\Next->handle()
#57 /var/www/flarum/vendor/laminas/laminas-stratigility/src/Next.php(49): Flarum\Http\Middleware\ProcessIp->process()
#58 /var/www/flarum/vendor/laminas/laminas-stratigility/src/MiddlewarePipe.php(81): Laminas\Stratigility\Next->handle()
#59 /var/www/flarum/vendor/laminas/laminas-stratigility/src/MiddlewarePipe.php(70): Laminas\Stratigility\MiddlewarePipe->process()
#60 /var/www/flarum/vendor/laminas/laminas-httphandlerrunner/src/RequestHandlerRunner.php(73): Laminas\Stratigility\MiddlewarePipe->handle()
#61 /var/www/flarum/vendor/flarum/core/src/Http/Server.php(45): Laminas\HttpHandlerRunner\RequestHandlerRunner->run()
#62 /var/www/flarum/public/index.php(26): Flarum\Http\Server->listen()
#63 {main}  
[2026-02-24 03:59:44] flarum.ERROR: InvalidArgumentException: File not found at path: /var/www/flarum/extensions/flarum-ext-reset-password/js/dist/forum.js in /var/www/flarum/vendor/flarum/core/src/Frontend/Compiler/Source/FileSource.php:35
Stack trace:
#0 /var/www/flarum/vendor/flarum/core/src/Frontend/Compiler/Source/SourceCollector.php(28): Flarum\Frontend\Compiler\Source\FileSource->__construct()
#1 /var/www/flarum/vendor/flarum/core/src/Extend/Frontend.php(196): Flarum\Frontend\Compiler\Source\SourceCollector->addFile()
#2 /var/www/flarum/vendor/flarum/core/src/Frontend/Assets.php(116): Flarum\Extend\Frontend->Flarum\Extend\{closure}()
#3 /var/www/flarum/vendor/flarum/core/src/Frontend/Compiler/RevisionCompiler.php(100): Flarum\Frontend\Assets->Flarum\Frontend\{closure}()
#4 /var/www/flarum/vendor/flarum/core/src/Frontend/Compiler/RevisionCompiler.php(67): Flarum\Frontend\Compiler\RevisionCompiler->getSources()
#5 /var/www/flarum/vendor/flarum/core/src/Frontend/Compiler/RevisionCompiler.php(111): Flarum\Frontend\Compiler\RevisionCompiler->commit()
#6 /var/www/flarum/vendor/flarum/core/src/Frontend/Content/Assets.php(118): Flarum\Frontend\Compiler\RevisionCompiler->getUrl()
#7 [internal function]: Flarum\Frontend\Content\Assets->Flarum\Frontend\Content\{closure}()
#8 /var/www/flarum/vendor/flarum/core/src/Frontend/Content/Assets.php(117): array_map()
#9 /var/www/flarum/vendor/flarum/core/src/Frontend/Content/Assets.php(92): Flarum\Frontend\Content\Assets->getUrls()
#10 /var/www/flarum/vendor/flarum/core/src/Frontend/Content/Assets.php(66): Flarum\Frontend\Content\Assets->addAssetsToDocument()
#11 /var/www/flarum/vendor/flarum/core/src/Frontend/Frontend.php(62): Flarum\Frontend\Content\Assets->__invoke()
#12 /var/www/flarum/vendor/flarum/core/src/Frontend/Frontend.php(54): Flarum\Frontend\Frontend->populate()
#13 /var/www/flarum/vendor/flarum/core/src/Frontend/Controller.php(32): Flarum\Frontend\Frontend->document()
#14 /var/www/flarum/vendor/flarum/core/src/Http/RouteHandlerFactory.php(41): Flarum\Frontend\Controller->handle()
#15 /var/www/flarum/vendor/flarum/core/src/Http/Middleware/ExecuteRoute.php(27): Flarum\Http\RouteHandlerFactory->Flarum\Http\{closure}()
#16 /var/www/flarum/vendor/laminas/laminas-stratigility/src/Next.php(49): Flarum\Http\Middleware\ExecuteRoute->process()
#17 /var/www/flarum/vendor/fof/frontpage/src/Middleware/AddFrontpageFilter.php(30): Laminas\Stratigility\Next->handle()
#18 /var/www/flarum/vendor/laminas/laminas-stratigility/src/Next.php(49): FoF\FrontPage\Middleware\AddFrontpageFilter->process()
#19 /var/www/flarum/vendor/flarum/core/src/Http/Middleware/ContentTypeOptionsHeader.php(21): Laminas\Stratigility\Next->handle()
#20 /var/www/flarum/vendor/laminas/laminas-stratigility/src/Next.php(49): Flarum\Http\Middleware\ContentTypeOptionsHeader->process()
#21 /var/www/flarum/vendor/flarum/core/src/Http/Middleware/ReferrerPolicyHeader.php(30): Laminas\Stratigility\Next->handle()
#22 /var/www/flarum/vendor/laminas/laminas-stratigility/src/Next.php(49): Flarum\Http\Middleware\ReferrerPolicyHeader->process()
#23 /var/www/flarum/vendor/flarum/core/src/Http/Middleware/FlarumPromotionHeader.php(30): Laminas\Stratigility\Next->handle()
#24 /var/www/flarum/vendor/laminas/laminas-stratigility/src/Next.php(49): Flarum\Http\Middleware\FlarumPromotionHeader->process()
#25 /var/www/flarum/vendor/flarum/core/src/Http/Middleware/ShareErrorsFromSession.php(57): Laminas\Stratigility\Next->handle()
#26 /var/www/flarum/vendor/laminas/laminas-stratigility/src/Next.php(49): Flarum\Http\Middleware\ShareErrorsFromSession->process()
#27 /var/www/flarum/vendor/flarum/core/src/Http/Middleware/CheckCsrfToken.php(36): Laminas\Stratigility\Next->handle()
#28 /var/www/flarum/vendor/laminas/laminas-stratigility/src/Next.php(49): Flarum\Http\Middleware\CheckCsrfToken->process()
#29 /var/www/flarum/vendor/flarum/core/src/Http/Middleware/ResolveRoute.php(69): Laminas\Stratigility\Next->handle()
#30 /var/www/flarum/vendor/laminas/laminas-stratigility/src/Next.php(49): Flarum\Http\Middleware\ResolveRoute->process()
#31 /var/www/flarum/vendor/flarum/core/src/Http/Middleware/SetLocale.php(51): Laminas\Stratigility\Next->handle()
#32 /var/www/flarum/vendor/laminas/laminas-stratigility/src/Next.php(49): Flarum\Http\Middleware\SetLocale->process()
#33 /var/www/flarum/vendor/flarum/core/src/Http/Middleware/AuthenticateWithSession.php(31): Laminas\Stratigility\Next->handle()
#34 /var/www/flarum/vendor/laminas/laminas-stratigility/src/Next.php(49): Flarum\Http\Middleware\AuthenticateWithSession->process()
#35 /var/www/flarum/vendor/flarum/core/src/Http/Middleware/RememberFromCookie.php(63): Laminas\Stratigility\Next->handle()
#36 /var/www/flarum/vendor/laminas/laminas-stratigility/src/Next.php(49): Flarum\Http\Middleware\RememberFromCookie->process()
#37 /var/www/flarum/vendor/flarum/core/src/Http/Middleware/StartSession.php(61): Laminas\Stratigility\Next->handle()
#38 /var/www/flarum/vendor/laminas/laminas-stratigility/src/Next.php(49): Flarum\Http\Middleware\StartSession->process()
#39 /var/www/flarum/vendor/flarum/core/src/Http/Middleware/CollectGarbage.php(46): Laminas\Stratigility\Next->handle()
#40 /var/www/flarum/vendor/laminas/laminas-stratigility/src/Next.php(49): Flarum\Http\Middleware\CollectGarbage->process()
#41 /var/www/flarum/vendor/flarum/core/src/Http/Middleware/ParseJsonBody.php(28): Laminas\Stratigility\Next->handle()
#42 /var/www/flarum/vendor/laminas/laminas-stratigility/src/Next.php(49): Flarum\Http\Middleware\ParseJsonBody->process()
#43 /var/www/flarum/vendor/flarum/core/src/Http/Middleware/HandleErrors.php(57): Laminas\Stratigility\Next->handle()
#44 /var/www/flarum/vendor/laminas/laminas-stratigility/src/Next.php(49): Flarum\Http\Middleware\HandleErrors->process()
#45 /var/www/flarum/vendor/flarum/core/src/Http/Middleware/InjectActorReference.php(25): Laminas\Stratigility\Next->handle()
#46 /var/www/flarum/vendor/laminas/laminas-stratigility/src/Next.php(49): Flarum\Http\Middleware\InjectActorReference->process()
#47 /var/www/flarum/vendor/laminas/laminas-stratigility/src/MiddlewarePipe.php(81): Laminas\Stratigility\Next->handle()
#48 /var/www/flarum/vendor/middlewares/request-handler/src/RequestHandler.php(84): Laminas\Stratigility\MiddlewarePipe->process()
#49 /var/www/flarum/vendor/laminas/laminas-stratigility/src/Next.php(49): Middlewares\RequestHandler->process()
#50 /var/www/flarum/vendor/middlewares/base-path-router/src/BasePathRouter.php(97): Laminas\Stratigility\Next->handle()
#51 /var/www/flarum/vendor/laminas/laminas-stratigility/src/Next.php(49): Middlewares\BasePathRouter->process()
#52 /var/www/flarum/vendor/laminas/laminas-stratigility/src/Middleware/OriginalMessages.php(36): Laminas\Stratigility\Next->handle()
#53 /var/www/flarum/vendor/laminas/laminas-stratigility/src/Next.php(49): Laminas\Stratigility\Middleware\OriginalMessages->process()
#54 /var/www/flarum/vendor/middlewares/base-path/src/BasePath.php(73): Laminas\Stratigility\Next->handle()
#55 /var/www/flarum/vendor/laminas/laminas-stratigility/src/Next.php(49): Middlewares\BasePath->process()
#56 /var/www/flarum/vendor/flarum/core/src/Http/Middleware/ProcessIp.php(24): Laminas\Stratigility\Next->handle()
#57 /var/www/flarum/vendor/laminas/laminas-stratigility/src/Next.php(49): Flarum\Http\Middleware\ProcessIp->process()
#58 /var/www/flarum/vendor/laminas/laminas-stratigility/src/MiddlewarePipe.php(81): Laminas\Stratigility\Next->handle()
#59 /var/www/flarum/vendor/laminas/laminas-stratigility/src/MiddlewarePipe.php(70): Laminas\Stratigility\MiddlewarePipe->process()
#60 /var/www/flarum/vendor/laminas/laminas-httphandlerrunner/src/RequestHandlerRunner.php(73): Laminas\Stratigility\MiddlewarePipe->handle()
#61 /var/www/flarum/vendor/flarum/core/src/Http/Server.php(45): Laminas\HttpHandlerRunner\RequestHandlerRunner->run()
#62 /var/www/flarum/public/index.php(26): Flarum\Http\Server->listen()
#63 {main}  
[2026-02-24 03:59:47] flarum.ERROR: InvalidArgumentException: File not found at path: /var/www/flarum/extensions/flarum-ext-reset-password/js/dist/forum.js in /var/www/flarum/vendor/flarum/core/src/Frontend/Compiler/Source/FileSource.php:35
Stack trace:
#0 /var/www/flarum/vendor/flarum/core/src/Frontend/Compiler/Source/SourceCollector.php(28): Flarum\Frontend\Compiler\Source\FileSource->__construct()
#1 /var/www/flarum/vendor/flarum/core/src/Extend/Frontend.php(196): Flarum\Frontend\Compiler\Source\SourceCollector->addFile()
#2 /var/www/flarum/vendor/flarum/core/src/Frontend/Assets.php(116): Flarum\Extend\Frontend->Flarum\Extend\{closure}()
#3 /var/www/flarum/vendor/flarum/core/src/Frontend/Compiler/RevisionCompiler.php(100): Flarum\Frontend\Assets->Flarum\Frontend\{closure}()
#4 /var/www/flarum/vendor/flarum/core/src/Frontend/Compiler/RevisionCompiler.php(67): Flarum\Frontend\Compiler\RevisionCompiler->getSources()
#5 /var/www/flarum/vendor/flarum/core/src/Frontend/Compiler/RevisionCompiler.php(111): Flarum\Frontend\Compiler\RevisionCompiler->commit()
#6 /var/www/flarum/vendor/flarum/core/src/Frontend/Content/Assets.php(118): Flarum\Frontend\Compiler\RevisionCompiler->getUrl()
#7 [internal function]: Flarum\Frontend\Content\Assets->Flarum\Frontend\Content\{closure}()
#8 /var/www/flarum/vendor/flarum/core/src/Frontend/Content/Assets.php(117): array_map()
#9 /var/www/flarum/vendor/flarum/core/src/Frontend/Content/Assets.php(92): Flarum\Frontend\Content\Assets->getUrls()
#10 /var/www/flarum/vendor/flarum/core/src/Frontend/Content/Assets.php(66): Flarum\Frontend\Content\Assets->addAssetsToDocument()
#11 /var/www/flarum/vendor/flarum/core/src/Frontend/Frontend.php(62): Flarum\Frontend\Content\Assets->__invoke()
#12 /var/www/flarum/vendor/flarum/core/src/Frontend/Frontend.php(54): Flarum\Frontend\Frontend->populate()
#13 /var/www/flarum/vendor/flarum/core/src/Frontend/Controller.php(32): Flarum\Frontend\Frontend->document()
#14 /var/www/flarum/vendor/flarum/core/src/Http/RouteHandlerFactory.php(41): Flarum\Frontend\Controller->handle()
#15 /var/www/flarum/vendor/flarum/core/src/Http/Middleware/ExecuteRoute.php(27): Flarum\Http\RouteHandlerFactory->Flarum\Http\{closure}()
#16 /var/www/flarum/vendor/laminas/laminas-stratigility/src/Next.php(49): Flarum\Http\Middleware\ExecuteRoute->process()
#17 /var/www/flarum/vendor/fof/frontpage/src/Middleware/AddFrontpageFilter.php(30): Laminas\Stratigility\Next->handle()
#18 /var/www/flarum/vendor/laminas/laminas-stratigility/src/Next.php(49): FoF\FrontPage\Middleware\AddFrontpageFilter->process()
#19 /var/www/flarum/vendor/flarum/core/src/Http/Middleware/ContentTypeOptionsHeader.php(21): Laminas\Stratigility\Next->handle()
#20 /var/www/flarum/vendor/laminas/laminas-stratigility/src/Next.php(49): Flarum\Http\Middleware\ContentTypeOptionsHeader->process()
#21 /var/www/flarum/vendor/flarum/core/src/Http/Middleware/ReferrerPolicyHeader.php(30): Laminas\Stratigility\Next->handle()
#22 /var/www/flarum/vendor/laminas/laminas-stratigility/src/Next.php(49): Flarum\Http\Middleware\ReferrerPolicyHeader->process()
#23 /var/www/flarum/vendor/flarum/core/src/Http/Middleware/FlarumPromotionHeader.php(30): Laminas\Stratigility\Next->handle()
#24 /var/www/flarum/vendor/laminas/laminas-stratigility/src/Next.php(49): Flarum\Http\Middleware\FlarumPromotionHeader->process()
#25 /var/www/flarum/vendor/flarum/core/src/Http/Middleware/ShareErrorsFromSession.php(57): Laminas\Stratigility\Next->handle()
#26 /var/www/flarum/vendor/laminas/laminas-stratigility/src/Next.php(49): Flarum\Http\Middleware\ShareErrorsFromSession->process()
#27 /var/www/flarum/vendor/flarum/core/src/Http/Middleware/CheckCsrfToken.php(36): Laminas\Stratigility\Next->handle()
#28 /var/www/flarum/vendor/laminas/laminas-stratigility/src/Next.php(49): Flarum\Http\Middleware\CheckCsrfToken->process()
#29 /var/www/flarum/vendor/flarum/core/src/Http/Middleware/ResolveRoute.php(69): Laminas\Stratigility\Next->handle()
#30 /var/www/flarum/vendor/laminas/laminas-stratigility/src/Next.php(49): Flarum\Http\Middleware\ResolveRoute->process()
#31 /var/www/flarum/vendor/flarum/core/src/Http/Middleware/SetLocale.php(51): Laminas\Stratigility\Next->handle()
#32 /var/www/flarum/vendor/laminas/laminas-stratigility/src/Next.php(49): Flarum\Http\Middleware\SetLocale->process()
#33 /var/www/flarum/vendor/flarum/core/src/Http/Middleware/AuthenticateWithSession.php(31): Laminas\Stratigility\Next->handle()
#34 /var/www/flarum/vendor/laminas/laminas-stratigility/src/Next.php(49): Flarum\Http\Middleware\AuthenticateWithSession->process()
#35 /var/www/flarum/vendor/flarum/core/src/Http/Middleware/RememberFromCookie.php(63): Laminas\Stratigility\Next->handle()
#36 /var/www/flarum/vendor/laminas/laminas-stratigility/src/Next.php(49): Flarum\Http\Middleware\RememberFromCookie->process()
#37 /var/www/flarum/vendor/flarum/core/src/Http/Middleware/StartSession.php(61): Laminas\Stratigility\Next->handle()
#38 /var/www/flarum/vendor/laminas/laminas-stratigility/src/Next.php(49): Flarum\Http\Middleware\StartSession->process()
#39 /var/www/flarum/vendor/flarum/core/src/Http/Middleware/CollectGarbage.php(46): Laminas\Stratigility\Next->handle()
#40 /var/www/flarum/vendor/laminas/laminas-stratigility/src/Next.php(49): Flarum\Http\Middleware\CollectGarbage->process()
#41 /var/www/flarum/vendor/flarum/core/src/Http/Middleware/ParseJsonBody.php(28): Laminas\Stratigility\Next->handle()
#42 /var/www/flarum/vendor/laminas/laminas-stratigility/src/Next.php(49): Flarum\Http\Middleware\ParseJsonBody->process()
#43 /var/www/flarum/vendor/flarum/core/src/Http/Middleware/HandleErrors.php(57): Laminas\Stratigility\Next->handle()
#44 /var/www/flarum/vendor/laminas/laminas-stratigility/src/Next.php(49): Flarum\Http\Middleware\HandleErrors->process()
#45 /var/www/flarum/vendor/flarum/core/src/Http/Middleware/InjectActorReference.php(25): Laminas\Stratigility\Next->handle()
#46 /var/www/flarum/vendor/laminas/laminas-stratigility/src/Next.php(49): Flarum\Http\Middleware\InjectActorReference->process()
#47 /var/www/flarum/vendor/laminas/laminas-stratigility/src/MiddlewarePipe.php(81): Laminas\Stratigility\Next->handle()
#48 /var/www/flarum/vendor/middlewares/request-handler/src/RequestHandler.php(84): Laminas\Stratigility\MiddlewarePipe->process()
#49 /var/www/flarum/vendor/laminas/laminas-stratigility/src/Next.php(49): Middlewares\RequestHandler->process()
#50 /var/www/flarum/vendor/middlewares/base-path-router/src/BasePathRouter.php(97): Laminas\Stratigility\Next->handle()
#51 /var/www/flarum/vendor/laminas/laminas-stratigility/src/Next.php(49): Middlewares\BasePathRouter->process()
#52 /var/www/flarum/vendor/laminas/laminas-stratigility/src/Middleware/OriginalMessages.php(36): Laminas\Stratigility\Next->handle()
#53 /var/www/flarum/vendor/laminas/laminas-stratigility/src/Next.php(49): Laminas\Stratigility\Middleware\OriginalMessages->process()
#54 /var/www/flarum/vendor/middlewares/base-path/src/BasePath.php(73): Laminas\Stratigility\Next->handle()
#55 /var/www/flarum/vendor/laminas/laminas-stratigility/src/Next.php(49): Middlewares\BasePath->process()
#56 /var/www/flarum/vendor/flarum/core/src/Http/Middleware/ProcessIp.php(24): Laminas\Stratigility\Next->handle()
#57 /var/www/flarum/vendor/laminas/laminas-stratigility/src/Next.php(49): Flarum\Http\Middleware\ProcessIp->process()
#58 /var/www/flarum/vendor/laminas/laminas-stratigility/src/MiddlewarePipe.php(81): Laminas\Stratigility\Next->handle()
#59 /var/www/flarum/vendor/laminas/laminas-stratigility/src/MiddlewarePipe.php(70): Laminas\Stratigility\MiddlewarePipe->process()
#60 /var/www/flarum/vendor/laminas/laminas-httphandlerrunner/src/RequestHandlerRunner.php(73): Laminas\Stratigility\MiddlewarePipe->handle()
#61 /var/www/flarum/vendor/flarum/core/src/Http/Server.php(45): Laminas\HttpHandlerRunner\RequestHandlerRunner->run()
#62 /var/www/flarum/public/index.php(26): Flarum\Http\Server->listen()
#63 {main}  
[2026-02-24 03:59:51] flarum.ERROR: InvalidArgumentException: File not found at path: /var/www/flarum/extensions/flarum-ext-reset-password/js/dist/forum.js in /var/www/flarum/vendor/flarum/core/src/Frontend/Compiler/Source/FileSource.php:35
Stack trace:
#0 /var/www/flarum/vendor/flarum/core/src/Frontend/Compiler/Source/SourceCollector.php(28): Flarum\Frontend\Compiler\Source\FileSource->__construct()
#1 /var/www/flarum/vendor/flarum/core/src/Extend/Frontend.php(196): Flarum\Frontend\Compiler\Source\SourceCollector->addFile()
#2 /var/www/flarum/vendor/flarum/core/src/Frontend/Assets.php(116): Flarum\Extend\Frontend->Flarum\Extend\{closure}()
#3 /var/www/flarum/vendor/flarum/core/src/Frontend/Compiler/RevisionCompiler.php(100): Flarum\Frontend\Assets->Flarum\Frontend\{closure}()
#4 /var/www/flarum/vendor/flarum/core/src/Frontend/Compiler/RevisionCompiler.php(67): Flarum\Frontend\Compiler\RevisionCompiler->getSources()
#5 /var/www/flarum/vendor/flarum/core/src/Frontend/Compiler/RevisionCompiler.php(111): Flarum\Frontend\Compiler\RevisionCompiler->commit()
#6 /var/www/flarum/vendor/flarum/core/src/Frontend/Content/Assets.php(118): Flarum\Frontend\Compiler\RevisionCompiler->getUrl()
#7 [internal function]: Flarum\Frontend\Content\Assets->Flarum\Frontend\Content\{closure}()
#8 /var/www/flarum/vendor/flarum/core/src/Frontend/Content/Assets.php(117): array_map()
#9 /var/www/flarum/vendor/flarum/core/src/Frontend/Content/Assets.php(92): Flarum\Frontend\Content\Assets->getUrls()
#10 /var/www/flarum/vendor/flarum/core/src/Frontend/Content/Assets.php(66): Flarum\Frontend\Content\Assets->addAssetsToDocument()
#11 /var/www/flarum/vendor/flarum/core/src/Frontend/Frontend.php(62): Flarum\Frontend\Content\Assets->__invoke()
#12 /var/www/flarum/vendor/flarum/core/src/Frontend/Frontend.php(54): Flarum\Frontend\Frontend->populate()
#13 /var/www/flarum/vendor/flarum/core/src/Frontend/Controller.php(32): Flarum\Frontend\Frontend->document()
#14 /var/www/flarum/vendor/flarum/core/src/Http/RouteHandlerFactory.php(41): Flarum\Frontend\Controller->handle()
#15 /var/www/flarum/vendor/flarum/core/src/Http/Middleware/ExecuteRoute.php(27): Flarum\Http\RouteHandlerFactory->Flarum\Http\{closure}()
#16 /var/www/flarum/vendor/laminas/laminas-stratigility/src/Next.php(49): Flarum\Http\Middleware\ExecuteRoute->process()
#17 /var/www/flarum/vendor/fof/frontpage/src/Middleware/AddFrontpageFilter.php(30): Laminas\Stratigility\Next->handle()
#18 /var/www/flarum/vendor/laminas/laminas-stratigility/src/Next.php(49): FoF\FrontPage\Middleware\AddFrontpageFilter->process()
#19 /var/www/flarum/vendor/flarum/core/src/Http/Middleware/ContentTypeOptionsHeader.php(21): Laminas\Stratigility\Next->handle()
#20 /var/www/flarum/vendor/laminas/laminas-stratigility/src/Next.php(49): Flarum\Http\Middleware\ContentTypeOptionsHeader->process()
#21 /var/www/flarum/vendor/flarum/core/src/Http/Middleware/ReferrerPolicyHeader.php(30): Laminas\Stratigility\Next->handle()
#22 /var/www/flarum/vendor/laminas/laminas-stratigility/src/Next.php(49): Flarum\Http\Middleware\ReferrerPolicyHeader->process()
#23 /var/www/flarum/vendor/flarum/core/src/Http/Middleware/FlarumPromotionHeader.php(30): Laminas\Stratigility\Next->handle()
#24 /var/www/flarum/vendor/laminas/laminas-stratigility/src/Next.php(49): Flarum\Http\Middleware\FlarumPromotionHeader->process()
#25 /var/www/flarum/vendor/flarum/core/src/Http/Middleware/ShareErrorsFromSession.php(57): Laminas\Stratigility\Next->handle()
#26 /var/www/flarum/vendor/laminas/laminas-stratigility/src/Next.php(49): Flarum\Http\Middleware\ShareErrorsFromSession->process()
#27 /var/www/flarum/vendor/flarum/core/src/Http/Middleware/CheckCsrfToken.php(36): Laminas\Stratigility\Next->handle()
#28 /var/www/flarum/vendor/laminas/laminas-stratigility/src/Next.php(49): Flarum\Http\Middleware\CheckCsrfToken->process()
#29 /var/www/flarum/vendor/flarum/core/src/Http/Middleware/ResolveRoute.php(69): Laminas\Stratigility\Next->handle()
#30 /var/www/flarum/vendor/laminas/laminas-stratigility/src/Next.php(49): Flarum\Http\Middleware\ResolveRoute->process()
#31 /var/www/flarum/vendor/flarum/core/src/Http/Middleware/SetLocale.php(51): Laminas\Stratigility\Next->handle()
#32 /var/www/flarum/vendor/laminas/laminas-stratigility/src/Next.php(49): Flarum\Http\Middleware\SetLocale->process()
#33 /var/www/flarum/vendor/flarum/core/src/Http/Middleware/AuthenticateWithSession.php(31): Laminas\Stratigility\Next->handle()
#34 /var/www/flarum/vendor/laminas/laminas-stratigility/src/Next.php(49): Flarum\Http\Middleware\AuthenticateWithSession->process()
#35 /var/www/flarum/vendor/flarum/core/src/Http/Middleware/RememberFromCookie.php(63): Laminas\Stratigility\Next->handle()
#36 /var/www/flarum/vendor/laminas/laminas-stratigility/src/Next.php(49): Flarum\Http\Middleware\RememberFromCookie->process()
#37 /var/www/flarum/vendor/flarum/core/src/Http/Middleware/StartSession.php(61): Laminas\Stratigility\Next->handle()
#38 /var/www/flarum/vendor/laminas/laminas-stratigility/src/Next.php(49): Flarum\Http\Middleware\StartSession->process()
#39 /var/www/flarum/vendor/flarum/core/src/Http/Middleware/CollectGarbage.php(46): Laminas\Stratigility\Next->handle()
#40 /var/www/flarum/vendor/laminas/laminas-stratigility/src/Next.php(49): Flarum\Http\Middleware\CollectGarbage->process()
#41 /var/www/flarum/vendor/flarum/core/src/Http/Middleware/ParseJsonBody.php(28): Laminas\Stratigility\Next->handle()
#42 /var/www/flarum/vendor/laminas/laminas-stratigility/src/Next.php(49): Flarum\Http\Middleware\ParseJsonBody->process()
#43 /var/www/flarum/vendor/flarum/core/src/Http/Middleware/HandleErrors.php(57): Laminas\Stratigility\Next->handle()
#44 /var/www/flarum/vendor/laminas/laminas-stratigility/src/Next.php(49): Flarum\Http\Middleware\HandleErrors->process()
#45 /var/www/flarum/vendor/flarum/core/src/Http/Middleware/InjectActorReference.php(25): Laminas\Stratigility\Next->handle()
#46 /var/www/flarum/vendor/laminas/laminas-stratigility/src/Next.php(49): Flarum\Http\Middleware\InjectActorReference->process()
#47 /var/www/flarum/vendor/laminas/laminas-stratigility/src/MiddlewarePipe.php(81): Laminas\Stratigility\Next->handle()
#48 /var/www/flarum/vendor/middlewares/request-handler/src/RequestHandler.php(84): Laminas\Stratigility\MiddlewarePipe->process()
#49 /var/www/flarum/vendor/laminas/laminas-stratigility/src/Next.php(49): Middlewares\RequestHandler->process()
#50 /var/www/flarum/vendor/middlewares/base-path-router/src/BasePathRouter.php(97): Laminas\Stratigility\Next->handle()
#51 /var/www/flarum/vendor/laminas/laminas-stratigility/src/Next.php(49): Middlewares\BasePathRouter->process()
#52 /var/www/flarum/vendor/laminas/laminas-stratigility/src/Middleware/OriginalMessages.php(36): Laminas\Stratigility\Next->handle()
#53 /var/www/flarum/vendor/laminas/laminas-stratigility/src/Next.php(49): Laminas\Stratigility\Middleware\OriginalMessages->process()
#54 /var/www/flarum/vendor/middlewares/base-path/src/BasePath.php(73): Laminas\Stratigility\Next->handle()
#55 /var/www/flarum/vendor/laminas/laminas-stratigility/src/Next.php(49): Middlewares\BasePath->process()
#56 /var/www/flarum/vendor/flarum/core/src/Http/Middleware/ProcessIp.php(24): Laminas\Stratigility\Next->handle()
#57 /var/www/flarum/vendor/laminas/laminas-stratigility/src/Next.php(49): Flarum\Http\Middleware\ProcessIp->process()
#58 /var/www/flarum/vendor/laminas/laminas-stratigility/src/MiddlewarePipe.php(81): Laminas\Stratigility\Next->handle()
#59 /var/www/flarum/vendor/laminas/laminas-stratigility/src/MiddlewarePipe.php(70): Laminas\Stratigility\MiddlewarePipe->process()
#60 /var/www/flarum/vendor/laminas/laminas-httphandlerrunner/src/RequestHandlerRunner.php(73): Laminas\Stratigility\MiddlewarePipe->handle()
#61 /var/www/flarum/vendor/flarum/core/src/Http/Server.php(45): Laminas\HttpHandlerRunner\RequestHandlerRunner->run()
#62 /var/www/flarum/public/index.php(26): Flarum\Http\Server->listen()
#63 {main}  
