[2026-02-08 15:47:41] composer.INFO: require 'flarum/akismet:*' -W
/var/www/flarum/composer.json has been updated
Running composer update flarum/akismet --with-all-dependencies
Loading composer repositories with package information
Updating dependencies
Lock file operations: 1 install, 0 updates, 0 removals
  - Locking flarum/akismet (v1.8.1)
Writing lock file
Installing dependencies from lock file (including require-dev)
Package operations: 151 installs, 0 updates, 0 removals
  - Downloading axy/backtrace (2.0.0)
  - Downloading components/font-awesome (5.15.4)
  - Downloading composer/ca-bundle (1.5.10)
  - Downloading symfony/polyfill-php80 (v1.33.0)
  - Downloading symfony/deprecation-contracts (v3.6.0)
  - Downloading symfony/finder (v5.4.45)
  - Downloading composer/pcre (3.3.2)
  - Downloading composer/class-map-generator (1.7.1)
  - Downloading composer/metadata-minifier (1.0.0)
  - Downloading composer/semver (3.4.4)
  - Downloading composer/spdx-licenses (1.5.9)
  - Downloading psr/log (1.1.4)
  - Downloading composer/xdebug-handler (3.0.5)
  - Downloading psr/http-message (1.1)
  - Downloading dflydev/fig-cookies (v3.2.0)
  - Downloading doctrine/deprecations (1.1.6)
  - Downloading doctrine/event-manager (1.2.0)
  - Downloading doctrine/cache (2.2.0)
  - Downloading doctrine/dbal (2.13.9)
  - Downloading doctrine/inflector (2.1.0)
  - Downloading doctrine/lexer (1.2.3)
  - Downloading dragonmantank/cron-expression (v3.6.0)
  - Downloading wikimedia/less.php (v3.2.1)
  - Downloading symfony/polyfill-ctype (v1.33.0)
  - Downloading symfony/yaml (v5.4.45)
  - Downloading symfony/translation-contracts (v2.5.4)
  - Downloading symfony/polyfill-iconv (v1.33.0)
  - Downloading symfony/polyfill-mbstring (v1.33.0)
  - Downloading symfony/translation (v5.4.45)
  - Downloading symfony/polyfill-intl-messageformatter (v1.33.0)
  - Downloading symfony/polyfill-intl-normalizer (v1.33.0)
  - Downloading symfony/polyfill-intl-idn (v1.33.0)
  - Downloading symfony/mime (v5.4.45)
  - Downloading psr/event-dispatcher (1.0.0)
  - Downloading symfony/event-dispatcher-contracts (v3.6.0)
  - Downloading symfony/event-dispatcher (v5.4.45)
  - Downloading symfony/polyfill-intl-grapheme (v1.33.0)
  - Downloading symfony/string (v6.4.30)
  - Downloading psr/container (1.1.2)
  - Downloading symfony/service-contracts (v3.6.1)
  - Downloading symfony/polyfill-php73 (v1.33.0)
  - Downloading symfony/console (v5.4.47)
  - Downloading symfony/polyfill-php81 (v1.33.0)
  - Downloading symfony/filesystem (v6.4.30)
  - Downloading symfony/config (v5.4.46)
  - Downloading sycho/errors (3.0.0)
  - Downloading sycho/codecs-base64vlq (2.0.0)
  - Downloading sycho/sourcemap (2.0.0)
  - Downloading sycho/json-api (v0.5.2)
  - Downloading voku/portable-ascii (1.6.1)
  - Downloading psr/clock (1.0.0)
  - Downloading carbonphp/carbon-doctrine-types (1.0.0)
  - Downloading nesbot/carbon (2.73.0)
  - Downloading illuminate/macroable (v8.83.27)
  - Downloading psr/simple-cache (1.0.1)
  - Downloading illuminate/contracts (v8.83.27)
  - Downloading illuminate/collections (v8.83.27)
  - Downloading illuminate/support (v8.83.27)
  - Downloading illuminate/container (v8.83.27)
  - Downloading illuminate/database (v8.83.27)
  - Downloading staudenmeir/eloquent-eager-limit (v1.6.1)
  - Downloading s9e/sweetdom (2.1.2)
  - Downloading s9e/regexp-builder (1.4.6)
  - Downloading s9e/text-formatter (2.14.3)
  - Downloading psr/http-server-handler (1.0.2)
  - Downloading psr/http-server-middleware (1.0.2)
  - Downloading nikic/fast-route (v0.6.0)
  - Downloading monolog/monolog (1.27.1)
  - Downloading psr/http-factory (1.1.0)
  - Downloading middlewares/utils (v3.3.0)
  - Downloading middlewares/request-handler (v2.1.0)
  - Downloading middlewares/base-path-router (v2.1.0)
  - Downloading middlewares/base-path (v2.2.0)
  - Downloading matthiasmullie/path-converter (1.1.3)
  - Downloading matthiasmullie/minify (1.3.75)
  - Downloading league/mime-type-detection (1.16.0)
  - Downloading league/flysystem (1.1.10)
  - Downloading laminas/laminas-escaper (2.18.0)
  - Downloading fig/http-message-util (1.1.5)
  - Downloading laminas/laminas-stratigility (4.3.0)
  - Downloading ralouphie/getallheaders (3.0.3)
  - Downloading guzzlehttp/psr7 (2.8.0)
  - Downloading laminas/laminas-diactoros (3.8.0)
  - Downloading laminas/laminas-httphandlerrunner (2.13.0)
  - Downloading mobiledetect/mobiledetectlib (2.8.45)
  - Downloading jaybizzle/crawler-detect (v1.3.7)
  - Downloading jenssegers/agent (v2.6.4)
  - Downloading intervention/image (2.7.2)
  - Downloading illuminate/filesystem (v8.83.27)
  - Downloading illuminate/pipeline (v8.83.27)
  - Downloading illuminate/bus (v8.83.27)
  - Downloading illuminate/events (v8.83.27)
  - Downloading illuminate/view (v8.83.27)
  - Downloading symfony/http-foundation (v5.4.50)
  - Downloading illuminate/translation (v8.83.27)
  - Downloading egulias/email-validator (2.1.25)
  - Downloading illuminate/validation (v8.83.27)
  - Downloading illuminate/session (v8.83.27)
  - Downloading symfony/process (v5.4.51)
  - Downloading ramsey/collection (2.1.1)
  - Downloading brick/math (0.14.7)
  - Downloading ramsey/uuid (4.9.2)
  - Downloading opis/closure (3.7.0)
  - Downloading laravel/serializable-closure (v1.3.7)
  - Downloading illuminate/console (v8.83.27)
  - Downloading illuminate/queue (v8.83.27)
  - Downloading symfony/css-selector (v7.4.0)
  - Downloading tijsverkoyen/css-to-inline-styles (v2.4.0)
  - Downloading swiftmailer/swiftmailer (v6.3.0)
  - Downloading nette/utils (v4.1.2)
  - Downloading nette/schema (v1.3.4)
  - Downloading dflydev/dot-access-data (v3.0.3)
  - Downloading league/config (v1.2.0)
  - Downloading league/commonmark (2.8.0)
  - Downloading illuminate/mail (v8.83.27)
  - Downloading illuminate/hashing (v8.83.27)
  - Downloading illuminate/config (v8.83.27)
  - Downloading illuminate/cache (v8.83.27)
  - Downloading psr/http-client (1.0.3)
  - Downloading guzzlehttp/promises (2.3.0)
  - Downloading guzzlehttp/guzzle (7.10.0)
  - Downloading filp/whoops (2.18.4)
  - Downloading franzl/whoops-middleware (2.0.0)
  - Downloading flarum/core (v1.8.12)
  - Downloading flarum/flags (v1.8.2)
  - Downloading flarum/approval (v1.8.2)
  - Downloading flarum/akismet (v1.8.1)
  - Downloading flarum/bbcode (v1.8.0)
  - Downloading flarum/emoji (v1.8.1)
  - Downloading symfony/polyfill-php84 (v1.33.0)
  - Downloading seld/signal-handler (2.0.2)
  - Downloading seld/phar-utils (1.2.1)
  - Downloading seld/jsonlint (1.11.0)
  - Downloading react/promise (v3.3.0)
  - Downloading marc-mabe/php-enum (v4.7.2)
  - Downloading justinrainbow/json-schema (6.6.4)
  - Downloading composer/composer (2.9.5)
  - Downloading flarum/extension-manager (v1.0.7)
  - Downloading flarum/lang-english (v1.8.0)
  - Downloading flarum/likes (v1.8.1)
  - Downloading flarum/lock (v1.8.2)
  - Downloading flarum/markdown (v1.8.1)
  - Downloading flarum/mentions (v1.8.5)
  - Downloading flarum/nicknames (v1.8.2)
  - Downloading pusher/pusher-php-server (2.6.4)
  - Downloading flarum/pusher (v1.8.1)
  - Downloading flarum/statistics (v1.8.1)
  - Downloading flarum/sticky (v1.8.2)
  - Downloading flarum/subscriptions (v1.8.1)
  - Downloading flarum/suspend (v1.8.5)
  - Downloading flarum/tags (v1.8.6)
   0/151 [>---------------------------]   0%
  23/151 [====>-----------------------]  15%
  38/151 [=======>--------------------]  25%
  47/151 [========>-------------------]  31%
  66/151 [============>---------------]  43%
  81/151 [===============>------------]  53%
  92/151 [=================>----------]  60%
 112/151 [====================>-------]  74%
 125/151 [=======================>----]  82%
 136/151 [=========================>--]  90%
 151/151 [============================] 100%
  - Installing axy/backtrace (2.0.0): Extracting archive
  - Installing components/font-awesome (5.15.4): Extracting archive
  - Installing composer/ca-bundle (1.5.10): Extracting archive
  - Installing symfony/polyfill-php80 (v1.33.0): Extracting archive
  - Installing symfony/deprecation-contracts (v3.6.0): Extracting archive
  - Installing symfony/finder (v5.4.45): Extracting archive
  - Installing composer/pcre (3.3.2): Extracting archive
  - Installing composer/class-map-generator (1.7.1): Extracting archive
  - Installing composer/metadata-minifier (1.0.0): Extracting archive
  - Installing composer/semver (3.4.4): Extracting archive
  - Installing composer/spdx-licenses (1.5.9): Extracting archive
  - Installing psr/log (1.1.4): Extracting archive
  - Installing composer/xdebug-handler (3.0.5): Extracting archive
  - Installing psr/http-message (1.1): Extracting archive
  - Installing dflydev/fig-cookies (v3.2.0): Extracting archive
  - Installing doctrine/deprecations (1.1.6): Extracting archive
  - Installing doctrine/event-manager (1.2.0): Extracting archive
  - Installing doctrine/cache (2.2.0): Extracting archive
  - Installing doctrine/dbal (2.13.9): Extracting archive
  - Installing doctrine/inflector (2.1.0): Extracting archive
  - Installing doctrine/lexer (1.2.3): Extracting archive
  - Installing dragonmantank/cron-expression (v3.6.0): Extracting archive
  - Installing wikimedia/less.php (v3.2.1): Extracting archive
  - Installing symfony/polyfill-ctype (v1.33.0): Extracting archive
  - Installing symfony/yaml (v5.4.45): Extracting archive
  - Installing symfony/translation-contracts (v2.5.4): Extracting archive
  - Installing symfony/polyfill-iconv (v1.33.0): Extracting archive
  - Installing symfony/polyfill-mbstring (v1.33.0): Extracting archive
  - Installing symfony/translation (v5.4.45): Extracting archive
  - Installing symfony/polyfill-intl-messageformatter (v1.33.0): Extracting archive
  - Installing symfony/polyfill-intl-normalizer (v1.33.0): Extracting archive
  - Installing symfony/polyfill-intl-idn (v1.33.0): Extracting archive
  - Installing symfony/mime (v5.4.45): Extracting archive
  - Installing psr/event-dispatcher (1.0.0): Extracting archive
  - Installing symfony/event-dispatcher-contracts (v3.6.0): Extracting archive
  - Installing symfony/event-dispatcher (v5.4.45): Extracting archive
  - Installing symfony/polyfill-intl-grapheme (v1.33.0): Extracting archive
  - Installing symfony/string (v6.4.30): Extracting archive
  - Installing psr/container (1.1.2): Extracting archive
  - Installing symfony/service-contracts (v3.6.1): Extracting archive
  - Installing symfony/polyfill-php73 (v1.33.0): Extracting archive
  - Installing symfony/console (v5.4.47): Extracting archive
  - Installing symfony/polyfill-php81 (v1.33.0): Extracting archive
  - Installing symfony/filesystem (v6.4.30): Extracting archive
  - Installing symfony/config (v5.4.46): Extracting archive
  - Installing sycho/errors (3.0.0): Extracting archive
  - Installing sycho/codecs-base64vlq (2.0.0): Extracting archive
  - Installing sycho/sourcemap (2.0.0): Extracting archive
  - Installing sycho/json-api (v0.5.2): Extracting archive
  - Installing voku/portable-ascii (1.6.1): Extracting archive
  - Installing psr/clock (1.0.0): Extracting archive
  - Installing carbonphp/carbon-doctrine-types (1.0.0): Extracting archive
  - Installing nesbot/carbon (2.73.0): Extracting archive
  - Installing illuminate/macroable (v8.83.27): Extracting archive
  - Installing psr/simple-cache (1.0.1): Extracting archive
  - Installing illuminate/contracts (v8.83.27): Extracting archive
  - Installing illuminate/collections (v8.83.27): Extracting archive
  - Installing illuminate/support (v8.83.27): Extracting archive
  - Installing illuminate/container (v8.83.27): Extracting archive
  - Installing illuminate/database (v8.83.27): Extracting archive
  - Installing staudenmeir/eloquent-eager-limit (v1.6.1): Extracting archive
  - Installing s9e/sweetdom (2.1.2): Extracting archive
  - Installing s9e/regexp-builder (1.4.6): Extracting archive
  - Installing s9e/text-formatter (2.14.3): Extracting archive
  - Installing psr/http-server-handler (1.0.2): Extracting archive
  - Installing psr/http-server-middleware (1.0.2): Extracting archive
  - Installing nikic/fast-route (v0.6.0): Extracting archive
  - Installing monolog/monolog (1.27.1): Extracting archive
  - Installing psr/http-factory (1.1.0): Extracting archive
  - Installing middlewares/utils (v3.3.0): Extracting archive
  - Installing middlewares/request-handler (v2.1.0): Extracting archive
  - Installing middlewares/base-path-router (v2.1.0): Extracting archive
  - Installing middlewares/base-path (v2.2.0): Extracting archive
  - Installing matthiasmullie/path-converter (1.1.3): Extracting archive
  - Installing matthiasmullie/minify (1.3.75): Extracting archive
  - Installing league/mime-type-detection (1.16.0): Extracting archive
  - Installing league/flysystem (1.1.10): Extracting archive
  - Installing laminas/laminas-escaper (2.18.0): Extracting archive
  - Installing fig/http-message-util (1.1.5): Extracting archive
  - Installing laminas/laminas-stratigility (4.3.0): Extracting archive
  - Installing ralouphie/getallheaders (3.0.3): Extracting archive
  - Installing guzzlehttp/psr7 (2.8.0): Extracting archive
  - Installing laminas/laminas-diactoros (3.8.0): Extracting archive
  - Installing laminas/laminas-httphandlerrunner (2.13.0): Extracting archive
  - Installing mobiledetect/mobiledetectlib (2.8.45): Extracting archive
  - Installing jaybizzle/crawler-detect (v1.3.7): Extracting archive
  - Installing jenssegers/agent (v2.6.4): Extracting archive
  - Installing intervention/image (2.7.2): Extracting archive
  - Installing illuminate/filesystem (v8.83.27): Extracting archive
  - Installing illuminate/pipeline (v8.83.27): Extracting archive
  - Installing illuminate/bus (v8.83.27): Extracting archive
  - Installing illuminate/events (v8.83.27): Extracting archive
  - Installing illuminate/view (v8.83.27): Extracting archive
  - Installing symfony/http-foundation (v5.4.50): Extracting archive
  - Installing illuminate/translation (v8.83.27): Extracting archive
  - Installing egulias/email-validator (2.1.25): Extracting archive
  - Installing illuminate/validation (v8.83.27): Extracting archive
  - Installing illuminate/session (v8.83.27): Extracting archive
  - Installing symfony/process (v5.4.51): Extracting archive
  - Installing ramsey/collection (2.1.1): Extracting archive
  - Installing brick/math (0.14.7): Extracting archive
  - Installing ramsey/uuid (4.9.2): Extracting archive
  - Installing opis/closure (3.7.0): Extracting archive
  - Installing laravel/serializable-closure (v1.3.7): Extracting archive
  - Installing illuminate/console (v8.83.27): Extracting archive
  - Installing illuminate/queue (v8.83.27): Extracting archive
  - Installing symfony/css-selector (v7.4.0): Extracting archive
  - Installing tijsverkoyen/css-to-inline-styles (v2.4.0): Extracting archive
  - Installing swiftmailer/swiftmailer (v6.3.0): Extracting archive
  - Installing nette/utils (v4.1.2): Extracting archive
  - Installing nette/schema (v1.3.4): Extracting archive
  - Installing dflydev/dot-access-data (v3.0.3): Extracting archive
  - Installing league/config (v1.2.0): Extracting archive
  - Installing league/commonmark (2.8.0): Extracting archive
  - Installing illuminate/mail (v8.83.27): Extracting archive
  - Installing illuminate/hashing (v8.83.27): Extracting archive
  - Installing illuminate/config (v8.83.27): Extracting archive
  - Installing illuminate/cache (v8.83.27): Extracting archive
  - Installing psr/http-client (1.0.3): Extracting archive
  - Installing guzzlehttp/promises (2.3.0): Extracting archive
  - Installing guzzlehttp/guzzle (7.10.0): Extracting archive
  - Installing filp/whoops (2.18.4): Extracting archive
  - Installing franzl/whoops-middleware (2.0.0): Extracting archive
  - Installing flarum/core (v1.8.12): Extracting archive
  - Installing flarum/flags (v1.8.2): Extracting archive
  - Installing flarum/approval (v1.8.2): Extracting archive
  - Installing flarum/akismet (v1.8.1): Extracting archive
  - Installing flarum/bbcode (v1.8.0): Extracting archive
  - Installing flarum/emoji (v1.8.1): Extracting archive
  - Installing symfony/polyfill-php84 (v1.33.0): Extracting archive
  - Installing seld/signal-handler (2.0.2): Extracting archive
  - Installing seld/phar-utils (1.2.1): Extracting archive
  - Installing seld/jsonlint (1.11.0): Extracting archive
  - Installing react/promise (v3.3.0): Extracting archive
  - Installing marc-mabe/php-enum (v4.7.2): Extracting archive
  - Installing justinrainbow/json-schema (6.6.4): Extracting archive
  - Installing composer/composer (2.9.5): Extracting archive
  - Installing flarum/extension-manager (v1.0.7): Extracting archive
  - Installing flarum/lang-english (v1.8.0): Extracting archive
  - Installing flarum/likes (v1.8.1): Extracting archive
  - Installing flarum/lock (v1.8.2): Extracting archive
  - Installing flarum/markdown (v1.8.1): Extracting archive
  - Installing flarum/mentions (v1.8.5): Extracting archive
  - Installing flarum/nicknames (v1.8.2): Extracting archive
  - Installing pusher/pusher-php-server (2.6.4): Extracting archive
  - Installing flarum/pusher (v1.8.1): Extracting archive
  - Installing flarum/statistics (v1.8.1): Extracting archive
  - Installing flarum/sticky (v1.8.2): Extracting archive
  - Installing flarum/subscriptions (v1.8.1): Extracting archive
  - Installing flarum/suspend (v1.8.5): Extracting archive
  - Installing flarum/tags (v1.8.6): Extracting archive
   0/151 [>---------------------------]   0%
  27/151 [=====>----------------------]  17%
  49/151 [=========>------------------]  32%
  64/151 [===========>----------------]  42%
  86/151 [===============>------------]  56%
  96/151 [=================>----------]  63%
 108/151 [====================>-------]  71%
 122/151 [======================>-----]  80%
 145/151 [==========================>-]  96%
 151/151 [============================] 100%
<warning>Package doctrine/cache is abandoned, you should avoid using it. No replacement was suggested.</warning>
<warning>Package swiftmailer/swiftmailer is abandoned, you should avoid using it. Use symfony/mailer instead.</warning>
Generating autoload files
86 packages you are using are looking for funding.
Use the `composer fund` command to find out more!
No security vulnerability advisories found.
  
[2026-02-08 16:37:21] composer.INFO: require 'nearata/flarum-ext-minecraft-avatars:*' -W
/var/www/flarum/composer.json has been updated
Running composer update nearata/flarum-ext-minecraft-avatars --with-all-dependencies
Loading composer repositories with package information
Updating dependencies
Lock file operations: 5 installs, 0 updates, 0 removals
  - Locking illuminate/http (v8.83.27)
  - Locking nearata/flarum-ext-minecraft-avatars (v2.1.1)
  - Locking symfony/error-handler (v6.3.12)
  - Locking symfony/http-kernel (v5.4.51)
  - Locking symfony/var-dumper (v6.4.32)
Writing lock file
Installing dependencies from lock file (including require-dev)
Package operations: 156 installs, 0 updates, 0 removals
  - Downloading symfony/var-dumper (v6.4.32)
  - Downloading symfony/error-handler (v6.3.12)
  - Downloading symfony/http-kernel (v5.4.51)
  - Downloading illuminate/http (v8.83.27)
  - Downloading nearata/flarum-ext-minecraft-avatars (v2.1.1)
 0/5 [>---------------------------]   0%
 5/5 [============================] 100%
  - Installing axy/backtrace (2.0.0): Extracting archive
  - Installing components/font-awesome (5.15.4): Extracting archive
  - Installing composer/ca-bundle (1.5.10): Extracting archive
  - Installing symfony/polyfill-php80 (v1.33.0): Extracting archive
  - Installing symfony/deprecation-contracts (v3.6.0): Extracting archive
  - Installing symfony/finder (v5.4.45): Extracting archive
  - Installing composer/pcre (3.3.2): Extracting archive
  - Installing composer/class-map-generator (1.7.1): Extracting archive
  - Installing composer/metadata-minifier (1.0.0): Extracting archive
  - Installing composer/semver (3.4.4): Extracting archive
  - Installing composer/spdx-licenses (1.5.9): Extracting archive
  - Installing psr/log (1.1.4): Extracting archive
  - Installing composer/xdebug-handler (3.0.5): Extracting archive
  - Installing psr/http-message (1.1): Extracting archive
  - Installing dflydev/fig-cookies (v3.2.0): Extracting archive
  - Installing doctrine/deprecations (1.1.6): Extracting archive
  - Installing doctrine/event-manager (1.2.0): Extracting archive
  - Installing doctrine/cache (2.2.0): Extracting archive
  - Installing doctrine/dbal (2.13.9): Extracting archive
  - Installing doctrine/inflector (2.1.0): Extracting archive
  - Installing doctrine/lexer (1.2.3): Extracting archive
  - Installing dragonmantank/cron-expression (v3.6.0): Extracting archive
  - Installing wikimedia/less.php (v3.2.1): Extracting archive
  - Installing symfony/polyfill-ctype (v1.33.0): Extracting archive
  - Installing symfony/yaml (v5.4.45): Extracting archive
  - Installing symfony/translation-contracts (v2.5.4): Extracting archive
  - Installing symfony/polyfill-iconv (v1.33.0): Extracting archive
  - Installing symfony/polyfill-mbstring (v1.33.0): Extracting archive
  - Installing symfony/translation (v5.4.45): Extracting archive
  - Installing symfony/polyfill-intl-messageformatter (v1.33.0): Extracting archive
  - Installing symfony/polyfill-intl-normalizer (v1.33.0): Extracting archive
  - Installing symfony/polyfill-intl-idn (v1.33.0): Extracting archive
  - Installing symfony/mime (v5.4.45): Extracting archive
  - Installing psr/event-dispatcher (1.0.0): Extracting archive
  - Installing symfony/event-dispatcher-contracts (v3.6.0): Extracting archive
  - Installing symfony/event-dispatcher (v5.4.45): Extracting archive
  - Installing symfony/polyfill-intl-grapheme (v1.33.0): Extracting archive
  - Installing symfony/string (v6.4.30): Extracting archive
  - Installing psr/container (1.1.2): Extracting archive
  - Installing symfony/service-contracts (v3.6.1): Extracting archive
  - Installing symfony/polyfill-php73 (v1.33.0): Extracting archive
  - Installing symfony/console (v5.4.47): Extracting archive
  - Installing symfony/polyfill-php81 (v1.33.0): Extracting archive
  - Installing symfony/filesystem (v6.4.30): Extracting archive
  - Installing symfony/config (v5.4.46): Extracting archive
  - Installing sycho/errors (3.0.0): Extracting archive
  - Installing sycho/codecs-base64vlq (2.0.0): Extracting archive
  - Installing sycho/sourcemap (2.0.0): Extracting archive
  - Installing sycho/json-api (v0.5.2): Extracting archive
  - Installing voku/portable-ascii (1.6.1): Extracting archive
  - Installing psr/clock (1.0.0): Extracting archive
  - Installing carbonphp/carbon-doctrine-types (1.0.0): Extracting archive
  - Installing nesbot/carbon (2.73.0): Extracting archive
  - Installing illuminate/macroable (v8.83.27): Extracting archive
  - Installing psr/simple-cache (1.0.1): Extracting archive
  - Installing illuminate/contracts (v8.83.27): Extracting archive
  - Installing illuminate/collections (v8.83.27): Extracting archive
  - Installing illuminate/support (v8.83.27): Extracting archive
  - Installing illuminate/container (v8.83.27): Extracting archive
  - Installing illuminate/database (v8.83.27): Extracting archive
  - Installing staudenmeir/eloquent-eager-limit (v1.6.1): Extracting archive
  - Installing s9e/sweetdom (2.1.2): Extracting archive
  - Installing s9e/regexp-builder (1.4.6): Extracting archive
  - Installing s9e/text-formatter (2.14.3): Extracting archive
  - Installing psr/http-server-handler (1.0.2): Extracting archive
  - Installing psr/http-server-middleware (1.0.2): Extracting archive
  - Installing nikic/fast-route (v0.6.0): Extracting archive
  - Installing monolog/monolog (1.27.1): Extracting archive
  - Installing psr/http-factory (1.1.0): Extracting archive
  - Installing middlewares/utils (v3.3.0): Extracting archive
  - Installing middlewares/request-handler (v2.1.0): Extracting archive
  - Installing middlewares/base-path-router (v2.1.0): Extracting archive
  - Installing middlewares/base-path (v2.2.0): Extracting archive
  - Installing matthiasmullie/path-converter (1.1.3): Extracting archive
  - Installing matthiasmullie/minify (1.3.75): Extracting archive
  - Installing league/mime-type-detection (1.16.0): Extracting archive
  - Installing league/flysystem (1.1.10): Extracting archive
  - Installing laminas/laminas-escaper (2.18.0): Extracting archive
  - Installing fig/http-message-util (1.1.5): Extracting archive
  - Installing laminas/laminas-stratigility (4.3.0): Extracting archive
  - Installing ralouphie/getallheaders (3.0.3): Extracting archive
  - Installing guzzlehttp/psr7 (2.8.0): Extracting archive
  - Installing laminas/laminas-diactoros (3.8.0): Extracting archive
  - Installing laminas/laminas-httphandlerrunner (2.13.0): Extracting archive
  - Installing mobiledetect/mobiledetectlib (2.8.45): Extracting archive
  - Installing jaybizzle/crawler-detect (v1.3.7): Extracting archive
  - Installing jenssegers/agent (v2.6.4): Extracting archive
  - Installing intervention/image (2.7.2): Extracting archive
  - Installing illuminate/filesystem (v8.83.27): Extracting archive
  - Installing illuminate/pipeline (v8.83.27): Extracting archive
  - Installing illuminate/bus (v8.83.27): Extracting archive
  - Installing illuminate/events (v8.83.27): Extracting archive
  - Installing illuminate/view (v8.83.27): Extracting archive
  - Installing symfony/http-foundation (v5.4.50): Extracting archive
  - Installing illuminate/translation (v8.83.27): Extracting archive
  - Installing egulias/email-validator (2.1.25): Extracting archive
  - Installing illuminate/validation (v8.83.27): Extracting archive
  - Installing illuminate/session (v8.83.27): Extracting archive
  - Installing symfony/process (v5.4.51): Extracting archive
  - Installing ramsey/collection (2.1.1): Extracting archive
  - Installing brick/math (0.14.7): Extracting archive
  - Installing ramsey/uuid (4.9.2): Extracting archive
  - Installing opis/closure (3.7.0): Extracting archive
  - Installing laravel/serializable-closure (v1.3.7): Extracting archive
  - Installing illuminate/console (v8.83.27): Extracting archive
  - Installing illuminate/queue (v8.83.27): Extracting archive
  - Installing symfony/css-selector (v7.4.0): Extracting archive
  - Installing tijsverkoyen/css-to-inline-styles (v2.4.0): Extracting archive
  - Installing swiftmailer/swiftmailer (v6.3.0): Extracting archive
  - Installing nette/utils (v4.1.2): Extracting archive
  - Installing nette/schema (v1.3.4): Extracting archive
  - Installing dflydev/dot-access-data (v3.0.3): Extracting archive
  - Installing league/config (v1.2.0): Extracting archive
  - Installing league/commonmark (2.8.0): Extracting archive
  - Installing illuminate/mail (v8.83.27): Extracting archive
  - Installing illuminate/hashing (v8.83.27): Extracting archive
  - Installing illuminate/config (v8.83.27): Extracting archive
  - Installing illuminate/cache (v8.83.27): Extracting archive
  - Installing psr/http-client (1.0.3): Extracting archive
  - Installing guzzlehttp/promises (2.3.0): Extracting archive
  - Installing guzzlehttp/guzzle (7.10.0): Extracting archive
  - Installing filp/whoops (2.18.4): Extracting archive
  - Installing franzl/whoops-middleware (2.0.0): Extracting archive
  - Installing flarum/core (v1.8.12): Extracting archive
  - Installing flarum/flags (v1.8.2): Extracting archive
  - Installing flarum/approval (v1.8.2): Extracting archive
  - Installing flarum/akismet (v1.8.1): Extracting archive
  - Installing flarum/bbcode (v1.8.0): Extracting archive
  - Installing flarum/emoji (v1.8.1): Extracting archive
  - Installing symfony/polyfill-php84 (v1.33.0): Extracting archive
  - Installing seld/signal-handler (2.0.2): Extracting archive
  - Installing seld/phar-utils (1.2.1): Extracting archive
  - Installing seld/jsonlint (1.11.0): Extracting archive
  - Installing react/promise (v3.3.0): Extracting archive
  - Installing marc-mabe/php-enum (v4.7.2): Extracting archive
  - Installing justinrainbow/json-schema (6.6.4): Extracting archive
  - Installing composer/composer (2.9.5): Extracting archive
  - Installing flarum/extension-manager (v1.0.7): Extracting archive
  - Installing flarum/lang-english (v1.8.0): Extracting archive
  - Installing flarum/likes (v1.8.1): Extracting archive
  - Installing flarum/lock (v1.8.2): Extracting archive
  - Installing flarum/markdown (v1.8.1): Extracting archive
  - Installing flarum/mentions (v1.8.5): Extracting archive
  - Installing flarum/nicknames (v1.8.2): Extracting archive
  - Installing pusher/pusher-php-server (2.6.4): Extracting archive
  - Installing flarum/pusher (v1.8.1): Extracting archive
  - Installing flarum/statistics (v1.8.1): Extracting archive
  - Installing flarum/sticky (v1.8.2): Extracting archive
  - Installing flarum/subscriptions (v1.8.1): Extracting archive
  - Installing flarum/suspend (v1.8.5): Extracting archive
  - Installing flarum/tags (v1.8.6): Extracting archive
  - Installing symfony/var-dumper (v6.4.32): Extracting archive
  - Installing symfony/error-handler (v6.3.12): Extracting archive
  - Installing symfony/http-kernel (v5.4.51): Extracting archive
  - Installing illuminate/http (v8.83.27): Extracting archive
  - Installing nearata/flarum-ext-minecraft-avatars (v2.1.1): Extracting archive
   0/156 [>---------------------------]   0%
  28/156 [=====>----------------------]  17%
  47/156 [========>-------------------]  30%
  75/156 [=============>--------------]  48%
  89/156 [===============>------------]  57%
  99/156 [=================>----------]  63%
 119/156 [=====================>------]  76%
 132/156 [=======================>----]  84%
 148/156 [==========================>-]  94%
 156/156 [============================] 100%
2 package suggestions were added by new dependencies, use `composer suggest` to see details.
<warning>Package doctrine/cache is abandoned, you should avoid using it. No replacement was suggested.</warning>
<warning>Package swiftmailer/swiftmailer is abandoned, you should avoid using it. Use symfony/mailer instead.</warning>
Generating autoload files
89 packages you are using are looking for funding.
Use the `composer fund` command to find out more!
No security vulnerability advisories found.
  
[2026-02-08 17:25:13] composer.ERROR: require 'tagbanner/hero:*' -W
/var/www/flarum/composer.json has been updated
Running composer update tagbanner/hero --with-all-dependencies
Loading composer repositories with package information
Updating dependencies
Your requirements could not be resolved to an installable set of packages.

  Problem 1
    - Root composer.json requires tagbanner/hero, it could not be found in any version, there may be a typo in the package name.

Potential causes:
 - A typo in the package name
 - The package is not available in a stable-enough version according to your minimum-stability setting
   see <https://getcomposer.org/doc/04-schema.md#minimum-stability> for more details.
 - It's a private package and you forgot to add a custom repository to find it

Read <https://getcomposer.org/doc/articles/troubleshooting.md> for further common problems.

Installation failed, reverting /var/www/flarum/composer.json and /var/www/flarum/composer.lock to their original content.
  
[2026-02-08 17:26:56] composer.INFO: require 'fof/upload:*' -W
/var/www/flarum/composer.json has been updated
Running composer update fof/upload --with-all-dependencies
Loading composer repositories with package information
Updating dependencies
Lock file operations: 3 installs, 0 updates, 0 removals
  - Locking enshrined/svg-sanitize (0.22.0)
  - Locking fof/upload (1.8.8)
  - Locking softcreatr/php-mime-detector (4.0.0)
Writing lock file
Installing dependencies from lock file (including require-dev)
Package operations: 159 installs, 0 updates, 0 removals
  - Downloading softcreatr/php-mime-detector (4.0.0)
  - Downloading enshrined/svg-sanitize (0.22.0)
  - Downloading fof/upload (1.8.8)
 0/3 [>---------------------------]   0%
 1/3 [=========>------------------]  33%
 2/3 [==================>---------]  66%
 3/3 [============================] 100%
  - Installing axy/backtrace (2.0.0): Extracting archive
  - Installing components/font-awesome (5.15.4): Extracting archive
  - Installing composer/ca-bundle (1.5.10): Extracting archive
  - Installing symfony/polyfill-php80 (v1.33.0): Extracting archive
  - Installing symfony/deprecation-contracts (v3.6.0): Extracting archive
  - Installing symfony/finder (v5.4.45): Extracting archive
  - Installing composer/pcre (3.3.2): Extracting archive
  - Installing composer/class-map-generator (1.7.1): Extracting archive
  - Installing composer/metadata-minifier (1.0.0): Extracting archive
  - Installing composer/semver (3.4.4): Extracting archive
  - Installing composer/spdx-licenses (1.5.9): Extracting archive
  - Installing psr/log (1.1.4): Extracting archive
  - Installing composer/xdebug-handler (3.0.5): Extracting archive
  - Installing psr/http-message (1.1): Extracting archive
  - Installing dflydev/fig-cookies (v3.2.0): Extracting archive
  - Installing doctrine/deprecations (1.1.6): Extracting archive
  - Installing doctrine/event-manager (1.2.0): Extracting archive
  - Installing doctrine/cache (2.2.0): Extracting archive
  - Installing doctrine/dbal (2.13.9): Extracting archive
  - Installing doctrine/inflector (2.1.0): Extracting archive
  - Installing doctrine/lexer (1.2.3): Extracting archive
  - Installing dragonmantank/cron-expression (v3.6.0): Extracting archive
  - Installing wikimedia/less.php (v3.2.1): Extracting archive
  - Installing symfony/polyfill-ctype (v1.33.0): Extracting archive
  - Installing symfony/yaml (v5.4.45): Extracting archive
  - Installing symfony/translation-contracts (v2.5.4): Extracting archive
  - Installing symfony/polyfill-iconv (v1.33.0): Extracting archive
  - Installing symfony/polyfill-mbstring (v1.33.0): Extracting archive
  - Installing symfony/translation (v5.4.45): Extracting archive
  - Installing symfony/polyfill-intl-messageformatter (v1.33.0): Extracting archive
  - Installing symfony/polyfill-intl-normalizer (v1.33.0): Extracting archive
  - Installing symfony/polyfill-intl-idn (v1.33.0): Extracting archive
  - Installing symfony/mime (v5.4.45): Extracting archive
  - Installing psr/event-dispatcher (1.0.0): Extracting archive
  - Installing symfony/event-dispatcher-contracts (v3.6.0): Extracting archive
  - Installing symfony/event-dispatcher (v5.4.45): Extracting archive
  - Installing symfony/polyfill-intl-grapheme (v1.33.0): Extracting archive
  - Installing symfony/string (v6.4.30): Extracting archive
  - Installing psr/container (1.1.2): Extracting archive
  - Installing symfony/service-contracts (v3.6.1): Extracting archive
  - Installing symfony/polyfill-php73 (v1.33.0): Extracting archive
  - Installing symfony/console (v5.4.47): Extracting archive
  - Installing symfony/polyfill-php81 (v1.33.0): Extracting archive
  - Installing symfony/filesystem (v6.4.30): Extracting archive
  - Installing symfony/config (v5.4.46): Extracting archive
  - Installing sycho/errors (3.0.0): Extracting archive
  - Installing sycho/codecs-base64vlq (2.0.0): Extracting archive
  - Installing sycho/sourcemap (2.0.0): Extracting archive
  - Installing sycho/json-api (v0.5.2): Extracting archive
  - Installing voku/portable-ascii (1.6.1): Extracting archive
  - Installing psr/clock (1.0.0): Extracting archive
  - Installing carbonphp/carbon-doctrine-types (1.0.0): Extracting archive
  - Installing nesbot/carbon (2.73.0): Extracting archive
  - Installing illuminate/macroable (v8.83.27): Extracting archive
  - Installing psr/simple-cache (1.0.1): Extracting archive
  - Installing illuminate/contracts (v8.83.27): Extracting archive
  - Installing illuminate/collections (v8.83.27): Extracting archive
  - Installing illuminate/support (v8.83.27): Extracting archive
  - Installing illuminate/container (v8.83.27): Extracting archive
  - Installing illuminate/database (v8.83.27): Extracting archive
  - Installing staudenmeir/eloquent-eager-limit (v1.6.1): Extracting archive
  - Installing s9e/sweetdom (2.1.2): Extracting archive
  - Installing s9e/regexp-builder (1.4.6): Extracting archive
  - Installing s9e/text-formatter (2.14.3): Extracting archive
  - Installing psr/http-server-handler (1.0.2): Extracting archive
  - Installing psr/http-server-middleware (1.0.2): Extracting archive
  - Installing nikic/fast-route (v0.6.0): Extracting archive
  - Installing monolog/monolog (1.27.1): Extracting archive
  - Installing psr/http-factory (1.1.0): Extracting archive
  - Installing middlewares/utils (v3.3.0): Extracting archive
  - Installing middlewares/request-handler (v2.1.0): Extracting archive
  - Installing middlewares/base-path-router (v2.1.0): Extracting archive
  - Installing middlewares/base-path (v2.2.0): Extracting archive
  - Installing matthiasmullie/path-converter (1.1.3): Extracting archive
  - Installing matthiasmullie/minify (1.3.75): Extracting archive
  - Installing league/mime-type-detection (1.16.0): Extracting archive
  - Installing league/flysystem (1.1.10): Extracting archive
  - Installing laminas/laminas-escaper (2.18.0): Extracting archive
  - Installing fig/http-message-util (1.1.5): Extracting archive
  - Installing laminas/laminas-stratigility (4.3.0): Extracting archive
  - Installing ralouphie/getallheaders (3.0.3): Extracting archive
  - Installing guzzlehttp/psr7 (2.8.0): Extracting archive
  - Installing laminas/laminas-diactoros (3.8.0): Extracting archive
  - Installing laminas/laminas-httphandlerrunner (2.13.0): Extracting archive
  - Installing mobiledetect/mobiledetectlib (2.8.45): Extracting archive
  - Installing jaybizzle/crawler-detect (v1.3.7): Extracting archive
  - Installing jenssegers/agent (v2.6.4): Extracting archive
  - Installing intervention/image (2.7.2): Extracting archive
  - Installing illuminate/filesystem (v8.83.27): Extracting archive
  - Installing illuminate/pipeline (v8.83.27): Extracting archive
  - Installing illuminate/bus (v8.83.27): Extracting archive
  - Installing illuminate/events (v8.83.27): Extracting archive
  - Installing illuminate/view (v8.83.27): Extracting archive
  - Installing symfony/http-foundation (v5.4.50): Extracting archive
  - Installing illuminate/translation (v8.83.27): Extracting archive
  - Installing egulias/email-validator (2.1.25): Extracting archive
  - Installing illuminate/validation (v8.83.27): Extracting archive
  - Installing illuminate/session (v8.83.27): Extracting archive
  - Installing symfony/process (v5.4.51): Extracting archive
  - Installing ramsey/collection (2.1.1): Extracting archive
  - Installing brick/math (0.14.7): Extracting archive
  - Installing ramsey/uuid (4.9.2): Extracting archive
  - Installing opis/closure (3.7.0): Extracting archive
  - Installing laravel/serializable-closure (v1.3.7): Extracting archive
  - Installing illuminate/console (v8.83.27): Extracting archive
  - Installing illuminate/queue (v8.83.27): Extracting archive
  - Installing symfony/css-selector (v7.4.0): Extracting archive
  - Installing tijsverkoyen/css-to-inline-styles (v2.4.0): Extracting archive
  - Installing swiftmailer/swiftmailer (v6.3.0): Extracting archive
  - Installing nette/utils (v4.1.2): Extracting archive
  - Installing nette/schema (v1.3.4): Extracting archive
  - Installing dflydev/dot-access-data (v3.0.3): Extracting archive
  - Installing league/config (v1.2.0): Extracting archive
  - Installing league/commonmark (2.8.0): Extracting archive
  - Installing illuminate/mail (v8.83.27): Extracting archive
  - Installing illuminate/hashing (v8.83.27): Extracting archive
  - Installing illuminate/config (v8.83.27): Extracting archive
  - Installing illuminate/cache (v8.83.27): Extracting archive
  - Installing psr/http-client (1.0.3): Extracting archive
  - Installing guzzlehttp/promises (2.3.0): Extracting archive
  - Installing guzzlehttp/guzzle (7.10.0): Extracting archive
  - Installing filp/whoops (2.18.4): Extracting archive
  - Installing franzl/whoops-middleware (2.0.0): Extracting archive
  - Installing flarum/core (v1.8.12): Extracting archive
  - Installing flarum/flags (v1.8.2): Extracting archive
  - Installing flarum/approval (v1.8.2): Extracting archive
  - Installing flarum/akismet (v1.8.1): Extracting archive
  - Installing flarum/bbcode (v1.8.0): Extracting archive
  - Installing flarum/emoji (v1.8.1): Extracting archive
  - Installing symfony/polyfill-php84 (v1.33.0): Extracting archive
  - Installing seld/signal-handler (2.0.2): Extracting archive
  - Installing seld/phar-utils (1.2.1): Extracting archive
  - Installing seld/jsonlint (1.11.0): Extracting archive
  - Installing react/promise (v3.3.0): Extracting archive
  - Installing marc-mabe/php-enum (v4.7.2): Extracting archive
  - Installing justinrainbow/json-schema (6.6.4): Extracting archive
  - Installing composer/composer (2.9.5): Extracting archive
  - Installing flarum/extension-manager (v1.0.7): Extracting archive
  - Installing flarum/lang-english (v1.8.0): Extracting archive
  - Installing flarum/likes (v1.8.1): Extracting archive
  - Installing flarum/lock (v1.8.2): Extracting archive
  - Installing flarum/markdown (v1.8.1): Extracting archive
  - Installing flarum/mentions (v1.8.5): Extracting archive
  - Installing flarum/nicknames (v1.8.2): Extracting archive
  - Installing pusher/pusher-php-server (2.6.4): Extracting archive
  - Installing flarum/pusher (v1.8.1): Extracting archive
  - Installing flarum/statistics (v1.8.1): Extracting archive
  - Installing flarum/sticky (v1.8.2): Extracting archive
  - Installing flarum/subscriptions (v1.8.1): Extracting archive
  - Installing flarum/suspend (v1.8.5): Extracting archive
  - Installing flarum/tags (v1.8.6): Extracting archive
  - Installing softcreatr/php-mime-detector (4.0.0): Extracting archive
  - Installing enshrined/svg-sanitize (0.22.0): Extracting archive
  - Installing fof/upload (1.8.8): Extracting archive
  - Installing symfony/var-dumper (v6.4.32): Extracting archive
  - Installing symfony/error-handler (v6.3.12): Extracting archive
  - Installing symfony/http-kernel (v5.4.51): Extracting archive
  - Installing illuminate/http (v8.83.27): Extracting archive
  - Installing nearata/flarum-ext-minecraft-avatars (v2.1.1): Extracting archive
   0/159 [>---------------------------]   0%
  27/159 [====>-----------------------]  16%
  48/159 [========>-------------------]  30%
  64/159 [===========>----------------]  40%
  89/159 [===============>------------]  55%
  99/159 [=================>----------]  62%
 113/159 [===================>--------]  71%
 128/159 [======================>-----]  80%
 145/159 [=========================>--]  91%
 159/159 [============================] 100%
2 package suggestions were added by new dependencies, use `composer suggest` to see details.
<warning>Package doctrine/cache is abandoned, you should avoid using it. No replacement was suggested.</warning>
<warning>Package swiftmailer/swiftmailer is abandoned, you should avoid using it. Use symfony/mailer instead.</warning>
Generating autoload files
91 packages you are using are looking for funding.
Use the `composer fund` command to find out more!
No security vulnerability advisories found.
  
[2026-02-08 17:28:05] composer.INFO: require 'fof/frontpage:*' -W
/var/www/flarum/composer.json has been updated
Running composer update fof/frontpage --with-all-dependencies
Loading composer repositories with package information
Updating dependencies
Lock file operations: 1 install, 0 updates, 0 removals
  - Locking fof/frontpage (1.2.0)
Writing lock file
Installing dependencies from lock file (including require-dev)
Package operations: 160 installs, 0 updates, 0 removals
  - Downloading fof/frontpage (1.2.0)
 0/1 [>---------------------------]   0%
 1/1 [============================] 100%
  - Installing axy/backtrace (2.0.0): Extracting archive
  - Installing components/font-awesome (5.15.4): Extracting archive
  - Installing composer/ca-bundle (1.5.10): Extracting archive
  - Installing symfony/polyfill-php80 (v1.33.0): Extracting archive
  - Installing symfony/deprecation-contracts (v3.6.0): Extracting archive
  - Installing symfony/finder (v5.4.45): Extracting archive
  - Installing composer/pcre (3.3.2): Extracting archive
  - Installing composer/class-map-generator (1.7.1): Extracting archive
  - Installing composer/metadata-minifier (1.0.0): Extracting archive
  - Installing composer/semver (3.4.4): Extracting archive
  - Installing composer/spdx-licenses (1.5.9): Extracting archive
  - Installing psr/log (1.1.4): Extracting archive
  - Installing composer/xdebug-handler (3.0.5): Extracting archive
  - Installing psr/http-message (1.1): Extracting archive
  - Installing dflydev/fig-cookies (v3.2.0): Extracting archive
  - Installing doctrine/deprecations (1.1.6): Extracting archive
  - Installing doctrine/event-manager (1.2.0): Extracting archive
  - Installing doctrine/cache (2.2.0): Extracting archive
  - Installing doctrine/dbal (2.13.9): Extracting archive
  - Installing doctrine/inflector (2.1.0): Extracting archive
  - Installing doctrine/lexer (1.2.3): Extracting archive
  - Installing dragonmantank/cron-expression (v3.6.0): Extracting archive
  - Installing wikimedia/less.php (v3.2.1): Extracting archive
  - Installing symfony/polyfill-ctype (v1.33.0): Extracting archive
  - Installing symfony/yaml (v5.4.45): Extracting archive
  - Installing symfony/translation-contracts (v2.5.4): Extracting archive
  - Installing symfony/polyfill-iconv (v1.33.0): Extracting archive
  - Installing symfony/polyfill-mbstring (v1.33.0): Extracting archive
  - Installing symfony/translation (v5.4.45): Extracting archive
  - Installing symfony/polyfill-intl-messageformatter (v1.33.0): Extracting archive
  - Installing symfony/polyfill-intl-normalizer (v1.33.0): Extracting archive
  - Installing symfony/polyfill-intl-idn (v1.33.0): Extracting archive
  - Installing symfony/mime (v5.4.45): Extracting archive
  - Installing psr/event-dispatcher (1.0.0): Extracting archive
  - Installing symfony/event-dispatcher-contracts (v3.6.0): Extracting archive
  - Installing symfony/event-dispatcher (v5.4.45): Extracting archive
  - Installing symfony/polyfill-intl-grapheme (v1.33.0): Extracting archive
  - Installing symfony/string (v6.4.30): Extracting archive
  - Installing psr/container (1.1.2): Extracting archive
  - Installing symfony/service-contracts (v3.6.1): Extracting archive
  - Installing symfony/polyfill-php73 (v1.33.0): Extracting archive
  - Installing symfony/console (v5.4.47): Extracting archive
  - Installing symfony/polyfill-php81 (v1.33.0): Extracting archive
  - Installing symfony/filesystem (v6.4.30): Extracting archive
  - Installing symfony/config (v5.4.46): Extracting archive
  - Installing sycho/errors (3.0.0): Extracting archive
  - Installing sycho/codecs-base64vlq (2.0.0): Extracting archive
  - Installing sycho/sourcemap (2.0.0): Extracting archive
  - Installing sycho/json-api (v0.5.2): Extracting archive
  - Installing voku/portable-ascii (1.6.1): Extracting archive
  - Installing psr/clock (1.0.0): Extracting archive
  - Installing carbonphp/carbon-doctrine-types (1.0.0): Extracting archive
  - Installing nesbot/carbon (2.73.0): Extracting archive
  - Installing illuminate/macroable (v8.83.27): Extracting archive
  - Installing psr/simple-cache (1.0.1): Extracting archive
  - Installing illuminate/contracts (v8.83.27): Extracting archive
  - Installing illuminate/collections (v8.83.27): Extracting archive
  - Installing illuminate/support (v8.83.27): Extracting archive
  - Installing illuminate/container (v8.83.27): Extracting archive
  - Installing illuminate/database (v8.83.27): Extracting archive
  - Installing staudenmeir/eloquent-eager-limit (v1.6.1): Extracting archive
  - Installing s9e/sweetdom (2.1.2): Extracting archive
  - Installing s9e/regexp-builder (1.4.6): Extracting archive
  - Installing s9e/text-formatter (2.14.3): Extracting archive
  - Installing psr/http-server-handler (1.0.2): Extracting archive
  - Installing psr/http-server-middleware (1.0.2): Extracting archive
  - Installing nikic/fast-route (v0.6.0): Extracting archive
  - Installing monolog/monolog (1.27.1): Extracting archive
  - Installing psr/http-factory (1.1.0): Extracting archive
  - Installing middlewares/utils (v3.3.0): Extracting archive
  - Installing middlewares/request-handler (v2.1.0): Extracting archive
  - Installing middlewares/base-path-router (v2.1.0): Extracting archive
  - Installing middlewares/base-path (v2.2.0): Extracting archive
  - Installing matthiasmullie/path-converter (1.1.3): Extracting archive
  - Installing matthiasmullie/minify (1.3.75): Extracting archive
  - Installing league/mime-type-detection (1.16.0): Extracting archive
  - Installing league/flysystem (1.1.10): Extracting archive
  - Installing laminas/laminas-escaper (2.18.0): Extracting archive
  - Installing fig/http-message-util (1.1.5): Extracting archive
  - Installing laminas/laminas-stratigility (4.3.0): Extracting archive
  - Installing ralouphie/getallheaders (3.0.3): Extracting archive
  - Installing guzzlehttp/psr7 (2.8.0): Extracting archive
  - Installing laminas/laminas-diactoros (3.8.0): Extracting archive
  - Installing laminas/laminas-httphandlerrunner (2.13.0): Extracting archive
  - Installing mobiledetect/mobiledetectlib (2.8.45): Extracting archive
  - Installing jaybizzle/crawler-detect (v1.3.7): Extracting archive
  - Installing jenssegers/agent (v2.6.4): Extracting archive
  - Installing intervention/image (2.7.2): Extracting archive
  - Installing illuminate/filesystem (v8.83.27): Extracting archive
  - Installing illuminate/pipeline (v8.83.27): Extracting archive
  - Installing illuminate/bus (v8.83.27): Extracting archive
  - Installing illuminate/events (v8.83.27): Extracting archive
  - Installing illuminate/view (v8.83.27): Extracting archive
  - Installing symfony/http-foundation (v5.4.50): Extracting archive
  - Installing illuminate/translation (v8.83.27): Extracting archive
  - Installing egulias/email-validator (2.1.25): Extracting archive
  - Installing illuminate/validation (v8.83.27): Extracting archive
  - Installing illuminate/session (v8.83.27): Extracting archive
  - Installing symfony/process (v5.4.51): Extracting archive
  - Installing ramsey/collection (2.1.1): Extracting archive
  - Installing brick/math (0.14.7): Extracting archive
  - Installing ramsey/uuid (4.9.2): Extracting archive
  - Installing opis/closure (3.7.0): Extracting archive
  - Installing laravel/serializable-closure (v1.3.7): Extracting archive
  - Installing illuminate/console (v8.83.27): Extracting archive
  - Installing illuminate/queue (v8.83.27): Extracting archive
  - Installing symfony/css-selector (v7.4.0): Extracting archive
  - Installing tijsverkoyen/css-to-inline-styles (v2.4.0): Extracting archive
  - Installing swiftmailer/swiftmailer (v6.3.0): Extracting archive
  - Installing nette/utils (v4.1.2): Extracting archive
  - Installing nette/schema (v1.3.4): Extracting archive
  - Installing dflydev/dot-access-data (v3.0.3): Extracting archive
  - Installing league/config (v1.2.0): Extracting archive
  - Installing league/commonmark (2.8.0): Extracting archive
  - Installing illuminate/mail (v8.83.27): Extracting archive
  - Installing illuminate/hashing (v8.83.27): Extracting archive
  - Installing illuminate/config (v8.83.27): Extracting archive
  - Installing illuminate/cache (v8.83.27): Extracting archive
  - Installing psr/http-client (1.0.3): Extracting archive
  - Installing guzzlehttp/promises (2.3.0): Extracting archive
  - Installing guzzlehttp/guzzle (7.10.0): Extracting archive
  - Installing filp/whoops (2.18.4): Extracting archive
  - Installing franzl/whoops-middleware (2.0.0): Extracting archive
  - Installing flarum/core (v1.8.12): Extracting archive
  - Installing flarum/flags (v1.8.2): Extracting archive
  - Installing flarum/approval (v1.8.2): Extracting archive
  - Installing flarum/akismet (v1.8.1): Extracting archive
  - Installing flarum/bbcode (v1.8.0): Extracting archive
  - Installing flarum/emoji (v1.8.1): Extracting archive
  - Installing symfony/polyfill-php84 (v1.33.0): Extracting archive
  - Installing seld/signal-handler (2.0.2): Extracting archive
  - Installing seld/phar-utils (1.2.1): Extracting archive
  - Installing seld/jsonlint (1.11.0): Extracting archive
  - Installing react/promise (v3.3.0): Extracting archive
  - Installing marc-mabe/php-enum (v4.7.2): Extracting archive
  - Installing justinrainbow/json-schema (6.6.4): Extracting archive
  - Installing composer/composer (2.9.5): Extracting archive
  - Installing flarum/extension-manager (v1.0.7): Extracting archive
  - Installing flarum/lang-english (v1.8.0): Extracting archive
  - Installing flarum/likes (v1.8.1): Extracting archive
  - Installing flarum/lock (v1.8.2): Extracting archive
  - Installing flarum/markdown (v1.8.1): Extracting archive
  - Installing flarum/mentions (v1.8.5): Extracting archive
  - Installing flarum/nicknames (v1.8.2): Extracting archive
  - Installing pusher/pusher-php-server (2.6.4): Extracting archive
  - Installing flarum/pusher (v1.8.1): Extracting archive
  - Installing flarum/statistics (v1.8.1): Extracting archive
  - Installing flarum/sticky (v1.8.2): Extracting archive
  - Installing flarum/subscriptions (v1.8.1): Extracting archive
  - Installing flarum/suspend (v1.8.5): Extracting archive
  - Installing flarum/tags (v1.8.6): Extracting archive
  - Installing fof/frontpage (1.2.0): Extracting archive
  - Installing softcreatr/php-mime-detector (4.0.0): Extracting archive
  - Installing enshrined/svg-sanitize (0.22.0): Extracting archive
  - Installing fof/upload (1.8.8): Extracting archive
  - Installing symfony/var-dumper (v6.4.32): Extracting archive
  - Installing symfony/error-handler (v6.3.12): Extracting archive
  - Installing symfony/http-kernel (v5.4.51): Extracting archive
  - Installing illuminate/http (v8.83.27): Extracting archive
  - Installing nearata/flarum-ext-minecraft-avatars (v2.1.1): Extracting archive
   0/160 [>---------------------------]   0%
  29/160 [=====>----------------------]  18%
  51/160 [========>-------------------]  31%
  65/160 [===========>----------------]  40%
  82/160 [==============>-------------]  51%
 105/160 [==================>---------]  65%
 115/160 [====================>-------]  71%
 132/160 [=======================>----]  82%
 149/160 [==========================>-]  93%
 160/160 [============================] 100%
<warning>Package doctrine/cache is abandoned, you should avoid using it. No replacement was suggested.</warning>
<warning>Package swiftmailer/swiftmailer is abandoned, you should avoid using it. Use symfony/mailer instead.</warning>
Generating autoload files
92 packages you are using are looking for funding.
Use the `composer fund` command to find out more!
No security vulnerability advisories found.
  
[2026-02-08 17:28:46] composer.INFO: require 'fof/best-answer:*' -W
/var/www/flarum/composer.json has been updated
Running composer update fof/best-answer --with-all-dependencies
Loading composer repositories with package information
Updating dependencies
Lock file operations: 1 install, 0 updates, 0 removals
  - Locking fof/best-answer (1.6.5)
Writing lock file
Installing dependencies from lock file (including require-dev)
Package operations: 161 installs, 0 updates, 0 removals
  - Downloading fof/best-answer (1.6.5)
 0/1 [>---------------------------]   0%
 1/1 [============================] 100%
  - Installing axy/backtrace (2.0.0): Extracting archive
  - Installing components/font-awesome (5.15.4): Extracting archive
  - Installing composer/ca-bundle (1.5.10): Extracting archive
  - Installing symfony/polyfill-php80 (v1.33.0): Extracting archive
  - Installing symfony/deprecation-contracts (v3.6.0): Extracting archive
  - Installing symfony/finder (v5.4.45): Extracting archive
  - Installing composer/pcre (3.3.2): Extracting archive
  - Installing composer/class-map-generator (1.7.1): Extracting archive
  - Installing composer/metadata-minifier (1.0.0): Extracting archive
  - Installing composer/semver (3.4.4): Extracting archive
  - Installing composer/spdx-licenses (1.5.9): Extracting archive
  - Installing psr/log (1.1.4): Extracting archive
  - Installing composer/xdebug-handler (3.0.5): Extracting archive
  - Installing psr/http-message (1.1): Extracting archive
  - Installing dflydev/fig-cookies (v3.2.0): Extracting archive
  - Installing doctrine/deprecations (1.1.6): Extracting archive
  - Installing doctrine/event-manager (1.2.0): Extracting archive
  - Installing doctrine/cache (2.2.0): Extracting archive
  - Installing doctrine/dbal (2.13.9): Extracting archive
  - Installing doctrine/inflector (2.1.0): Extracting archive
  - Installing doctrine/lexer (1.2.3): Extracting archive
  - Installing dragonmantank/cron-expression (v3.6.0): Extracting archive
  - Installing wikimedia/less.php (v3.2.1): Extracting archive
  - Installing symfony/polyfill-ctype (v1.33.0): Extracting archive
  - Installing symfony/yaml (v5.4.45): Extracting archive
  - Installing symfony/translation-contracts (v2.5.4): Extracting archive
  - Installing symfony/polyfill-iconv (v1.33.0): Extracting archive
  - Installing symfony/polyfill-mbstring (v1.33.0): Extracting archive
  - Installing symfony/translation (v5.4.45): Extracting archive
  - Installing symfony/polyfill-intl-messageformatter (v1.33.0): Extracting archive
  - Installing symfony/polyfill-intl-normalizer (v1.33.0): Extracting archive
  - Installing symfony/polyfill-intl-idn (v1.33.0): Extracting archive
  - Installing symfony/mime (v5.4.45): Extracting archive
  - Installing psr/event-dispatcher (1.0.0): Extracting archive
  - Installing symfony/event-dispatcher-contracts (v3.6.0): Extracting archive
  - Installing symfony/event-dispatcher (v5.4.45): Extracting archive
  - Installing symfony/polyfill-intl-grapheme (v1.33.0): Extracting archive
  - Installing symfony/string (v6.4.30): Extracting archive
  - Installing psr/container (1.1.2): Extracting archive
  - Installing symfony/service-contracts (v3.6.1): Extracting archive
  - Installing symfony/polyfill-php73 (v1.33.0): Extracting archive
  - Installing symfony/console (v5.4.47): Extracting archive
  - Installing symfony/polyfill-php81 (v1.33.0): Extracting archive
  - Installing symfony/filesystem (v6.4.30): Extracting archive
  - Installing symfony/config (v5.4.46): Extracting archive
  - Installing sycho/errors (3.0.0): Extracting archive
  - Installing sycho/codecs-base64vlq (2.0.0): Extracting archive
  - Installing sycho/sourcemap (2.0.0): Extracting archive
  - Installing sycho/json-api (v0.5.2): Extracting archive
  - Installing voku/portable-ascii (1.6.1): Extracting archive
  - Installing psr/clock (1.0.0): Extracting archive
  - Installing carbonphp/carbon-doctrine-types (1.0.0): Extracting archive
  - Installing nesbot/carbon (2.73.0): Extracting archive
  - Installing illuminate/macroable (v8.83.27): Extracting archive
  - Installing psr/simple-cache (1.0.1): Extracting archive
  - Installing illuminate/contracts (v8.83.27): Extracting archive
  - Installing illuminate/collections (v8.83.27): Extracting archive
  - Installing illuminate/support (v8.83.27): Extracting archive
  - Installing illuminate/container (v8.83.27): Extracting archive
  - Installing illuminate/database (v8.83.27): Extracting archive
  - Installing staudenmeir/eloquent-eager-limit (v1.6.1): Extracting archive
  - Installing s9e/sweetdom (2.1.2): Extracting archive
  - Installing s9e/regexp-builder (1.4.6): Extracting archive
  - Installing s9e/text-formatter (2.14.3): Extracting archive
  - Installing psr/http-server-handler (1.0.2): Extracting archive
  - Installing psr/http-server-middleware (1.0.2): Extracting archive
  - Installing nikic/fast-route (v0.6.0): Extracting archive
  - Installing monolog/monolog (1.27.1): Extracting archive
  - Installing psr/http-factory (1.1.0): Extracting archive
  - Installing middlewares/utils (v3.3.0): Extracting archive
  - Installing middlewares/request-handler (v2.1.0): Extracting archive
  - Installing middlewares/base-path-router (v2.1.0): Extracting archive
  - Installing middlewares/base-path (v2.2.0): Extracting archive
  - Installing matthiasmullie/path-converter (1.1.3): Extracting archive
  - Installing matthiasmullie/minify (1.3.75): Extracting archive
  - Installing league/mime-type-detection (1.16.0): Extracting archive
  - Installing league/flysystem (1.1.10): Extracting archive
  - Installing laminas/laminas-escaper (2.18.0): Extracting archive
  - Installing fig/http-message-util (1.1.5): Extracting archive
  - Installing laminas/laminas-stratigility (4.3.0): Extracting archive
  - Installing ralouphie/getallheaders (3.0.3): Extracting archive
  - Installing guzzlehttp/psr7 (2.8.0): Extracting archive
  - Installing laminas/laminas-diactoros (3.8.0): Extracting archive
  - Installing laminas/laminas-httphandlerrunner (2.13.0): Extracting archive
  - Installing mobiledetect/mobiledetectlib (2.8.45): Extracting archive
  - Installing jaybizzle/crawler-detect (v1.3.7): Extracting archive
  - Installing jenssegers/agent (v2.6.4): Extracting archive
  - Installing intervention/image (2.7.2): Extracting archive
  - Installing illuminate/filesystem (v8.83.27): Extracting archive
  - Installing illuminate/pipeline (v8.83.27): Extracting archive
  - Installing illuminate/bus (v8.83.27): Extracting archive
  - Installing illuminate/events (v8.83.27): Extracting archive
  - Installing illuminate/view (v8.83.27): Extracting archive
  - Installing symfony/http-foundation (v5.4.50): Extracting archive
  - Installing illuminate/translation (v8.83.27): Extracting archive
  - Installing egulias/email-validator (2.1.25): Extracting archive
  - Installing illuminate/validation (v8.83.27): Extracting archive
  - Installing illuminate/session (v8.83.27): Extracting archive
  - Installing symfony/process (v5.4.51): Extracting archive
  - Installing ramsey/collection (2.1.1): Extracting archive
  - Installing brick/math (0.14.7): Extracting archive
  - Installing ramsey/uuid (4.9.2): Extracting archive
  - Installing opis/closure (3.7.0): Extracting archive
  - Installing laravel/serializable-closure (v1.3.7): Extracting archive
  - Installing illuminate/console (v8.83.27): Extracting archive
  - Installing illuminate/queue (v8.83.27): Extracting archive
  - Installing symfony/css-selector (v7.4.0): Extracting archive
  - Installing tijsverkoyen/css-to-inline-styles (v2.4.0): Extracting archive
  - Installing swiftmailer/swiftmailer (v6.3.0): Extracting archive
  - Installing nette/utils (v4.1.2): Extracting archive
  - Installing nette/schema (v1.3.4): Extracting archive
  - Installing dflydev/dot-access-data (v3.0.3): Extracting archive
  - Installing league/config (v1.2.0): Extracting archive
  - Installing league/commonmark (2.8.0): Extracting archive
  - Installing illuminate/mail (v8.83.27): Extracting archive
  - Installing illuminate/hashing (v8.83.27): Extracting archive
  - Installing illuminate/config (v8.83.27): Extracting archive
  - Installing illuminate/cache (v8.83.27): Extracting archive
  - Installing psr/http-client (1.0.3): Extracting archive
  - Installing guzzlehttp/promises (2.3.0): Extracting archive
  - Installing guzzlehttp/guzzle (7.10.0): Extracting archive
  - Installing filp/whoops (2.18.4): Extracting archive
  - Installing franzl/whoops-middleware (2.0.0): Extracting archive
  - Installing flarum/core (v1.8.12): Extracting archive
  - Installing flarum/flags (v1.8.2): Extracting archive
  - Installing flarum/approval (v1.8.2): Extracting archive
  - Installing flarum/akismet (v1.8.1): Extracting archive
  - Installing flarum/bbcode (v1.8.0): Extracting archive
  - Installing flarum/emoji (v1.8.1): Extracting archive
  - Installing symfony/polyfill-php84 (v1.33.0): Extracting archive
  - Installing seld/signal-handler (2.0.2): Extracting archive
  - Installing seld/phar-utils (1.2.1): Extracting archive
  - Installing seld/jsonlint (1.11.0): Extracting archive
  - Installing react/promise (v3.3.0): Extracting archive
  - Installing marc-mabe/php-enum (v4.7.2): Extracting archive
  - Installing justinrainbow/json-schema (6.6.4): Extracting archive
  - Installing composer/composer (2.9.5): Extracting archive
  - Installing flarum/extension-manager (v1.0.7): Extracting archive
  - Installing flarum/lang-english (v1.8.0): Extracting archive
  - Installing flarum/likes (v1.8.1): Extracting archive
  - Installing flarum/lock (v1.8.2): Extracting archive
  - Installing flarum/markdown (v1.8.1): Extracting archive
  - Installing flarum/mentions (v1.8.5): Extracting archive
  - Installing flarum/nicknames (v1.8.2): Extracting archive
  - Installing pusher/pusher-php-server (2.6.4): Extracting archive
  - Installing flarum/pusher (v1.8.1): Extracting archive
  - Installing flarum/statistics (v1.8.1): Extracting archive
  - Installing flarum/sticky (v1.8.2): Extracting archive
  - Installing flarum/subscriptions (v1.8.1): Extracting archive
  - Installing flarum/suspend (v1.8.5): Extracting archive
  - Installing flarum/tags (v1.8.6): Extracting archive
  - Installing fof/best-answer (1.6.5): Extracting archive
  - Installing fof/frontpage (1.2.0): Extracting archive
  - Installing softcreatr/php-mime-detector (4.0.0): Extracting archive
  - Installing enshrined/svg-sanitize (0.22.0): Extracting archive
  - Installing fof/upload (1.8.8): Extracting archive
  - Installing symfony/var-dumper (v6.4.32): Extracting archive
  - Installing symfony/error-handler (v6.3.12): Extracting archive
  - Installing symfony/http-kernel (v5.4.51): Extracting archive
  - Installing illuminate/http (v8.83.27): Extracting archive
  - Installing nearata/flarum-ext-minecraft-avatars (v2.1.1): Extracting archive
   0/161 [>---------------------------]   0%
  27/161 [====>-----------------------]  16%
  47/161 [========>-------------------]  29%
  61/161 [==========>-----------------]  37%
  77/161 [=============>--------------]  47%
  91/161 [===============>------------]  56%
 104/161 [==================>---------]  64%
 113/161 [===================>--------]  70%
 130/161 [======================>-----]  80%
 150/161 [==========================>-]  93%
 161/161 [============================] 100%
<warning>Package doctrine/cache is abandoned, you should avoid using it. No replacement was suggested.</warning>
<warning>Package swiftmailer/swiftmailer is abandoned, you should avoid using it. Use symfony/mailer instead.</warning>
Generating autoload files
93 packages you are using are looking for funding.
Use the `composer fund` command to find out more!
No security vulnerability advisories found.
  
